Updating process to run DeepBoostedJet on datasets before 103X
Updating process to run ParticleNet before it's included in MiniAOD
Updating process to run DeepDoubleX on datasets before 104X
Updating process to run DeepDoubleXv2 on datasets before 11X
Will recalculate the following discriminators on AK8 jets: pfDeepBoostedJetTags:probTbcq, pfDeepBoostedJetTags:probTbqq, pfDeepBoostedJetTags:probTbc, pfDeepBoostedJetTags:probTbq, pfDeepBoostedJetTags:probWcq, pfDeepBoostedJetTags:probWqq, pfDeepBoostedJetTags:probZbb, pfDeepBoostedJetTags:probZcc, pfDeepBoostedJetTags:probZqq, pfDeepBoostedJetTags:probHbb, pfDeepBoostedJetTags:probHcc, pfDeepBoostedJetTags:probHqqqq, pfDeepBoostedJetTags:probQCDbb, pfDeepBoostedJetTags:probQCDcc, pfDeepBoostedJetTags:probQCDb, pfDeepBoostedJetTags:probQCDc, pfDeepBoostedJetTags:probQCDothers, pfDeepBoostedDiscriminatorsJetTags:TvsQCD, pfDeepBoostedDiscriminatorsJetTags:WvsQCD, pfDeepBoostedDiscriminatorsJetTags:ZvsQCD, pfDeepBoostedDiscriminatorsJetTags:ZbbvsQCD, pfDeepBoostedDiscriminatorsJetTags:HbbvsQCD, pfDeepBoostedDiscriminatorsJetTags:H4qvsQCD, pfMassDecorrelatedDeepBoostedJetTags:probTbcq, pfMassDecorrelatedDeepBoostedJetTags:probTbqq, pfMassDecorrelatedDeepBoostedJetTags:probTbc, pfMassDecorrelatedDeepBoostedJetTags:probTbq, pfMassDecorrelatedDeepBoostedJetTags:probWcq, pfMassDecorrelatedDeepBoostedJetTags:probWqq, pfMassDecorrelatedDeepBoostedJetTags:probZbb, pfMassDecorrelatedDeepBoostedJetTags:probZcc, pfMassDecorrelatedDeepBoostedJetTags:probZqq, pfMassDecorrelatedDeepBoostedJetTags:probHbb, pfMassDecorrelatedDeepBoostedJetTags:probHcc, pfMassDecorrelatedDeepBoostedJetTags:probHqqqq, pfMassDecorrelatedDeepBoostedJetTags:probQCDbb, pfMassDecorrelatedDeepBoostedJetTags:probQCDcc, pfMassDecorrelatedDeepBoostedJetTags:probQCDb, pfMassDecorrelatedDeepBoostedJetTags:probQCDc, pfMassDecorrelatedDeepBoostedJetTags:probQCDothers, pfMassDecorrelatedDeepBoostedDiscriminatorsJetTags:TvsQCD, pfMassDecorrelatedDeepBoostedDiscriminatorsJetTags:WvsQCD, pfMassDecorrelatedDeepBoostedDiscriminatorsJetTags:ZvsQCD, pfMassDecorrelatedDeepBoostedDiscriminatorsJetTags:ZHbbvsQCD, pfMassDecorrelatedDeepBoostedDiscriminatorsJetTags:ZbbvsQCD, pfMassDecorrelatedDeepBoostedDiscriminatorsJetTags:HbbvsQCD, pfMassDecorrelatedDeepBoostedDiscriminatorsJetTags:H4qvsQCD, pfMassDecorrelatedDeepBoostedDiscriminatorsJetTags:ZHccvsQCD, pfMassDecorrelatedDeepBoostedDiscriminatorsJetTags:bbvsLight, pfMassDecorrelatedDeepBoostedDiscriminatorsJetTags:ccvsLight, pfParticleNetJetTags:probTbcq, pfParticleNetJetTags:probTbqq, pfParticleNetJetTags:probTbc, pfParticleNetJetTags:probTbq, pfParticleNetJetTags:probTbel, pfParticleNetJetTags:probTbmu, pfParticleNetJetTags:probTbta, pfParticleNetJetTags:probWcq, pfParticleNetJetTags:probWqq, pfParticleNetJetTags:probZbb, pfParticleNetJetTags:probZcc, pfParticleNetJetTags:probZqq, pfParticleNetJetTags:probHbb, pfParticleNetJetTags:probHcc, pfParticleNetJetTags:probHqqqq, pfParticleNetJetTags:probQCDbb, pfParticleNetJetTags:probQCDcc, pfParticleNetJetTags:probQCDb, pfParticleNetJetTags:probQCDc, pfParticleNetJetTags:probQCDothers, pfParticleNetDiscriminatorsJetTags:TvsQCD, pfParticleNetDiscriminatorsJetTags:WvsQCD, pfParticleNetDiscriminatorsJetTags:ZvsQCD, pfParticleNetDiscriminatorsJetTags:ZbbvsQCD, pfParticleNetDiscriminatorsJetTags:HbbvsQCD, pfParticleNetDiscriminatorsJetTags:HccvsQCD, pfParticleNetDiscriminatorsJetTags:H4qvsQCD, pfMassDecorrelatedParticleNetJetTags:probXbb, pfMassDecorrelatedParticleNetJetTags:probXcc, pfMassDecorrelatedParticleNetJetTags:probXqq, pfMassDecorrelatedParticleNetJetTags:probQCDbb, pfMassDecorrelatedParticleNetJetTags:probQCDcc, pfMassDecorrelatedParticleNetJetTags:probQCDb, pfMassDecorrelatedParticleNetJetTags:probQCDc, pfMassDecorrelatedParticleNetJetTags:probQCDothers, pfMassDecorrelatedParticleNetDiscriminatorsJetTags:XbbvsQCD, pfMassDecorrelatedParticleNetDiscriminatorsJetTags:XccvsQCD, pfMassDecorrelatedParticleNetDiscriminatorsJetTags:XqqvsQCD, pfParticleNetMassRegressionJetTags:mass, pfDeepDoubleBvLJetTags:probHbb, pfDeepDoubleCvLJetTags:probHcc, pfDeepDoubleCvBJetTags:probHcc, pfMassIndependentDeepDoubleBvLJetTags:probHbb, pfMassIndependentDeepDoubleCvLJetTags:probHcc, pfMassIndependentDeepDoubleCvBJetTags:probHcc, pfMassIndependentDeepDoubleBvLV2JetTags:probHbb, pfMassIndependentDeepDoubleCvLV2JetTags:probHcc, pfMassIndependentDeepDoubleCvBV2JetTags:probHcc
add DeepMET Producers
DEBUG 2024-01-15 13:09:38.050 UTC: 	 CRAB Client version: v3.231010
DEBUG 2024-01-15 13:09:38.050 UTC: 	 Running on: Linux lxplus717.cern.ch 3.10.0-1160.102.1.el7.x86_64 #1 SMP Tue Oct 17 15:42:21 UTC 2023 x86_64 x86_64 x86_64 GNU/Linux - CentOS Linux 7 (Core)
DEBUG 2024-01-15 13:09:38.050 UTC: 	 Executing command: 'submit'
DEBUG 2024-01-15 13:09:38.050 UTC: 	 Found CRAB cache file /afs/cern.ch/user/c/castells/.crab3
INFO 2024-01-15 13:09:38.050 UTC: 	 Will use CRAB configuration file HAHMHToAA_AToGG_MA_55GeV_TuneCP5_PSweights_13TeV_madgraph_pythia8_2018_submit.py
DEBUG 2024-01-15 13:09:38.050 UTC: 	 Loading CRAB configuration file.
DEBUG 2024-01-15 13:09:38.207 UTC: 	 Will use CRAB Analysis plugin (i.e. will run an analysis job type).
DEBUG 2024-01-15 13:09:38.312 UTC: 	 Checking credentials
DEBUG 2024-01-15 13:09:38.313 UTC: 	 Found proxy file /tmp/x509up_u125472
DEBUG 2024-01-15 13:09:38.313 UTC: 	 Making sure it has proper VOMS extension
DEBUG 2024-01-15 13:09:38.313 UTC: 	 Executing command :
 voms-proxy-info --vo --file /tmp/x509up_u125472
DEBUG 2024-01-15 13:09:38.755 UTC: 	 output : cms

 error: 
 retcode : 0
DEBUG 2024-01-15 13:09:38.755 UTC: 	 Getting proxy life time left
DEBUG 2024-01-15 13:09:38.755 UTC: 	 Executing command :
 voms-proxy-info --actimeleft --timeleft --file /tmp/x509up_u125472
DEBUG 2024-01-15 13:09:39.186 UTC: 	 output : 30020
30020

 error: 
 retcode : 0
DEBUG 2024-01-15 13:09:39.186 UTC: 	 Proxy valid for 08:20:20 hours
DEBUG 2024-01-15 13:09:39.256 UTC: 	 Encoded data for curl request: subresource=delegatedn
DEBUG 2024-01-15 13:09:39.542 UTC: 	 Registering user credentials on myproxy for /DC=ch/DC=cern/OU=computers/CN=crab-(preprod|prod|dev)-tw(01|02|03).cern.ch|/DC=ch/DC=cern/OU=computers/CN=stefanov(m|m2).cern.ch|/DC=ch/DC=cern/OU=computers/CN=dciangot-tw.cern.ch
DEBUG 2024-01-15 13:09:39.542 UTC: 	 Executing command :
 voms-proxy-info --identity --file /tmp/x509up_u125472
DEBUG 2024-01-15 13:09:39.976 UTC: 	 output : /DC=ch/DC=cern/OU=Organic Units/OU=Users/CN=castells/CN=840278/CN=Sergi Castells

 error: 
 retcode : 0
DEBUG 2024-01-15 13:09:39.976 UTC: 	 Getting myproxy life time left for 85fedee37a5a447f0da843835c459265aae0d06e
DEBUG 2024-01-15 13:09:39.976 UTC: 	 Executing command :
 myproxy-info -s myproxy.cern.ch -l 85fedee37a5a447f0da843835c459265aae0d06e
DEBUG 2024-01-15 13:09:40.264 UTC: 	 output : username: 85fedee37a5a447f0da843835c459265aae0d06e
owner: /DC=ch/DC=cern/OU=Organic Units/OU=Users/CN=castells/CN=840278/CN=Sergi Castells
  renewal policy: /DC=ch/DC=cern/OU=computers/CN=crab-(preprod|prod|dev)-tw(01|02|03).cern.ch|/DC=ch/DC=cern/OU=computers/CN=stefanov(m|m2).cern.ch|/DC=ch/DC=cern/OU=computers/CN=dciangot-tw.cern.ch
  trusted retrieval policy: /DC=ch/DC=cern/OU=computers/CN=crab-(preprod|prod|dev)-tw(01|02|03).cern.ch|/DC=ch/DC=cern/OU=computers/CN=stefanov(m|m2).cern.ch|/DC=ch/DC=cern/OU=computers/CN=dciangot-tw.cern.ch
  timeleft: 648:03:24  (27.0 days)

 error: 
 retcode : 0
DEBUG 2024-01-15 13:09:40.265 UTC: 	 Myproxy is valid: 2332980
DEBUG 2024-01-15 13:09:40.265 UTC: 	 Result of myproxy credential check:
  Credential exists on myproxy: username: 85fedee37a5a447f0da843835c459265aae0d06e  - validity: 27 days, 0:03:00
DEBUG 2024-01-15 13:09:40.265 UTC: 	 Command use: submit
DEBUG 2024-01-15 13:09:40.265 UTC: 	 Options use: ['-c', 'HAHMHToAA_AToGG_MA_55GeV_TuneCP5_PSweights_13TeV_madgraph_pythia8_2018_submit.py']
DEBUG 2024-01-15 13:09:40.265 UTC: 	 Encoded data for curl request: subresource=version
DEBUG 2024-01-15 13:09:40.326 UTC: 	 CRABClient version: v3.231010
DEBUG 2024-01-15 13:09:40.326 UTC: 	 Instance is prod
DEBUG 2024-01-15 13:09:40.326 UTC: 	 Server base url is cmsweb.cern.ch
DEBUG 2024-01-15 13:09:40.326 UTC: 	 Command api workflow
DEBUG 2024-01-15 13:09:40.326 UTC: 	 Started submission
DEBUG 2024-01-15 13:09:40.326 UTC: 	 Working on /eos/home-c/castells/MNConversion/CMSSW_10_6_26/src/hgg_nanoaod_tools/CRAB/MNConversion_crab/crab_MNConversion_HAHMHToAA_AToGG_MA_55GeV_TuneCP5_PSweights_13TeV_madgraph_pythia8_2018
DEBUG 2024-01-15 13:09:40.327 UTC: 	 Encoded data for curl request: subresource=backendurls
DEBUG 2024-01-15 13:09:40.491 UTC: 	 Loading required information from the environment
DEBUG 2024-01-15 13:09:40.491 UTC: 	 Found CMSSW_10_6_26 for slc7_amd64_gcc700 with base /eos/home-c/castells/MNConversion/CMSSW_10_6_26
DEBUG 2024-01-15 13:09:40.491 UTC: 	 Loading required information from the environment
DEBUG 2024-01-15 13:09:40.491 UTC: 	 Found CMSSW_10_6_26 for slc7_amd64_gcc700 with base /eos/home-c/castells/MNConversion/CMSSW_10_6_26
DEBUG 2024-01-15 13:09:40.492 UTC: 	 UNIQUE NAME: tarUUID 0cc201a0-0a30-4801-8d50-eea66e96287c 
DEBUG 2024-01-15 13:09:40.492 UTC: 	 self.config: from WMCore.Configuration import Configuration
config = Configuration()
config.section_('General')
config.General.transferLogs = True
config.General.transferOutputs = True
config.General.workArea = 'MNConversion_crab'
config.General.requestName = 'MNConversion_HAHMHToAA_AToGG_MA_55GeV_TuneCP5_PSweights_13TeV_madgraph_pythia8_2018'
config.section_('JobType')
config.JobType.priority = 30
config.JobType.psetName = 'HAHMHToAA_AToGG_MA_55GeV_TuneCP5_PSweights_13TeV_madgraph_pythia8_2018_cfg.py'
config.JobType.pluginName = 'Analysis'
config.JobType.numCores = 1
config.JobType.maxMemoryMB = 2500
config.section_('Data')
config.Data.inputDataset = '/HAHMHToAA_AToGG_MA-55GeV_TuneCP5_PSweights_13TeV-madgraph_pythia8/RunIIAutumn18MiniAOD-102X_upgrade2018_realistic_v15-v2/MINIAODSIM'
config.Data.publication = False
config.Data.splitting = 'Automatic'
config.Data.inputDBS = 'global'
config.Data.lumiMask = ''
config.Data.outLFNDirBase = '/store/user/castells/outputs/Signal_MC_2018'
config.Data.totalUnits = -1
config.section_('Site')
config.Site.storageSite = 'T3_US_NotreDame'

DEBUG 2024-01-15 13:09:40.492 UTC: 	 self.config.JobType.psetName: HAHMHToAA_AToGG_MA_55GeV_TuneCP5_PSweights_13TeV_madgraph_pythia8_2018_cfg.py
INFO 2024-01-15 13:09:40.493 UTC: 	 Importing CMSSW configuration HAHMHToAA_AToGG_MA_55GeV_TuneCP5_PSweights_13TeV_madgraph_pythia8_2018_cfg.py
INFO 2024-01-15 13:09:45.730 UTC: 	 Finished importing CMSSW configuration HAHMHToAA_AToGG_MA_55GeV_TuneCP5_PSweights_13TeV_madgraph_pythia8_2018_cfg.py
DEBUG 2024-01-15 13:09:45.730 UTC: 	 Writing CMSSW configuration to /eos/home-c/castells/MNConversion/CMSSW_10_6_26/src/hgg_nanoaod_tools/CRAB/MNConversion_crab/crab_MNConversion_HAHMHToAA_AToGG_MA_55GeV_TuneCP5_PSweights_13TeV_madgraph_pythia8_2018/inputs/PSet.py
DEBUG 2024-01-15 13:09:47.310 UTC: 	 The following EDM output files will be collected: ['HAHMHToAA_AToGG_MA_55GeV_TuneCP5_PSweights_13TeV_madgraph_pythia8_2018.root']
DEBUG 2024-01-15 13:09:47.310 UTC: 	 The following TFile output files will be collected: []
DEBUG 2024-01-15 13:09:47.310 UTC: 	 The following user output files (not listed as PoolOuputModule or TFileService in the CMSSW PSet) will be collected: 
DEBUG 2024-01-15 13:09:47.310 UTC: 	 Loading required information from the environment
DEBUG 2024-01-15 13:09:47.310 UTC: 	 Found CMSSW_10_6_26 for slc7_amd64_gcc700 with base /eos/home-c/castells/MNConversion/CMSSW_10_6_26
DEBUG 2024-01-15 13:09:47.310 UTC: 	 Making tarball in /eos/home-c/castells/MNConversion/CMSSW_10_6_26/src/hgg_nanoaod_tools/CRAB/MNConversion_crab/crab_MNConversion_HAHMHToAA_AToGG_MA_55GeV_TuneCP5_PSweights_13TeV_madgraph_pythia8_2018/inputs/0cc201a0-0a30-4801-8d50-eea66e96287cdefault.tgz
DEBUG 2024-01-15 13:09:47.313 UTC: 	 Checking directory /eos/home-c/castells/MNConversion/CMSSW_10_6_26/bin
DEBUG 2024-01-15 13:09:47.314 UTC: 	 Adding directory /eos/home-c/castells/MNConversion/CMSSW_10_6_26/bin to tarball
DEBUG 2024-01-15 13:09:47.320 UTC: 	 Checking directory /eos/home-c/castells/MNConversion/CMSSW_10_6_26/python
DEBUG 2024-01-15 13:09:47.320 UTC: 	 Adding directory /eos/home-c/castells/MNConversion/CMSSW_10_6_26/python to tarball
DEBUG 2024-01-15 13:09:47.644 UTC: 	 Checking directory /eos/home-c/castells/MNConversion/CMSSW_10_6_26/cfipython
DEBUG 2024-01-15 13:09:47.645 UTC: 	 Adding directory /eos/home-c/castells/MNConversion/CMSSW_10_6_26/cfipython to tarball
DEBUG 2024-01-15 13:09:47.701 UTC: 	 Checking directory /eos/home-c/castells/MNConversion/CMSSW_10_6_26/lib
DEBUG 2024-01-15 13:09:47.701 UTC: 	 Adding directory /eos/home-c/castells/MNConversion/CMSSW_10_6_26/lib to tarball
DEBUG 2024-01-15 13:09:48.216 UTC: 	 Checking directory /eos/home-c/castells/MNConversion/CMSSW_10_6_26/biglib
DEBUG 2024-01-15 13:09:48.217 UTC: 	 Adding directory /eos/home-c/castells/MNConversion/CMSSW_10_6_26/biglib to tarball
DEBUG 2024-01-15 13:09:48.218 UTC: 	 Checking directory /eos/home-c/castells/MNConversion/CMSSW_10_6_26/module
DEBUG 2024-01-15 13:09:48.218 UTC: 	 Checking directory /eos/home-c/castells/MNConversion/CMSSW_10_6_26/config/SCRAM/hooks
DEBUG 2024-01-15 13:09:48.219 UTC: 	 Adding directory /eos/home-c/castells/MNConversion/CMSSW_10_6_26/config/SCRAM/hooks to tarball
DEBUG 2024-01-15 13:09:48.351 UTC: 	 Adding directory /eos/home-c/castells/MNConversion/CMSSW_10_6_26/src/DataFormats/NanoAOD/interface to tarball
DEBUG 2024-01-15 13:09:48.360 UTC: 	 Adding directory /eos/home-c/castells/MNConversion/CMSSW_10_6_26/src/PhysicsTools/NanoAOD/interface to tarball
DEBUG 2024-01-15 13:09:48.368 UTC: 	 Adding directory /eos/home-c/castells/MNConversion/CMSSW_10_6_26/src/PhysicsTools/NanoAOD/python to tarball
DEBUG 2024-01-15 13:09:49.156 UTC: 	 Uploading archive /eos/home-c/castells/MNConversion/CMSSW_10_6_26/src/hgg_nanoaod_tools/CRAB/MNConversion_crab/crab_MNConversion_HAHMHToAA_AToGG_MA_55GeV_TuneCP5_PSweights_13TeV_madgraph_pythia8_2018/inputs/0cc201a0-0a30-4801-8d50-eea66e96287cdefault.tgz (1.712891.1 MB) to the CRAB cache. Using URI https://cmsweb.cern.ch/S3/crabcache_prod
DEBUG 2024-01-15 13:09:49.787 UTC: 	 Encoded data for curl request: tarballname=795e13911941fdef8e140534acc2d6c18de450144617a0bb5bb13b8de653e35f.tar.gz&subresource=upload&objecttype=sandbox
DEBUG 2024-01-15 13:09:49.876 UTC: 	 sandbox 795e13911941fdef8e140534acc2d6c18de450144617a0bb5bb13b8de653e35f.tar.gz is already in the S3 store, will not upload again
DEBUG 2024-01-15 13:09:49.877 UTC: 	 Loading required information from the environment
DEBUG 2024-01-15 13:09:49.877 UTC: 	 Found CMSSW_10_6_26 for slc7_amd64_gcc700 with base /eos/home-c/castells/MNConversion/CMSSW_10_6_26
DEBUG 2024-01-15 13:09:49.877 UTC: 	 Making tarball in /eos/home-c/castells/MNConversion/CMSSW_10_6_26/src/hgg_nanoaod_tools/CRAB/MNConversion_crab/crab_MNConversion_HAHMHToAA_AToGG_MA_55GeV_TuneCP5_PSweights_13TeV_madgraph_pythia8_2018/inputs/debugFiles.tgz
DEBUG 2024-01-15 13:09:49.889 UTC: 	 Uploading archive /eos/home-c/castells/MNConversion/CMSSW_10_6_26/src/hgg_nanoaod_tools/CRAB/MNConversion_crab/crab_MNConversion_HAHMHToAA_AToGG_MA_55GeV_TuneCP5_PSweights_13TeV_madgraph_pythia8_2018/inputs/debugFiles.tgz (2 KB) to the CRAB cache. Using URI https://cmsweb.cern.ch/S3/crabcache_prod
DEBUG 2024-01-15 13:09:49.897 UTC: 	 Encoded data for curl request: tarballname=ff7c7a8c3d385de8561d058acbbbcd73bc17b2db182e0c0a59a8a15f4056318e.tar.gz&subresource=upload&objecttype=sandbox
DEBUG 2024-01-15 13:09:49.960 UTC: 	 Will execute:
curl -f -v -X POST  -H "User-Agent: CRAB" -F "key=castells/sandboxes/ff7c7a8c3d385de8561d058acbbbcd73bc17b2db182e0c0a59a8a15f4056318e.tar.gz" -F "AWSAccessKeyId=ab00fcc889f248c495d2875f15a3badb" -F "policy=eyJleHBpcmF0aW9uIjogIjIwMjQtMDEtMTVUMTQ6MDk6NDlaIiwgImNvbmRpdGlvbnMiOiBbeyJidWNrZXQiOiAiY3JhYmNhY2hlX3Byb2QifSwgeyJrZXkiOiAiY2FzdGVsbHMvc2FuZGJveGVzL2ZmN2M3YThjM2QzODVkZTg1NjFkMDU4YWNiYmJjZDczYmMxN2IyZGIxODJlMGMwYTU5YThhMTVmNDA1NjMxOGUudGFyLmd6In1dfQ==" -F "signature=oKIFSq83f2YxJ6mVMVUNi2WuvxE=" -F "file=@/eos/home-c/castells/MNConversion/CMSSW_10_6_26/src/hgg_nanoaod_tools/CRAB/MNConversion_crab/crab_MNConversion_HAHMHToAA_AToGG_MA_55GeV_TuneCP5_PSweights_13TeV_madgraph_pythia8_2018/inputs/debugFiles.tgz" "https://s3.cern.ch/crabcache_prod"
DEBUG 2024-01-15 13:09:51.106 UTC: 	 exitcode: 0
stdout: 
DEBUG 2024-01-15 13:09:51.106 UTC: 	 sandbox /eos/home-c/castells/MNConversion/CMSSW_10_6_26/src/hgg_nanoaod_tools/CRAB/MNConversion_crab/crab_MNConversion_HAHMHToAA_AToGG_MA_55GeV_TuneCP5_PSweights_13TeV_madgraph_pythia8_2018/inputs/debugFiles.tgz successully uploaded to S3
DEBUG 2024-01-15 13:09:51.106 UTC: 	 Result uploading input files: 795e13911941fdef8e140534acc2d6c18de450144617a0bb5bb13b8de653e35f.tar.gz 
INFO 2024-01-15 13:09:51.107 UTC: 	 Sending the request to the server at cmsweb.cern.ch
DEBUG 2024-01-15 13:09:51.107 UTC: 	 Submitting {'maxjobruntime': 1250, 'extrajdl': [], 'lfn': '/store/user/castells/outputs/Signal_MC_2018', 'savelogsflag': 1, 'useparent': 0, 'inputblocks': [], 'asyncdest': 'T3_US_NotreDame', 'algoargs': 480, 'cachefilename': '795e13911941fdef8e140534acc2d6c18de450144617a0bb5bb13b8de653e35f.tar.gz', 'numcores': 1, 'addoutputfiles': [], 'generator': 'pythia', 'maxmemory': 2500, 'partialdataset': 0, 'publishdbsurl': 'https://cmsweb.cern.ch/dbs/prod/phys03/DBSWriter', 'priority': 30, 'jobsw': 'CMSSW_10_6_26', 'edmoutfiles': ['HAHMHToAA_AToGG_MA_55GeV_TuneCP5_PSweights_13TeV_madgraph_pythia8_2018.root'], 'userfiles': [], 'primarydataset': '', 'inputdata': '/HAHMHToAA_AToGG_MA-55GeV_TuneCP5_PSweights_13TeV-madgraph_pythia8/RunIIAutumn18MiniAOD-102X_upgrade2018_realistic_v15-v2/MINIAODSIM', 'ignorelocality': 0, 'dryrun': 0, 'workflow': 'crab_MNConversion_HAHMHToAA_AToGG_MA_55GeV_TuneCP5_PSweights_13TeV_madgraph_pythia8_2018', 'cacheurl': u'https://cmsweb.cern.ch/S3/crabcache_prod', 'nonprodsw': 0, 'tfileoutfiles': [], 'oneEventMode': 0, 'debugfilename': 'ff7c7a8c3d385de8561d058acbbbcd73bc17b2db182e0c0a59a8a15f4056318e.tar.gz', 'saveoutput': 1, 'publication': 0, 'jobarch': 'slc7_amd64_gcc700', 'totalunits': -1, 'splitalgo': 'Automatic', 'ignoreglobalblacklist': 0, 'nonvaliddata': 0, 'dbsurl': 'https://cmsweb.cern.ch/dbs/prod/global/DBSReader', 'jobtype': 'Analysis', 'requireaccelerator': 0, 'publishname2': ''} 
DEBUG 2024-01-15 13:09:51.107 UTC: 	 Encoded data for curl request: maxjobruntime=1250&lfn=%2Fstore%2Fuser%2Fcastells%2Foutputs%2FSignal_MC_2018&savelogsflag=1&useparent=0&asyncdest=T3_US_NotreDame&algoargs=480&cachefilename=795e13911941fdef8e140534acc2d6c18de450144617a0bb5bb13b8de653e35f.tar.gz&numcores=1&generator=pythia&maxmemory=2500&partialdataset=0&publishdbsurl=https%3A%2F%2Fcmsweb.cern.ch%2Fdbs%2Fprod%2Fphys03%2FDBSWriter&priority=30&jobsw=CMSSW_10_6_26&primarydataset=&inputdata=%2FHAHMHToAA_AToGG_MA-55GeV_TuneCP5_PSweights_13TeV-madgraph_pythia8%2FRunIIAutumn18MiniAOD-102X_upgrade2018_realistic_v15-v2%2FMINIAODSIM&ignorelocality=0&dryrun=0&workflow=crab_MNConversion_HAHMHToAA_AToGG_MA_55GeV_TuneCP5_PSweights_13TeV_madgraph_pythia8_2018&cacheurl=https%3A%2F%2Fcmsweb.cern.ch%2FS3%2Fcrabcache_prod&nonprodsw=0&oneEventMode=0&debugfilename=ff7c7a8c3d385de8561d058acbbbcd73bc17b2db182e0c0a59a8a15f4056318e.tar.gz&saveoutput=1&publication=0&jobarch=slc7_amd64_gcc700&totalunits=-1&splitalgo=Automatic&ignoreglobalblacklist=0&nonvaliddata=0&dbsurl=https%3A%2F%2Fcmsweb.cern.ch%2Fdbs%2Fprod%2Fglobal%2FDBSReader&jobtype=Analysis&requireaccelerator=0&publishname2=&edmoutfiles=HAHMHToAA_AToGG_MA_55GeV_TuneCP5_PSweights_13TeV_madgraph_pythia8_2018.root
DEBUG 2024-01-15 13:09:51.188 UTC: 	 Result: {u'result': [{u'RequestName': u'240115_130951:castells_crab_MNConversion_HAHMHToAA_AToGG_MA_55GeV_TuneCP5_PSweights_13TeV_madgraph_pythia8_2018'}]}
INFO 2024-01-15 13:09:51.230 UTC: 	 Success: Your task has been delivered to the prod CRAB3 server.
INFO 2024-01-15 13:09:51.230 UTC: 	 Task name: 240115_130951:castells_crab_MNConversion_HAHMHToAA_AToGG_MA_55GeV_TuneCP5_PSweights_13TeV_madgraph_pythia8_2018
INFO 2024-01-15 13:09:51.230 UTC: 	 Project dir: MNConversion_crab/crab_MNConversion_HAHMHToAA_AToGG_MA_55GeV_TuneCP5_PSweights_13TeV_madgraph_pythia8_2018
INFO 2024-01-15 13:09:51.230 UTC: 	 Please use ' crab status -d MNConversion_crab/crab_MNConversion_HAHMHToAA_AToGG_MA_55GeV_TuneCP5_PSweights_13TeV_madgraph_pythia8_2018 ' to check how the submission process proceeds.
DEBUG 2024-01-15 13:09:51.230 UTC: 	 About to return
INFO 2024-01-15 13:09:51.247 UTC: 	 Log file is /eos/home-c/castells/MNConversion/CMSSW_10_6_26/src/hgg_nanoaod_tools/CRAB/MNConversion_crab/crab_MNConversion_HAHMHToAA_AToGG_MA_55GeV_TuneCP5_PSweights_13TeV_madgraph_pythia8_2018/crab.log
DEBUG 2024-01-16 11:17:07.550 UTC: 	 CRAB Client version: v3.231101
DEBUG 2024-01-16 11:17:07.550 UTC: 	 Running on: Linux lxplus772.cern.ch 3.10.0-1160.102.1.el7.x86_64 #1 SMP Tue Oct 17 15:42:21 UTC 2023 x86_64 x86_64 x86_64 GNU/Linux - CentOS Linux 7 (Core)
DEBUG 2024-01-16 11:17:07.550 UTC: 	 Executing command: 'status'
DEBUG 2024-01-16 11:17:07.550 UTC: 	 Found CRAB cache file /afs/cern.ch/user/c/castells/.crab3
DEBUG 2024-01-16 11:17:07.563 UTC: 	 Checking credentials
DEBUG 2024-01-16 11:17:07.563 UTC: 	 Found proxy file /tmp/x509up_u125472
DEBUG 2024-01-16 11:17:07.563 UTC: 	 Making sure it has proper VOMS extension
DEBUG 2024-01-16 11:17:07.563 UTC: 	 Executing command :
 voms-proxy-info --vo --file /tmp/x509up_u125472
DEBUG 2024-01-16 11:17:07.925 UTC: 	 output : cms

 error: 
 retcode : 0
DEBUG 2024-01-16 11:17:07.925 UTC: 	 Getting proxy life time left
DEBUG 2024-01-16 11:17:07.925 UTC: 	 Executing command :
 voms-proxy-info --actimeleft --timeleft --file /tmp/x509up_u125472
DEBUG 2024-01-16 11:17:08.289 UTC: 	 output : 352621
352621

 error: 
 retcode : 0
DEBUG 2024-01-16 11:17:08.289 UTC: 	 Proxy valid for 97:57:01 hours
DEBUG 2024-01-16 11:17:08.289 UTC: 	 Encoded data for curl request: subresource=delegatedn
DEBUG 2024-01-16 11:17:08.340 UTC: 	 Registering user credentials on myproxy for /DC=ch/DC=cern/OU=computers/CN=crab-(preprod|prod|dev)-tw(01|02|03).cern.ch|/DC=ch/DC=cern/OU=computers/CN=stefanov(m|m2).cern.ch|/DC=ch/DC=cern/OU=computers/CN=dciangot-tw.cern.ch
DEBUG 2024-01-16 11:17:08.340 UTC: 	 Executing command :
 voms-proxy-info --identity --file /tmp/x509up_u125472
DEBUG 2024-01-16 11:17:08.710 UTC: 	 output : /DC=ch/DC=cern/OU=Organic Units/OU=Users/CN=castells/CN=840278/CN=Sergi Castells

 error: 
 retcode : 0
DEBUG 2024-01-16 11:17:08.711 UTC: 	 Getting myproxy life time left for 85fedee37a5a447f0da843835c459265aae0d06e
DEBUG 2024-01-16 11:17:08.711 UTC: 	 Executing command :
 myproxy-info -s myproxy.cern.ch -l 85fedee37a5a447f0da843835c459265aae0d06e
DEBUG 2024-01-16 11:17:08.915 UTC: 	 output : username: 85fedee37a5a447f0da843835c459265aae0d06e
owner: /DC=ch/DC=cern/OU=Organic Units/OU=Users/CN=castells/CN=840278/CN=Sergi Castells
  renewal policy: /DC=ch/DC=cern/OU=computers/CN=crab-(preprod|prod|dev)-tw(01|02|03).cern.ch|/DC=ch/DC=cern/OU=computers/CN=stefanov(m|m2).cern.ch|/DC=ch/DC=cern/OU=computers/CN=dciangot-tw.cern.ch
  trusted retrieval policy: /DC=ch/DC=cern/OU=computers/CN=crab-(preprod|prod|dev)-tw(01|02|03).cern.ch|/DC=ch/DC=cern/OU=computers/CN=stefanov(m|m2).cern.ch|/DC=ch/DC=cern/OU=computers/CN=dciangot-tw.cern.ch
  timeleft: 625:55:56  (26.1 days)

 error: 
 retcode : 0
DEBUG 2024-01-16 11:17:08.915 UTC: 	 Myproxy is valid: 2253300
DEBUG 2024-01-16 11:17:08.915 UTC: 	 Result of myproxy credential check:
  Credential exists on myproxy: username: 85fedee37a5a447f0da843835c459265aae0d06e  - validity: 26 days, 1:55:00
DEBUG 2024-01-16 11:17:08.916 UTC: 	 Retrieving username ...
DEBUG 2024-01-16 11:17:08.916 UTC: 	 Retrieving username from CRIC...
DEBUG 2024-01-16 11:17:09.813 UTC: 	 username is castells
INFO 2024-01-16 11:17:10.152 UTC: 	 Rucio client intialized for account castells
DEBUG 2024-01-16 11:17:10.154 UTC: 	 Command use: status
DEBUG 2024-01-16 11:17:10.154 UTC: 	 Options use: ['--long', '--verboseErrors', 'MNConversion_crab/crab_MNConversion_HAHMHToAA_AToGG_MA_55GeV_TuneCP5_PSweights_13TeV_madgraph_pythia8_2018/']
DEBUG 2024-01-16 11:17:10.154 UTC: 	 Encoded data for curl request: subresource=version
DEBUG 2024-01-16 11:17:10.203 UTC: 	 CRABClient version: v3.231101
DEBUG 2024-01-16 11:17:10.203 UTC: 	 Instance is prod
DEBUG 2024-01-16 11:17:10.203 UTC: 	 Server base url is cmsweb.cern.ch
DEBUG 2024-01-16 11:17:10.204 UTC: 	 Command api workflow
DEBUG 2024-01-16 11:17:10.204 UTC: 	 Encoded data for curl request: subresource=search&workflow=240115_130951%3Acastells_crab_MNConversion_HAHMHToAA_AToGG_MA_55GeV_TuneCP5_PSweights_13TeV_madgraph_pythia8_2018
DEBUG 2024-01-16 11:17:10.256 UTC: 	 Got information from server oracle database: {'desc': {'columns': ['tm_taskname', 'tm_activity', 'panda_jobset_id', 'tm_task_status', 'tm_task_command', 'tm_start_time', 'tm_start_injection', 'tm_end_injection', 'tm_task_failure', 'tm_job_sw', 'tm_job_arch', 'tm_input_dataset', 'tm_nonvalid_input_dataset', 'tm_use_parent', 'tm_site_whitelist', 'tm_site_blacklist', 'tm_split_algo', 'tm_split_args', 'tm_user_sandbox', 'tm_cache_url', 'tm_username', 'tm_user_dn', 'tm_user_vo', 'tm_user_role', 'tm_user_group', 'tm_publish_name', 'tm_publish_groupname', 'tm_asyncdest', 'tm_dbs_url', 'tm_publish_dbs_url', 'tm_publication', 'tm_outfiles', 'tm_tfile_outfiles', 'tm_edm_outfiles', 'tm_job_type', 'tm_generator', 'tm_events_per_lumi', 'tm_arguments', 'panda_resubmitted_jobs', 'tm_save_logs', 'tw_name', 'tm_user_infiles', 'tm_maxjobruntime', 'tm_numcores', 'tm_maxmemory', 'tm_priority', 'tm_output_dataset', 'tm_task_warnings', 'tm_user_webdir', 'tm_scriptexe', 'tm_scriptargs', 'tm_extrajdl', 'tm_asourl', 'tm_collector', 'tm_schedd', 'tm_dry_run', 'tm_user_files', 'tm_transfer_outputs', 'tm_output_lfn', 'tm_ignore_locality', 'tm_fail_limit', 'tm_one_event_mode', 'tm_secondary_input_dataset', 'tm_primary_dataset', 'tm_last_publication', 'tm_debug_files', 'clusterid', 'tm_asodb', 'tm_ignore_global_blacklist', 'tm_submitter_ip_addr', 'tm_totalunits', 'tm_ddm_reqid', 'tm_user_config', 'tm_transfer_container', 'tm_transfer_rule', 'tm_publish_rule', 'tm_multipub_rule']}, 'result': ['240115_130951:castells_crab_MNConversion_HAHMHToAA_AToGG_MA_55GeV_TuneCP5_PSweights_13TeV_madgraph_pythia8_2018', 'None', 'None', 'SUBMITTED', 'SUBMIT', '2024-01-15 13:09:51.181761', 'None', '2024-01-15 13:10:23.744640', 'None', 'CMSSW_10_6_26', 'slc7_amd64_gcc700', '/HAHMHToAA_AToGG_MA-55GeV_TuneCP5_PSweights_13TeV-madgraph_pythia8/RunIIAutumn18MiniAOD-102X_upgrade2018_realistic_v15-v2/MINIAODSIM', 'F', '0', '[]', '[]', 'Automatic', "{'halt_job_on_file_boundaries': False, 'splitOnRun': False, 'minutes_per_job': 480, 'runs': [], 'lumis': []}", '795e13911941fdef8e140534acc2d6c18de450144617a0bb5bb13b8de653e35f.tar.gz', 'https://cmsweb.cern.ch/S3/crabcache_prod', 'castells', '/DC=ch/DC=cern/OU=Organic Units/OU=Users/CN=castells/CN=840278/CN=Sergi Castells', 'cms', 'None', 'None', 'crab_MNConversion_HAHMHToAA_AToGG_MA_55GeV_TuneCP5_PSweights_13TeV_madgraph_pythia8_2018-00000000000000000000000000000000', 'F', 'T3_US_NotreDame', 'https://cmsweb.cern.ch/dbs/prod/global/DBSReader', 'https://cmsweb.cern.ch/dbs/prod/phys03/DBSWriter', 'F', '[]', '[]', "['HAHMHToAA_AToGG_MA_55GeV_TuneCP5_PSweights_13TeV_madgraph_pythia8_2018.root']", 'Analysis', 'pythia', 'None', '{}', 'None', 'T', 'crab-prod-tw01', '[]', '1250', '1', '2500', '30', "['/FakeDataset/fakefile-FakePublish-fa8297c0957da70742fc6e3df048a2f5/USER']", '[]', 'http://vocms0106.cern.ch/mon/castells/240115_130951:castells_crab_MNConversion_HAHMHToAA_AToGG_MA_55GeV_TuneCP5_PSweights_13TeV_madgraph_pythia8_2018', 'None', '[]', '[]', 'None', 'cmsgwms-collector-global.cern.ch:9620,cmsgwms-collector-global.fnal.gov:9620', 'crab3@vocms0106.cern.ch', 'F', '[]', 'T', '/store/user/castells/outputs/Signal_MC_2018', 'F', 'None', 'F', 'None', 'HAHMHToAA_AToGG_MA-55GeV_TuneCP5_PSweights_13TeV-madgraph_pythia8', 'None', 'ff7c7a8c3d385de8561d058acbbbcd73bc17b2db182e0c0a59a8a15f4056318e.tar.gz', '90364993', 'None', 'F', '137.138.154.184', '-1.0', 'None', '{"partialdataset": false, "requireaccelerator": false, "acceleratorparams": null, "inputblocks": null}', 'None', 'None', 'None', 'None']}
INFO 2024-01-16 11:17:10.256 UTC: 	 CRAB project directory:		/eos/home-c/castells/MNConversion/CMSSW_10_6_26/src/hgg_nanoaod_tools/CRAB/MNConversion_crab/crab_MNConversion_HAHMHToAA_AToGG_MA_55GeV_TuneCP5_PSweights_13TeV_madgraph_pythia8_2018
INFO 2024-01-16 11:17:10.257 UTC: 	 Task name:			240115_130951:castells_crab_MNConversion_HAHMHToAA_AToGG_MA_55GeV_TuneCP5_PSweights_13TeV_madgraph_pythia8_2018
INFO 2024-01-16 11:17:10.257 UTC: 	 Grid scheduler - Task Worker:	crab3@vocms0106.cern.ch - crab-prod-tw01
INFO 2024-01-16 11:17:10.257 UTC: 	 Status on the CRAB server:	SUBMITTED
INFO 2024-01-16 11:17:10.257 UTC: 	 Task URL to use for HELP:	https://cmsweb.cern.ch/crabserver/ui/task/240115_130951%3Acastells_crab_MNConversion_HAHMHToAA_AToGG_MA_55GeV_TuneCP5_PSweights_13TeV_madgraph_pythia8_2018
INFO 2024-01-16 11:17:10.263 UTC: 	 Dashboard monitoring URL:	https://monit-grafana.cern.ch/d/cmsTMDetail/cms-task-monitoring-task-view?orgId=11&var-user=castells&var-task=240115_130951%3Acastells_crab_MNConversion_HAHMHToAA_AToGG_MA_55GeV_TuneCP5_PSweights_13TeV_madgraph_pythia8_2018&from=1705320591000&to=now
DEBUG 2024-01-16 11:17:10.263 UTC: 	 The CRAB server submitted your task to the Grid scheduler (cluster ID: 90364993)
DEBUG 2024-01-16 11:17:10.263 UTC: 	 Webdir is located at http://vocms0106.cern.ch/mon/castells/240115_130951:castells_crab_MNConversion_HAHMHToAA_AToGG_MA_55GeV_TuneCP5_PSweights_13TeV_madgraph_pythia8_2018
DEBUG 2024-01-16 11:17:10.263 UTC: 	 Encoded data for curl request: subresource=webdirprx&workflow=240115_130951%3Acastells_crab_MNConversion_HAHMHToAA_AToGG_MA_55GeV_TuneCP5_PSweights_13TeV_madgraph_pythia8_2018
DEBUG 2024-01-16 11:17:10.315 UTC: 	 Proxied webdir is located at https://cmsweb.cern.ch:8443/scheddmon/0106/castells/240115_130951:castells_crab_MNConversion_HAHMHToAA_AToGG_MA_55GeV_TuneCP5_PSweights_13TeV_madgraph_pythia8_2018
DEBUG 2024-01-16 11:17:10.316 UTC: 	 Retrieving 'status_cache' file from https://cmsweb.cern.ch:8443/scheddmon/0106/castells/240115_130951:castells_crab_MNConversion_HAHMHToAA_AToGG_MA_55GeV_TuneCP5_PSweights_13TeV_madgraph_pythia8_2018/status_cache.pkl
DEBUG 2024-01-16 11:17:10.316 UTC: 	 Will execute:
curl -sS --capath /etc/grid-security/certificates --cert /tmp/x509up_u125472 --key /tmp/x509up_u125472 -o /tmp/crab_status-cache-_w9uupsg.pkl -w %"{http_code}" "https://cmsweb.cern.ch:8443/scheddmon/0106/castells/240115_130951:castells_crab_MNConversion_HAHMHToAA_AToGG_MA_55GeV_TuneCP5_PSweights_13TeV_madgraph_pythia8_2018/status_cache.pkl"
DEBUG 2024-01-16 11:17:10.316 UTC: 	 Executing command :
 curl -sS --capath /etc/grid-security/certificates --cert /tmp/x509up_u125472 --key /tmp/x509up_u125472 -o /tmp/crab_status-cache-_w9uupsg.pkl -w %"{http_code}" "https://cmsweb.cern.ch:8443/scheddmon/0106/castells/240115_130951:castells_crab_MNConversion_HAHMHToAA_AToGG_MA_55GeV_TuneCP5_PSweights_13TeV_madgraph_pythia8_2018/status_cache.pkl"
DEBUG 2024-01-16 11:17:10.371 UTC: 	 output : 200
 error: 
 retcode : 0
DEBUG 2024-01-16 11:17:10.371 UTC: 	 exitcode: 0
stdout: 200
stderr: 
error details: 
DEBUG 2024-01-16 11:17:10.371 UTC: 	 Got information from status cache file: {'0-2': {'Retries': 0, 'Restarts': 0, 'SiteHistory': ['Unknown', 'T2_IT_Legnaro', 'T2_IT_Legnaro'], 'ResidentSetSize': [2050260], 'SubmitTimes': [1705324233.0], 'StartTimes': [1705324370.0], 'EndTimes': [1705325550.0], 'TotalUserCpuTimeHistory': [1030], 'TotalSysCpuTimeHistory': [29], 'WallDurations': [8.0, 219.24874234199524, 1180.0], 'JobIds': ['90364997.0'], 'State': 'finished', 'RecordedSite': True}, '0-1': {'Retries': 0, 'Restarts': 0, 'SiteHistory': ['Unknown', 'T2_IT_Legnaro', 'T2_IT_Legnaro'], 'ResidentSetSize': [2096640], 'SubmitTimes': [1705324233.0], 'StartTimes': [1705324370.0], 'EndTimes': [1705325323.0], 'TotalUserCpuTimeHistory': [886], 'TotalSysCpuTimeHistory': [20], 'WallDurations': [8.0, 219.24874234199524, 953.0], 'JobIds': ['90364998.0'], 'State': 'finished', 'RecordedSite': True}, '0-3': {'Retries': 0, 'Restarts': 0, 'SiteHistory': ['Unknown', 'T2_IT_Legnaro', 'T2_IT_Legnaro'], 'ResidentSetSize': [2044748], 'SubmitTimes': [1705324233.0], 'StartTimes': [1705324370.0], 'EndTimes': [1705325567.0], 'TotalUserCpuTimeHistory': [1054], 'TotalSysCpuTimeHistory': [31], 'WallDurations': [9.0, 219.24874234199524, 1197.0], 'JobIds': ['90364999.0'], 'State': 'finished', 'RecordedSite': True}, '0-4': {'Retries': 0, 'Restarts': 0, 'SiteHistory': ['Unknown', 'T2_IT_Legnaro', 'T2_IT_Legnaro'], 'ResidentSetSize': [2104568], 'SubmitTimes': [1705324233.0], 'StartTimes': [1705324370.0], 'EndTimes': [1705325338.0], 'TotalUserCpuTimeHistory': [895], 'TotalSysCpuTimeHistory': [19], 'WallDurations': [8.0, 219.24874234199524, 968.0], 'JobIds': ['90365000.0'], 'State': 'finished', 'RecordedSite': True}, '0-5': {'Retries': 0, 'Restarts': 0, 'SiteHistory': ['Unknown', 'T2_IT_Legnaro', 'T2_IT_Legnaro'], 'ResidentSetSize': [2106324], 'SubmitTimes': [1705324233.0], 'StartTimes': [1705324374.0], 'EndTimes': [1705325354.0], 'TotalUserCpuTimeHistory': [909], 'TotalSysCpuTimeHistory': [19], 'WallDurations': [8.0, 215.24874234199524, 980.0], 'JobIds': ['90365001.0'], 'State': 'finished', 'RecordedSite': True}, '1': {'Retries': 0, 'Restarts': 0, 'SiteHistory': ['Unknown', 'T2_IT_Legnaro', 'T2_IT_Legnaro'], 'ResidentSetSize': [1946068], 'SubmitTimes': [1705326045.0], 'StartTimes': [1705326117.0], 'EndTimes': [1705341933.0], 'TotalUserCpuTimeHistory': [15105], 'TotalSysCpuTimeHistory': [298], 'WallDurations': [9.0, 273.20288610458374, 15816.0], 'JobIds': ['90367945.0'], 'State': 'finished', 'RecordedSite': True}, '2': {'Retries': 0, 'Restarts': 0, 'SiteHistory': ['Unknown', 'T2_IT_Legnaro', 'T2_IT_Legnaro'], 'ResidentSetSize': [1949488], 'SubmitTimes': [1705326045.0], 'StartTimes': [1705326117.0], 'EndTimes': [1705353243.0], 'TotalUserCpuTimeHistory': [25614], 'TotalSysCpuTimeHistory': [625], 'WallDurations': [8.0, 273.20288610458374, 27126.0], 'JobIds': ['90367946.0'], 'State': 'finished', 'RecordedSite': True}, '3': {'Retries': 0, 'Restarts': 0, 'SiteHistory': ['Unknown', 'T2_IT_Legnaro', 'T2_IT_Legnaro'], 'ResidentSetSize': [1943868], 'SubmitTimes': [1705326045.0], 'StartTimes': [1705326116.0], 'EndTimes': [1705352010.0], 'TotalUserCpuTimeHistory': [24414], 'TotalSysCpuTimeHistory': [540], 'WallDurations': [9.0, 274.20288610458374, 25894.0], 'JobIds': ['90367947.0'], 'State': 'finished', 'RecordedSite': True}, '4': {'Retries': 0, 'Restarts': 0, 'SiteHistory': ['Unknown', 'T2_IT_Legnaro', 'T2_IT_Legnaro'], 'ResidentSetSize': [1925456], 'SubmitTimes': [1705326046.0], 'StartTimes': [1705326118.0], 'EndTimes': [1705346389.0], 'TotalUserCpuTimeHistory': [19167], 'TotalSysCpuTimeHistory': [431], 'WallDurations': [8.0, 272.20288610458374, 20271.0], 'JobIds': ['90367948.0'], 'State': 'finished', 'RecordedSite': True}}
INFO 2024-01-16 11:17:10.371 UTC: 	 Status on the scheduler:	COMPLETED
INFO 2024-01-16 11:17:10.372 UTC: 	 
The job splitting of this task is 'Automatic', please refer to this FAQ for a description of the jobs status summary:
https://twiki.cern.ch/twiki/bin/view/CMSPublic/CRAB3FAQ#What_is_the_Automatic_splitting
INFO 2024-01-16 11:17:10.372 UTC: 	 More details of Automatic Splitting process for this task (including possible failures) are in the Dagman Log files in:
https://cmsweb.cern.ch:8443/scheddmon/0106/castells/240115_130951:castells_crab_MNConversion_HAHMHToAA_AToGG_MA_55GeV_TuneCP5_PSweights_13TeV_madgraph_pythia8_2018/AutomaticSplitting/
INFO 2024-01-16 11:17:10.372 UTC: 	 
Probe jobs status:              no output    		100.0% (5/5)
INFO 2024-01-16 11:17:10.372 UTC: 	 
Main jobs status:               finished     		100.0% (4/4)
INFO 2024-01-16 11:17:10.372 UTC: 	 
No publication information (publication has been disabled in the CRAB configuration file)
INFO 2024-01-16 11:17:10.373 UTC: 	 
Extended Job Status Table:

 Job State        Most Recent Site        Runtime   Mem (MB)      CPU %    Retries   Restarts      Waste       Exit Code
 0-1 no output    T2_IT_Legnaro           0:15:53       2047         95          0          0    0:03:47               0
 0-2 no output    T2_IT_Legnaro           0:19:40       2002         90          0          0    0:03:47               0
 0-3 no output    T2_IT_Legnaro           0:19:57       1996         91          0          0    0:03:48               0
 0-4 no output    T2_IT_Legnaro           0:16:08       2055         94          0          0    0:03:47               0
 0-5 no output    T2_IT_Legnaro           0:16:20       2056         95          0          0    0:03:43               0
   1 finished     T2_IT_Legnaro           4:23:36       1900         97          0          0    0:04:42               0
   2 finished     T2_IT_Legnaro           7:32:06       1903         97          0          0    0:04:41               0
   3 finished     T2_IT_Legnaro           7:11:34       1898         96          0          0    0:04:43               0
   4 finished     T2_IT_Legnaro           5:37:51       1880         97          0          0    0:04:40               0
DEBUG 2024-01-16 11:17:10.373 UTC: 	 
 Job Cluster Id
 0-2 ['90364997.0']
 0-1 ['90364998.0']
 0-3 ['90364999.0']
 0-4 ['90365000.0']
 0-5 ['90365001.0']
   1 ['90367945.0']
   2 ['90367946.0']
   3 ['90367947.0']
   4 ['90367948.0']
INFO 2024-01-16 11:17:10.373 UTC: 	 
Summary of run jobs:
 * Memory: 2056MB min, 1903MB max, 1896MB ave
 * Runtime: 0:15:53 min, 7:32:06 max, 6:11:16 ave
 * CPU eff: 96% min, 97% max, 97% ave
 * Waste: 0:18:46 (1% of total)

INFO 2024-01-16 11:17:10.380 UTC: 	 Log file is /eos/home-c/castells/MNConversion/CMSSW_10_6_26/src/hgg_nanoaod_tools/CRAB/MNConversion_crab/crab_MNConversion_HAHMHToAA_AToGG_MA_55GeV_TuneCP5_PSweights_13TeV_madgraph_pythia8_2018/crab.log
