Updating process to run DeepBoostedJet on datasets before 103X
Updating process to run ParticleNet before it's included in MiniAOD
Updating process to run DeepDoubleX on datasets before 104X
Updating process to run DeepDoubleXv2 on datasets before 11X
Will recalculate the following discriminators on AK8 jets: pfDeepBoostedJetTags:probTbcq, pfDeepBoostedJetTags:probTbqq, pfDeepBoostedJetTags:probTbc, pfDeepBoostedJetTags:probTbq, pfDeepBoostedJetTags:probWcq, pfDeepBoostedJetTags:probWqq, pfDeepBoostedJetTags:probZbb, pfDeepBoostedJetTags:probZcc, pfDeepBoostedJetTags:probZqq, pfDeepBoostedJetTags:probHbb, pfDeepBoostedJetTags:probHcc, pfDeepBoostedJetTags:probHqqqq, pfDeepBoostedJetTags:probQCDbb, pfDeepBoostedJetTags:probQCDcc, pfDeepBoostedJetTags:probQCDb, pfDeepBoostedJetTags:probQCDc, pfDeepBoostedJetTags:probQCDothers, pfDeepBoostedDiscriminatorsJetTags:TvsQCD, pfDeepBoostedDiscriminatorsJetTags:WvsQCD, pfDeepBoostedDiscriminatorsJetTags:ZvsQCD, pfDeepBoostedDiscriminatorsJetTags:ZbbvsQCD, pfDeepBoostedDiscriminatorsJetTags:HbbvsQCD, pfDeepBoostedDiscriminatorsJetTags:H4qvsQCD, pfMassDecorrelatedDeepBoostedJetTags:probTbcq, pfMassDecorrelatedDeepBoostedJetTags:probTbqq, pfMassDecorrelatedDeepBoostedJetTags:probTbc, pfMassDecorrelatedDeepBoostedJetTags:probTbq, pfMassDecorrelatedDeepBoostedJetTags:probWcq, pfMassDecorrelatedDeepBoostedJetTags:probWqq, pfMassDecorrelatedDeepBoostedJetTags:probZbb, pfMassDecorrelatedDeepBoostedJetTags:probZcc, pfMassDecorrelatedDeepBoostedJetTags:probZqq, pfMassDecorrelatedDeepBoostedJetTags:probHbb, pfMassDecorrelatedDeepBoostedJetTags:probHcc, pfMassDecorrelatedDeepBoostedJetTags:probHqqqq, pfMassDecorrelatedDeepBoostedJetTags:probQCDbb, pfMassDecorrelatedDeepBoostedJetTags:probQCDcc, pfMassDecorrelatedDeepBoostedJetTags:probQCDb, pfMassDecorrelatedDeepBoostedJetTags:probQCDc, pfMassDecorrelatedDeepBoostedJetTags:probQCDothers, pfMassDecorrelatedDeepBoostedDiscriminatorsJetTags:TvsQCD, pfMassDecorrelatedDeepBoostedDiscriminatorsJetTags:WvsQCD, pfMassDecorrelatedDeepBoostedDiscriminatorsJetTags:ZvsQCD, pfMassDecorrelatedDeepBoostedDiscriminatorsJetTags:ZHbbvsQCD, pfMassDecorrelatedDeepBoostedDiscriminatorsJetTags:ZbbvsQCD, pfMassDecorrelatedDeepBoostedDiscriminatorsJetTags:HbbvsQCD, pfMassDecorrelatedDeepBoostedDiscriminatorsJetTags:H4qvsQCD, pfMassDecorrelatedDeepBoostedDiscriminatorsJetTags:ZHccvsQCD, pfMassDecorrelatedDeepBoostedDiscriminatorsJetTags:bbvsLight, pfMassDecorrelatedDeepBoostedDiscriminatorsJetTags:ccvsLight, pfParticleNetJetTags:probTbcq, pfParticleNetJetTags:probTbqq, pfParticleNetJetTags:probTbc, pfParticleNetJetTags:probTbq, pfParticleNetJetTags:probTbel, pfParticleNetJetTags:probTbmu, pfParticleNetJetTags:probTbta, pfParticleNetJetTags:probWcq, pfParticleNetJetTags:probWqq, pfParticleNetJetTags:probZbb, pfParticleNetJetTags:probZcc, pfParticleNetJetTags:probZqq, pfParticleNetJetTags:probHbb, pfParticleNetJetTags:probHcc, pfParticleNetJetTags:probHqqqq, pfParticleNetJetTags:probQCDbb, pfParticleNetJetTags:probQCDcc, pfParticleNetJetTags:probQCDb, pfParticleNetJetTags:probQCDc, pfParticleNetJetTags:probQCDothers, pfParticleNetDiscriminatorsJetTags:TvsQCD, pfParticleNetDiscriminatorsJetTags:WvsQCD, pfParticleNetDiscriminatorsJetTags:ZvsQCD, pfParticleNetDiscriminatorsJetTags:ZbbvsQCD, pfParticleNetDiscriminatorsJetTags:HbbvsQCD, pfParticleNetDiscriminatorsJetTags:HccvsQCD, pfParticleNetDiscriminatorsJetTags:H4qvsQCD, pfMassDecorrelatedParticleNetJetTags:probXbb, pfMassDecorrelatedParticleNetJetTags:probXcc, pfMassDecorrelatedParticleNetJetTags:probXqq, pfMassDecorrelatedParticleNetJetTags:probQCDbb, pfMassDecorrelatedParticleNetJetTags:probQCDcc, pfMassDecorrelatedParticleNetJetTags:probQCDb, pfMassDecorrelatedParticleNetJetTags:probQCDc, pfMassDecorrelatedParticleNetJetTags:probQCDothers, pfMassDecorrelatedParticleNetDiscriminatorsJetTags:XbbvsQCD, pfMassDecorrelatedParticleNetDiscriminatorsJetTags:XccvsQCD, pfMassDecorrelatedParticleNetDiscriminatorsJetTags:XqqvsQCD, pfParticleNetMassRegressionJetTags:mass, pfDeepDoubleBvLJetTags:probHbb, pfDeepDoubleCvLJetTags:probHcc, pfDeepDoubleCvBJetTags:probHcc, pfMassIndependentDeepDoubleBvLJetTags:probHbb, pfMassIndependentDeepDoubleCvLJetTags:probHcc, pfMassIndependentDeepDoubleCvBJetTags:probHcc, pfMassIndependentDeepDoubleBvLV2JetTags:probHbb, pfMassIndependentDeepDoubleCvLV2JetTags:probHcc, pfMassIndependentDeepDoubleCvBV2JetTags:probHcc
add DeepMET Producers
DEBUG 2024-01-15 13:08:59.729 UTC: 	 CRAB Client version: v3.231010
DEBUG 2024-01-15 13:08:59.730 UTC: 	 Running on: Linux lxplus717.cern.ch 3.10.0-1160.102.1.el7.x86_64 #1 SMP Tue Oct 17 15:42:21 UTC 2023 x86_64 x86_64 x86_64 GNU/Linux - CentOS Linux 7 (Core)
DEBUG 2024-01-15 13:08:59.730 UTC: 	 Executing command: 'submit'
DEBUG 2024-01-15 13:08:59.730 UTC: 	 Found CRAB cache file /afs/cern.ch/user/c/castells/.crab3
INFO 2024-01-15 13:08:59.730 UTC: 	 Will use CRAB configuration file HAHMHToAA_AToGG_MA_45GeV_TuneCP5_PSweights_13TeV_madgraph_pythia8_2018_submit.py
DEBUG 2024-01-15 13:08:59.730 UTC: 	 Loading CRAB configuration file.
DEBUG 2024-01-15 13:08:59.869 UTC: 	 Will use CRAB Analysis plugin (i.e. will run an analysis job type).
DEBUG 2024-01-15 13:08:59.897 UTC: 	 Checking credentials
DEBUG 2024-01-15 13:08:59.898 UTC: 	 Found proxy file /tmp/x509up_u125472
DEBUG 2024-01-15 13:08:59.898 UTC: 	 Making sure it has proper VOMS extension
DEBUG 2024-01-15 13:08:59.898 UTC: 	 Executing command :
 voms-proxy-info --vo --file /tmp/x509up_u125472
DEBUG 2024-01-15 13:09:00.284 UTC: 	 output : cms

 error: 
 retcode : 0
DEBUG 2024-01-15 13:09:00.284 UTC: 	 Getting proxy life time left
DEBUG 2024-01-15 13:09:00.284 UTC: 	 Executing command :
 voms-proxy-info --actimeleft --timeleft --file /tmp/x509up_u125472
DEBUG 2024-01-15 13:09:00.700 UTC: 	 output : 30059
30059

 error: 
 retcode : 0
DEBUG 2024-01-15 13:09:00.700 UTC: 	 Proxy valid for 08:20:59 hours
DEBUG 2024-01-15 13:09:00.711 UTC: 	 Encoded data for curl request: subresource=delegatedn
DEBUG 2024-01-15 13:09:00.772 UTC: 	 Registering user credentials on myproxy for /DC=ch/DC=cern/OU=computers/CN=crab-(preprod|prod|dev)-tw(01|02|03).cern.ch|/DC=ch/DC=cern/OU=computers/CN=stefanov(m|m2).cern.ch|/DC=ch/DC=cern/OU=computers/CN=dciangot-tw.cern.ch
DEBUG 2024-01-15 13:09:00.772 UTC: 	 Executing command :
 voms-proxy-info --identity --file /tmp/x509up_u125472
DEBUG 2024-01-15 13:09:01.213 UTC: 	 output : /DC=ch/DC=cern/OU=Organic Units/OU=Users/CN=castells/CN=840278/CN=Sergi Castells

 error: 
 retcode : 0
DEBUG 2024-01-15 13:09:01.214 UTC: 	 Getting myproxy life time left for 85fedee37a5a447f0da843835c459265aae0d06e
DEBUG 2024-01-15 13:09:01.214 UTC: 	 Executing command :
 myproxy-info -s myproxy.cern.ch -l 85fedee37a5a447f0da843835c459265aae0d06e
DEBUG 2024-01-15 13:09:01.522 UTC: 	 output : username: 85fedee37a5a447f0da843835c459265aae0d06e
owner: /DC=ch/DC=cern/OU=Organic Units/OU=Users/CN=castells/CN=840278/CN=Sergi Castells
  renewal policy: /DC=ch/DC=cern/OU=computers/CN=crab-(preprod|prod|dev)-tw(01|02|03).cern.ch|/DC=ch/DC=cern/OU=computers/CN=stefanov(m|m2).cern.ch|/DC=ch/DC=cern/OU=computers/CN=dciangot-tw.cern.ch
  trusted retrieval policy: /DC=ch/DC=cern/OU=computers/CN=crab-(preprod|prod|dev)-tw(01|02|03).cern.ch|/DC=ch/DC=cern/OU=computers/CN=stefanov(m|m2).cern.ch|/DC=ch/DC=cern/OU=computers/CN=dciangot-tw.cern.ch
  timeleft: 648:04:03  (27.0 days)

 error: 
 retcode : 0
DEBUG 2024-01-15 13:09:01.522 UTC: 	 Myproxy is valid: 2333040
DEBUG 2024-01-15 13:09:01.522 UTC: 	 Result of myproxy credential check:
  Credential exists on myproxy: username: 85fedee37a5a447f0da843835c459265aae0d06e  - validity: 27 days, 0:04:00
DEBUG 2024-01-15 13:09:01.522 UTC: 	 Command use: submit
DEBUG 2024-01-15 13:09:01.522 UTC: 	 Options use: ['-c', 'HAHMHToAA_AToGG_MA_45GeV_TuneCP5_PSweights_13TeV_madgraph_pythia8_2018_submit.py']
DEBUG 2024-01-15 13:09:01.522 UTC: 	 Encoded data for curl request: subresource=version
DEBUG 2024-01-15 13:09:01.579 UTC: 	 CRABClient version: v3.231010
DEBUG 2024-01-15 13:09:01.579 UTC: 	 Instance is prod
DEBUG 2024-01-15 13:09:01.579 UTC: 	 Server base url is cmsweb.cern.ch
DEBUG 2024-01-15 13:09:01.579 UTC: 	 Command api workflow
DEBUG 2024-01-15 13:09:01.579 UTC: 	 Started submission
DEBUG 2024-01-15 13:09:01.579 UTC: 	 Working on /eos/home-c/castells/MNConversion/CMSSW_10_6_26/src/hgg_nanoaod_tools/CRAB/MNConversion_crab/crab_MNConversion_HAHMHToAA_AToGG_MA_45GeV_TuneCP5_PSweights_13TeV_madgraph_pythia8_2018
DEBUG 2024-01-15 13:09:01.579 UTC: 	 Encoded data for curl request: subresource=backendurls
DEBUG 2024-01-15 13:09:01.729 UTC: 	 Loading required information from the environment
DEBUG 2024-01-15 13:09:01.729 UTC: 	 Found CMSSW_10_6_26 for slc7_amd64_gcc700 with base /eos/home-c/castells/MNConversion/CMSSW_10_6_26
DEBUG 2024-01-15 13:09:01.729 UTC: 	 Loading required information from the environment
DEBUG 2024-01-15 13:09:01.729 UTC: 	 Found CMSSW_10_6_26 for slc7_amd64_gcc700 with base /eos/home-c/castells/MNConversion/CMSSW_10_6_26
DEBUG 2024-01-15 13:09:01.729 UTC: 	 UNIQUE NAME: tarUUID 44633be5-6fde-4d3c-bdbd-36160f01be04 
DEBUG 2024-01-15 13:09:01.730 UTC: 	 self.config: from WMCore.Configuration import Configuration
config = Configuration()
config.section_('General')
config.General.transferLogs = True
config.General.transferOutputs = True
config.General.workArea = 'MNConversion_crab'
config.General.requestName = 'MNConversion_HAHMHToAA_AToGG_MA_45GeV_TuneCP5_PSweights_13TeV_madgraph_pythia8_2018'
config.section_('JobType')
config.JobType.priority = 30
config.JobType.psetName = 'HAHMHToAA_AToGG_MA_45GeV_TuneCP5_PSweights_13TeV_madgraph_pythia8_2018_cfg.py'
config.JobType.pluginName = 'Analysis'
config.JobType.numCores = 1
config.JobType.maxMemoryMB = 2500
config.section_('Data')
config.Data.inputDataset = '/HAHMHToAA_AToGG_MA-45GeV_TuneCP5_PSweights_13TeV-madgraph_pythia8/RunIIAutumn18MiniAOD-102X_upgrade2018_realistic_v15-v2/MINIAODSIM'
config.Data.publication = False
config.Data.splitting = 'Automatic'
config.Data.inputDBS = 'global'
config.Data.lumiMask = ''
config.Data.outLFNDirBase = '/store/user/castells/outputs/Signal_MC_2018'
config.Data.totalUnits = -1
config.section_('Site')
config.Site.storageSite = 'T3_US_NotreDame'

DEBUG 2024-01-15 13:09:01.730 UTC: 	 self.config.JobType.psetName: HAHMHToAA_AToGG_MA_45GeV_TuneCP5_PSweights_13TeV_madgraph_pythia8_2018_cfg.py
INFO 2024-01-15 13:09:01.732 UTC: 	 Importing CMSSW configuration HAHMHToAA_AToGG_MA_45GeV_TuneCP5_PSweights_13TeV_madgraph_pythia8_2018_cfg.py
INFO 2024-01-15 13:09:06.877 UTC: 	 Finished importing CMSSW configuration HAHMHToAA_AToGG_MA_45GeV_TuneCP5_PSweights_13TeV_madgraph_pythia8_2018_cfg.py
DEBUG 2024-01-15 13:09:06.877 UTC: 	 Writing CMSSW configuration to /eos/home-c/castells/MNConversion/CMSSW_10_6_26/src/hgg_nanoaod_tools/CRAB/MNConversion_crab/crab_MNConversion_HAHMHToAA_AToGG_MA_45GeV_TuneCP5_PSweights_13TeV_madgraph_pythia8_2018/inputs/PSet.py
DEBUG 2024-01-15 13:09:08.056 UTC: 	 The following EDM output files will be collected: ['HAHMHToAA_AToGG_MA_45GeV_TuneCP5_PSweights_13TeV_madgraph_pythia8_2018.root']
DEBUG 2024-01-15 13:09:08.056 UTC: 	 The following TFile output files will be collected: []
DEBUG 2024-01-15 13:09:08.056 UTC: 	 The following user output files (not listed as PoolOuputModule or TFileService in the CMSSW PSet) will be collected: 
DEBUG 2024-01-15 13:09:08.056 UTC: 	 Loading required information from the environment
DEBUG 2024-01-15 13:09:08.056 UTC: 	 Found CMSSW_10_6_26 for slc7_amd64_gcc700 with base /eos/home-c/castells/MNConversion/CMSSW_10_6_26
DEBUG 2024-01-15 13:09:08.056 UTC: 	 Making tarball in /eos/home-c/castells/MNConversion/CMSSW_10_6_26/src/hgg_nanoaod_tools/CRAB/MNConversion_crab/crab_MNConversion_HAHMHToAA_AToGG_MA_45GeV_TuneCP5_PSweights_13TeV_madgraph_pythia8_2018/inputs/44633be5-6fde-4d3c-bdbd-36160f01be04default.tgz
DEBUG 2024-01-15 13:09:08.059 UTC: 	 Checking directory /eos/home-c/castells/MNConversion/CMSSW_10_6_26/bin
DEBUG 2024-01-15 13:09:08.060 UTC: 	 Adding directory /eos/home-c/castells/MNConversion/CMSSW_10_6_26/bin to tarball
DEBUG 2024-01-15 13:09:08.067 UTC: 	 Checking directory /eos/home-c/castells/MNConversion/CMSSW_10_6_26/python
DEBUG 2024-01-15 13:09:08.067 UTC: 	 Adding directory /eos/home-c/castells/MNConversion/CMSSW_10_6_26/python to tarball
DEBUG 2024-01-15 13:09:08.377 UTC: 	 Checking directory /eos/home-c/castells/MNConversion/CMSSW_10_6_26/cfipython
DEBUG 2024-01-15 13:09:08.378 UTC: 	 Adding directory /eos/home-c/castells/MNConversion/CMSSW_10_6_26/cfipython to tarball
DEBUG 2024-01-15 13:09:08.425 UTC: 	 Checking directory /eos/home-c/castells/MNConversion/CMSSW_10_6_26/lib
DEBUG 2024-01-15 13:09:08.425 UTC: 	 Adding directory /eos/home-c/castells/MNConversion/CMSSW_10_6_26/lib to tarball
DEBUG 2024-01-15 13:09:08.939 UTC: 	 Checking directory /eos/home-c/castells/MNConversion/CMSSW_10_6_26/biglib
DEBUG 2024-01-15 13:09:08.939 UTC: 	 Adding directory /eos/home-c/castells/MNConversion/CMSSW_10_6_26/biglib to tarball
DEBUG 2024-01-15 13:09:08.941 UTC: 	 Checking directory /eos/home-c/castells/MNConversion/CMSSW_10_6_26/module
DEBUG 2024-01-15 13:09:08.941 UTC: 	 Checking directory /eos/home-c/castells/MNConversion/CMSSW_10_6_26/config/SCRAM/hooks
DEBUG 2024-01-15 13:09:08.942 UTC: 	 Adding directory /eos/home-c/castells/MNConversion/CMSSW_10_6_26/config/SCRAM/hooks to tarball
DEBUG 2024-01-15 13:09:09.178 UTC: 	 Adding directory /eos/home-c/castells/MNConversion/CMSSW_10_6_26/src/DataFormats/NanoAOD/interface to tarball
DEBUG 2024-01-15 13:09:09.190 UTC: 	 Adding directory /eos/home-c/castells/MNConversion/CMSSW_10_6_26/src/PhysicsTools/NanoAOD/interface to tarball
DEBUG 2024-01-15 13:09:09.201 UTC: 	 Adding directory /eos/home-c/castells/MNConversion/CMSSW_10_6_26/src/PhysicsTools/NanoAOD/python to tarball
DEBUG 2024-01-15 13:09:09.961 UTC: 	 Uploading archive /eos/home-c/castells/MNConversion/CMSSW_10_6_26/src/hgg_nanoaod_tools/CRAB/MNConversion_crab/crab_MNConversion_HAHMHToAA_AToGG_MA_45GeV_TuneCP5_PSweights_13TeV_madgraph_pythia8_2018/inputs/44633be5-6fde-4d3c-bdbd-36160f01be04default.tgz (1.713867.1 MB) to the CRAB cache. Using URI https://cmsweb.cern.ch/S3/crabcache_prod
DEBUG 2024-01-15 13:09:10.577 UTC: 	 Encoded data for curl request: tarballname=b353f7fc4198775bb2c128ab9f53f14f4c686307e4325d81bc5b99ce1c51aaf1.tar.gz&subresource=upload&objecttype=sandbox
DEBUG 2024-01-15 13:09:10.646 UTC: 	 sandbox b353f7fc4198775bb2c128ab9f53f14f4c686307e4325d81bc5b99ce1c51aaf1.tar.gz is already in the S3 store, will not upload again
DEBUG 2024-01-15 13:09:10.646 UTC: 	 Loading required information from the environment
DEBUG 2024-01-15 13:09:10.646 UTC: 	 Found CMSSW_10_6_26 for slc7_amd64_gcc700 with base /eos/home-c/castells/MNConversion/CMSSW_10_6_26
DEBUG 2024-01-15 13:09:10.646 UTC: 	 Making tarball in /eos/home-c/castells/MNConversion/CMSSW_10_6_26/src/hgg_nanoaod_tools/CRAB/MNConversion_crab/crab_MNConversion_HAHMHToAA_AToGG_MA_45GeV_TuneCP5_PSweights_13TeV_madgraph_pythia8_2018/inputs/debugFiles.tgz
DEBUG 2024-01-15 13:09:10.659 UTC: 	 Uploading archive /eos/home-c/castells/MNConversion/CMSSW_10_6_26/src/hgg_nanoaod_tools/CRAB/MNConversion_crab/crab_MNConversion_HAHMHToAA_AToGG_MA_45GeV_TuneCP5_PSweights_13TeV_madgraph_pythia8_2018/inputs/debugFiles.tgz (2 KB) to the CRAB cache. Using URI https://cmsweb.cern.ch/S3/crabcache_prod
DEBUG 2024-01-15 13:09:10.664 UTC: 	 Encoded data for curl request: tarballname=3c4c41eee98440384e78b5326e4ae76d8041d64e06f1854932d10f1a61070dfa.tar.gz&subresource=upload&objecttype=sandbox
DEBUG 2024-01-15 13:09:10.734 UTC: 	 Will execute:
curl -f -v -X POST  -H "User-Agent: CRAB" -F "key=castells/sandboxes/3c4c41eee98440384e78b5326e4ae76d8041d64e06f1854932d10f1a61070dfa.tar.gz" -F "AWSAccessKeyId=ab00fcc889f248c495d2875f15a3badb" -F "policy=eyJleHBpcmF0aW9uIjogIjIwMjQtMDEtMTVUMTQ6MDk6MTBaIiwgImNvbmRpdGlvbnMiOiBbeyJidWNrZXQiOiAiY3JhYmNhY2hlX3Byb2QifSwgeyJrZXkiOiAiY2FzdGVsbHMvc2FuZGJveGVzLzNjNGM0MWVlZTk4NDQwMzg0ZTc4YjUzMjZlNGFlNzZkODA0MWQ2NGUwNmYxODU0OTMyZDEwZjFhNjEwNzBkZmEudGFyLmd6In1dfQ==" -F "signature=0hLOyGJFUxJInTAVGZxqMSpkRdI=" -F "file=@/eos/home-c/castells/MNConversion/CMSSW_10_6_26/src/hgg_nanoaod_tools/CRAB/MNConversion_crab/crab_MNConversion_HAHMHToAA_AToGG_MA_45GeV_TuneCP5_PSweights_13TeV_madgraph_pythia8_2018/inputs/debugFiles.tgz" "https://s3.cern.ch/crabcache_prod"
DEBUG 2024-01-15 13:09:11.793 UTC: 	 exitcode: 0
stdout: 
DEBUG 2024-01-15 13:09:11.793 UTC: 	 sandbox /eos/home-c/castells/MNConversion/CMSSW_10_6_26/src/hgg_nanoaod_tools/CRAB/MNConversion_crab/crab_MNConversion_HAHMHToAA_AToGG_MA_45GeV_TuneCP5_PSweights_13TeV_madgraph_pythia8_2018/inputs/debugFiles.tgz successully uploaded to S3
DEBUG 2024-01-15 13:09:11.793 UTC: 	 Result uploading input files: b353f7fc4198775bb2c128ab9f53f14f4c686307e4325d81bc5b99ce1c51aaf1.tar.gz 
INFO 2024-01-15 13:09:11.794 UTC: 	 Sending the request to the server at cmsweb.cern.ch
DEBUG 2024-01-15 13:09:11.794 UTC: 	 Submitting {'maxjobruntime': 1250, 'extrajdl': [], 'lfn': '/store/user/castells/outputs/Signal_MC_2018', 'savelogsflag': 1, 'useparent': 0, 'inputblocks': [], 'asyncdest': 'T3_US_NotreDame', 'algoargs': 480, 'cachefilename': 'b353f7fc4198775bb2c128ab9f53f14f4c686307e4325d81bc5b99ce1c51aaf1.tar.gz', 'numcores': 1, 'addoutputfiles': [], 'generator': 'pythia', 'maxmemory': 2500, 'partialdataset': 0, 'publishdbsurl': 'https://cmsweb.cern.ch/dbs/prod/phys03/DBSWriter', 'priority': 30, 'jobsw': 'CMSSW_10_6_26', 'edmoutfiles': ['HAHMHToAA_AToGG_MA_45GeV_TuneCP5_PSweights_13TeV_madgraph_pythia8_2018.root'], 'userfiles': [], 'primarydataset': '', 'inputdata': '/HAHMHToAA_AToGG_MA-45GeV_TuneCP5_PSweights_13TeV-madgraph_pythia8/RunIIAutumn18MiniAOD-102X_upgrade2018_realistic_v15-v2/MINIAODSIM', 'ignorelocality': 0, 'dryrun': 0, 'workflow': 'crab_MNConversion_HAHMHToAA_AToGG_MA_45GeV_TuneCP5_PSweights_13TeV_madgraph_pythia8_2018', 'cacheurl': u'https://cmsweb.cern.ch/S3/crabcache_prod', 'nonprodsw': 0, 'tfileoutfiles': [], 'oneEventMode': 0, 'debugfilename': '3c4c41eee98440384e78b5326e4ae76d8041d64e06f1854932d10f1a61070dfa.tar.gz', 'saveoutput': 1, 'publication': 0, 'jobarch': 'slc7_amd64_gcc700', 'totalunits': -1, 'splitalgo': 'Automatic', 'ignoreglobalblacklist': 0, 'nonvaliddata': 0, 'dbsurl': 'https://cmsweb.cern.ch/dbs/prod/global/DBSReader', 'jobtype': 'Analysis', 'requireaccelerator': 0, 'publishname2': ''} 
DEBUG 2024-01-15 13:09:11.794 UTC: 	 Encoded data for curl request: maxjobruntime=1250&lfn=%2Fstore%2Fuser%2Fcastells%2Foutputs%2FSignal_MC_2018&savelogsflag=1&useparent=0&asyncdest=T3_US_NotreDame&algoargs=480&cachefilename=b353f7fc4198775bb2c128ab9f53f14f4c686307e4325d81bc5b99ce1c51aaf1.tar.gz&numcores=1&generator=pythia&maxmemory=2500&partialdataset=0&publishdbsurl=https%3A%2F%2Fcmsweb.cern.ch%2Fdbs%2Fprod%2Fphys03%2FDBSWriter&priority=30&jobsw=CMSSW_10_6_26&primarydataset=&inputdata=%2FHAHMHToAA_AToGG_MA-45GeV_TuneCP5_PSweights_13TeV-madgraph_pythia8%2FRunIIAutumn18MiniAOD-102X_upgrade2018_realistic_v15-v2%2FMINIAODSIM&ignorelocality=0&dryrun=0&workflow=crab_MNConversion_HAHMHToAA_AToGG_MA_45GeV_TuneCP5_PSweights_13TeV_madgraph_pythia8_2018&cacheurl=https%3A%2F%2Fcmsweb.cern.ch%2FS3%2Fcrabcache_prod&nonprodsw=0&oneEventMode=0&debugfilename=3c4c41eee98440384e78b5326e4ae76d8041d64e06f1854932d10f1a61070dfa.tar.gz&saveoutput=1&publication=0&jobarch=slc7_amd64_gcc700&totalunits=-1&splitalgo=Automatic&ignoreglobalblacklist=0&nonvaliddata=0&dbsurl=https%3A%2F%2Fcmsweb.cern.ch%2Fdbs%2Fprod%2Fglobal%2FDBSReader&jobtype=Analysis&requireaccelerator=0&publishname2=&edmoutfiles=HAHMHToAA_AToGG_MA_45GeV_TuneCP5_PSweights_13TeV_madgraph_pythia8_2018.root
DEBUG 2024-01-15 13:09:11.913 UTC: 	 Result: {u'result': [{u'RequestName': u'240115_130911:castells_crab_MNConversion_HAHMHToAA_AToGG_MA_45GeV_TuneCP5_PSweights_13TeV_madgraph_pythia8_2018'}]}
INFO 2024-01-15 13:09:11.924 UTC: 	 Success: Your task has been delivered to the prod CRAB3 server.
INFO 2024-01-15 13:09:11.924 UTC: 	 Task name: 240115_130911:castells_crab_MNConversion_HAHMHToAA_AToGG_MA_45GeV_TuneCP5_PSweights_13TeV_madgraph_pythia8_2018
INFO 2024-01-15 13:09:11.924 UTC: 	 Project dir: MNConversion_crab/crab_MNConversion_HAHMHToAA_AToGG_MA_45GeV_TuneCP5_PSweights_13TeV_madgraph_pythia8_2018
INFO 2024-01-15 13:09:11.924 UTC: 	 Please use ' crab status -d MNConversion_crab/crab_MNConversion_HAHMHToAA_AToGG_MA_45GeV_TuneCP5_PSweights_13TeV_madgraph_pythia8_2018 ' to check how the submission process proceeds.
DEBUG 2024-01-15 13:09:11.924 UTC: 	 About to return
INFO 2024-01-15 13:09:11.955 UTC: 	 Log file is /eos/home-c/castells/MNConversion/CMSSW_10_6_26/src/hgg_nanoaod_tools/CRAB/MNConversion_crab/crab_MNConversion_HAHMHToAA_AToGG_MA_45GeV_TuneCP5_PSweights_13TeV_madgraph_pythia8_2018/crab.log
DEBUG 2024-01-16 11:16:57.911 UTC: 	 CRAB Client version: v3.231101
DEBUG 2024-01-16 11:16:57.911 UTC: 	 Running on: Linux lxplus772.cern.ch 3.10.0-1160.102.1.el7.x86_64 #1 SMP Tue Oct 17 15:42:21 UTC 2023 x86_64 x86_64 x86_64 GNU/Linux - CentOS Linux 7 (Core)
DEBUG 2024-01-16 11:16:57.911 UTC: 	 Executing command: 'status'
DEBUG 2024-01-16 11:16:57.911 UTC: 	 Found CRAB cache file /afs/cern.ch/user/c/castells/.crab3
DEBUG 2024-01-16 11:16:58.021 UTC: 	 Checking credentials
DEBUG 2024-01-16 11:16:58.021 UTC: 	 Found proxy file /tmp/x509up_u125472
DEBUG 2024-01-16 11:16:58.021 UTC: 	 Making sure it has proper VOMS extension
DEBUG 2024-01-16 11:16:58.021 UTC: 	 Executing command :
 voms-proxy-info --vo --file /tmp/x509up_u125472
DEBUG 2024-01-16 11:16:58.370 UTC: 	 output : cms

 error: 
 retcode : 0
DEBUG 2024-01-16 11:16:58.370 UTC: 	 Getting proxy life time left
DEBUG 2024-01-16 11:16:58.370 UTC: 	 Executing command :
 voms-proxy-info --actimeleft --timeleft --file /tmp/x509up_u125472
DEBUG 2024-01-16 11:16:58.729 UTC: 	 output : 352631
352631

 error: 
 retcode : 0
DEBUG 2024-01-16 11:16:58.729 UTC: 	 Proxy valid for 97:57:11 hours
DEBUG 2024-01-16 11:16:58.729 UTC: 	 Encoded data for curl request: subresource=delegatedn
DEBUG 2024-01-16 11:16:58.776 UTC: 	 Registering user credentials on myproxy for /DC=ch/DC=cern/OU=computers/CN=crab-(preprod|prod|dev)-tw(01|02|03).cern.ch|/DC=ch/DC=cern/OU=computers/CN=stefanov(m|m2).cern.ch|/DC=ch/DC=cern/OU=computers/CN=dciangot-tw.cern.ch
DEBUG 2024-01-16 11:16:58.776 UTC: 	 Executing command :
 voms-proxy-info --identity --file /tmp/x509up_u125472
DEBUG 2024-01-16 11:16:59.135 UTC: 	 output : /DC=ch/DC=cern/OU=Organic Units/OU=Users/CN=castells/CN=840278/CN=Sergi Castells

 error: 
 retcode : 0
DEBUG 2024-01-16 11:16:59.135 UTC: 	 Getting myproxy life time left for 85fedee37a5a447f0da843835c459265aae0d06e
DEBUG 2024-01-16 11:16:59.135 UTC: 	 Executing command :
 myproxy-info -s myproxy.cern.ch -l 85fedee37a5a447f0da843835c459265aae0d06e
DEBUG 2024-01-16 11:16:59.340 UTC: 	 output : username: 85fedee37a5a447f0da843835c459265aae0d06e
owner: /DC=ch/DC=cern/OU=Organic Units/OU=Users/CN=castells/CN=840278/CN=Sergi Castells
  renewal policy: /DC=ch/DC=cern/OU=computers/CN=crab-(preprod|prod|dev)-tw(01|02|03).cern.ch|/DC=ch/DC=cern/OU=computers/CN=stefanov(m|m2).cern.ch|/DC=ch/DC=cern/OU=computers/CN=dciangot-tw.cern.ch
  trusted retrieval policy: /DC=ch/DC=cern/OU=computers/CN=crab-(preprod|prod|dev)-tw(01|02|03).cern.ch|/DC=ch/DC=cern/OU=computers/CN=stefanov(m|m2).cern.ch|/DC=ch/DC=cern/OU=computers/CN=dciangot-tw.cern.ch
  timeleft: 625:56:05  (26.1 days)

 error: 
 retcode : 0
DEBUG 2024-01-16 11:16:59.340 UTC: 	 Myproxy is valid: 2253360
DEBUG 2024-01-16 11:16:59.340 UTC: 	 Result of myproxy credential check:
  Credential exists on myproxy: username: 85fedee37a5a447f0da843835c459265aae0d06e  - validity: 26 days, 1:56:00
DEBUG 2024-01-16 11:16:59.340 UTC: 	 Retrieving username ...
DEBUG 2024-01-16 11:16:59.340 UTC: 	 Retrieving username from CRIC...
DEBUG 2024-01-16 11:17:00.258 UTC: 	 username is castells
INFO 2024-01-16 11:17:00.581 UTC: 	 Rucio client intialized for account castells
DEBUG 2024-01-16 11:17:00.584 UTC: 	 Command use: status
DEBUG 2024-01-16 11:17:00.584 UTC: 	 Options use: ['--long', '--verboseErrors', 'MNConversion_crab/crab_MNConversion_HAHMHToAA_AToGG_MA_45GeV_TuneCP5_PSweights_13TeV_madgraph_pythia8_2018/']
DEBUG 2024-01-16 11:17:00.584 UTC: 	 Encoded data for curl request: subresource=version
DEBUG 2024-01-16 11:17:00.634 UTC: 	 CRABClient version: v3.231101
DEBUG 2024-01-16 11:17:00.634 UTC: 	 Instance is prod
DEBUG 2024-01-16 11:17:00.634 UTC: 	 Server base url is cmsweb.cern.ch
DEBUG 2024-01-16 11:17:00.634 UTC: 	 Command api workflow
DEBUG 2024-01-16 11:17:00.634 UTC: 	 Encoded data for curl request: subresource=search&workflow=240115_130911%3Acastells_crab_MNConversion_HAHMHToAA_AToGG_MA_45GeV_TuneCP5_PSweights_13TeV_madgraph_pythia8_2018
DEBUG 2024-01-16 11:17:00.692 UTC: 	 Got information from server oracle database: {'desc': {'columns': ['tm_taskname', 'tm_activity', 'panda_jobset_id', 'tm_task_status', 'tm_task_command', 'tm_start_time', 'tm_start_injection', 'tm_end_injection', 'tm_task_failure', 'tm_job_sw', 'tm_job_arch', 'tm_input_dataset', 'tm_nonvalid_input_dataset', 'tm_use_parent', 'tm_site_whitelist', 'tm_site_blacklist', 'tm_split_algo', 'tm_split_args', 'tm_user_sandbox', 'tm_cache_url', 'tm_username', 'tm_user_dn', 'tm_user_vo', 'tm_user_role', 'tm_user_group', 'tm_publish_name', 'tm_publish_groupname', 'tm_asyncdest', 'tm_dbs_url', 'tm_publish_dbs_url', 'tm_publication', 'tm_outfiles', 'tm_tfile_outfiles', 'tm_edm_outfiles', 'tm_job_type', 'tm_generator', 'tm_events_per_lumi', 'tm_arguments', 'panda_resubmitted_jobs', 'tm_save_logs', 'tw_name', 'tm_user_infiles', 'tm_maxjobruntime', 'tm_numcores', 'tm_maxmemory', 'tm_priority', 'tm_output_dataset', 'tm_task_warnings', 'tm_user_webdir', 'tm_scriptexe', 'tm_scriptargs', 'tm_extrajdl', 'tm_asourl', 'tm_collector', 'tm_schedd', 'tm_dry_run', 'tm_user_files', 'tm_transfer_outputs', 'tm_output_lfn', 'tm_ignore_locality', 'tm_fail_limit', 'tm_one_event_mode', 'tm_secondary_input_dataset', 'tm_primary_dataset', 'tm_last_publication', 'tm_debug_files', 'clusterid', 'tm_asodb', 'tm_ignore_global_blacklist', 'tm_submitter_ip_addr', 'tm_totalunits', 'tm_ddm_reqid', 'tm_user_config', 'tm_transfer_container', 'tm_transfer_rule', 'tm_publish_rule', 'tm_multipub_rule']}, 'result': ['240115_130911:castells_crab_MNConversion_HAHMHToAA_AToGG_MA_45GeV_TuneCP5_PSweights_13TeV_madgraph_pythia8_2018', 'None', 'None', 'SUBMITTED', 'SUBMIT', '2024-01-15 13:09:11.906965', 'None', '2024-01-15 13:09:45.069635', 'None', 'CMSSW_10_6_26', 'slc7_amd64_gcc700', '/HAHMHToAA_AToGG_MA-45GeV_TuneCP5_PSweights_13TeV-madgraph_pythia8/RunIIAutumn18MiniAOD-102X_upgrade2018_realistic_v15-v2/MINIAODSIM', 'F', '0', '[]', '[]', 'Automatic', "{'halt_job_on_file_boundaries': False, 'splitOnRun': False, 'minutes_per_job': 480, 'runs': [], 'lumis': []}", 'b353f7fc4198775bb2c128ab9f53f14f4c686307e4325d81bc5b99ce1c51aaf1.tar.gz', 'https://cmsweb.cern.ch/S3/crabcache_prod', 'castells', '/DC=ch/DC=cern/OU=Organic Units/OU=Users/CN=castells/CN=840278/CN=Sergi Castells', 'cms', 'None', 'None', 'crab_MNConversion_HAHMHToAA_AToGG_MA_45GeV_TuneCP5_PSweights_13TeV_madgraph_pythia8_2018-00000000000000000000000000000000', 'F', 'T3_US_NotreDame', 'https://cmsweb.cern.ch/dbs/prod/global/DBSReader', 'https://cmsweb.cern.ch/dbs/prod/phys03/DBSWriter', 'F', '[]', '[]', "['HAHMHToAA_AToGG_MA_45GeV_TuneCP5_PSweights_13TeV_madgraph_pythia8_2018.root']", 'Analysis', 'pythia', 'None', '{}', 'None', 'T', 'crab-prod-tw01', '[]', '1250', '1', '2500', '30', "['/FakeDataset/fakefile-FakePublish-5b8b3ab50933ad3748bdf22ffe6e9cfb/USER']", '[]', 'http://vocms0199.cern.ch/mon/castells/240115_130911:castells_crab_MNConversion_HAHMHToAA_AToGG_MA_45GeV_TuneCP5_PSweights_13TeV_madgraph_pythia8_2018', 'None', '[]', '[]', 'None', 'cmsgwms-collector-global.cern.ch:9620,cmsgwms-collector-global.fnal.gov:9620', 'crab3@vocms0199.cern.ch', 'F', '[]', 'T', '/store/user/castells/outputs/Signal_MC_2018', 'F', 'None', 'F', 'None', 'HAHMHToAA_AToGG_MA-45GeV_TuneCP5_PSweights_13TeV-madgraph_pythia8', 'None', '3c4c41eee98440384e78b5326e4ae76d8041d64e06f1854932d10f1a61070dfa.tar.gz', '60271011', 'None', 'F', '137.138.154.184', '-1.0', 'None', '{"partialdataset": false, "requireaccelerator": false, "acceleratorparams": null, "inputblocks": null}', 'None', 'None', 'None', 'None']}
INFO 2024-01-16 11:17:00.692 UTC: 	 CRAB project directory:		/eos/home-c/castells/MNConversion/CMSSW_10_6_26/src/hgg_nanoaod_tools/CRAB/MNConversion_crab/crab_MNConversion_HAHMHToAA_AToGG_MA_45GeV_TuneCP5_PSweights_13TeV_madgraph_pythia8_2018
INFO 2024-01-16 11:17:00.692 UTC: 	 Task name:			240115_130911:castells_crab_MNConversion_HAHMHToAA_AToGG_MA_45GeV_TuneCP5_PSweights_13TeV_madgraph_pythia8_2018
INFO 2024-01-16 11:17:00.692 UTC: 	 Grid scheduler - Task Worker:	crab3@vocms0199.cern.ch - crab-prod-tw01
INFO 2024-01-16 11:17:00.693 UTC: 	 Status on the CRAB server:	SUBMITTED
INFO 2024-01-16 11:17:00.693 UTC: 	 Task URL to use for HELP:	https://cmsweb.cern.ch/crabserver/ui/task/240115_130911%3Acastells_crab_MNConversion_HAHMHToAA_AToGG_MA_45GeV_TuneCP5_PSweights_13TeV_madgraph_pythia8_2018
INFO 2024-01-16 11:17:00.699 UTC: 	 Dashboard monitoring URL:	https://monit-grafana.cern.ch/d/cmsTMDetail/cms-task-monitoring-task-view?orgId=11&var-user=castells&var-task=240115_130911%3Acastells_crab_MNConversion_HAHMHToAA_AToGG_MA_45GeV_TuneCP5_PSweights_13TeV_madgraph_pythia8_2018&from=1705320551000&to=now
DEBUG 2024-01-16 11:17:00.699 UTC: 	 The CRAB server submitted your task to the Grid scheduler (cluster ID: 60271011)
DEBUG 2024-01-16 11:17:00.699 UTC: 	 Webdir is located at http://vocms0199.cern.ch/mon/castells/240115_130911:castells_crab_MNConversion_HAHMHToAA_AToGG_MA_45GeV_TuneCP5_PSweights_13TeV_madgraph_pythia8_2018
DEBUG 2024-01-16 11:17:00.699 UTC: 	 Encoded data for curl request: subresource=webdirprx&workflow=240115_130911%3Acastells_crab_MNConversion_HAHMHToAA_AToGG_MA_45GeV_TuneCP5_PSweights_13TeV_madgraph_pythia8_2018
DEBUG 2024-01-16 11:17:00.787 UTC: 	 Proxied webdir is located at https://cmsweb.cern.ch:8443/scheddmon/0199/castells/240115_130911:castells_crab_MNConversion_HAHMHToAA_AToGG_MA_45GeV_TuneCP5_PSweights_13TeV_madgraph_pythia8_2018
DEBUG 2024-01-16 11:17:00.788 UTC: 	 Retrieving 'status_cache' file from https://cmsweb.cern.ch:8443/scheddmon/0199/castells/240115_130911:castells_crab_MNConversion_HAHMHToAA_AToGG_MA_45GeV_TuneCP5_PSweights_13TeV_madgraph_pythia8_2018/status_cache.pkl
DEBUG 2024-01-16 11:17:00.788 UTC: 	 Will execute:
curl -sS --capath /etc/grid-security/certificates --cert /tmp/x509up_u125472 --key /tmp/x509up_u125472 -o /tmp/crab_status-cache-m2io08e8.pkl -w %"{http_code}" "https://cmsweb.cern.ch:8443/scheddmon/0199/castells/240115_130911:castells_crab_MNConversion_HAHMHToAA_AToGG_MA_45GeV_TuneCP5_PSweights_13TeV_madgraph_pythia8_2018/status_cache.pkl"
DEBUG 2024-01-16 11:17:00.788 UTC: 	 Executing command :
 curl -sS --capath /etc/grid-security/certificates --cert /tmp/x509up_u125472 --key /tmp/x509up_u125472 -o /tmp/crab_status-cache-m2io08e8.pkl -w %"{http_code}" "https://cmsweb.cern.ch:8443/scheddmon/0199/castells/240115_130911:castells_crab_MNConversion_HAHMHToAA_AToGG_MA_45GeV_TuneCP5_PSweights_13TeV_madgraph_pythia8_2018/status_cache.pkl"
DEBUG 2024-01-16 11:17:00.829 UTC: 	 output : 200
 error: 
 retcode : 0
DEBUG 2024-01-16 11:17:00.829 UTC: 	 exitcode: 0
stdout: 200
stderr: 
error details: 
DEBUG 2024-01-16 11:17:00.830 UTC: 	 Got information from status cache file: {'0-2': {'Retries': 0, 'Restarts': 0, 'SiteHistory': ['Unknown', 'T2_US_MIT', 'T2_US_MIT'], 'ResidentSetSize': [2061720], 'SubmitTimes': [1705324188.0], 'StartTimes': [1705324277.0], 'EndTimes': [1705325269.0], 'TotalUserCpuTimeHistory': [834], 'TotalSysCpuTimeHistory': [24], 'WallDurations': [8.0, 271.8905510902405, 992.0], 'JobIds': ['60271013.0'], 'State': 'finished', 'RecordedSite': True}, '0-4': {'Retries': 0, 'Restarts': 0, 'SiteHistory': ['Unknown', 'T2_US_MIT', 'T2_US_MIT'], 'ResidentSetSize': [2039612], 'SubmitTimes': [1705324188.0], 'StartTimes': [1705324275.0], 'EndTimes': [1705325471.0], 'TotalUserCpuTimeHistory': [1053], 'TotalSysCpuTimeHistory': [30], 'WallDurations': [9.0, 273.8905510902405, 1196.0], 'JobIds': ['60271014.0'], 'State': 'finished', 'RecordedSite': True}, '0-1': {'Retries': 0, 'Restarts': 0, 'SiteHistory': ['Unknown', 'T2_US_MIT', 'T2_US_MIT'], 'ResidentSetSize': [2064196], 'SubmitTimes': [1705324188.0], 'StartTimes': [1705324277.0], 'EndTimes': [1705325423.0], 'TotalUserCpuTimeHistory': [1006], 'TotalSysCpuTimeHistory': [28], 'WallDurations': [9.0, 271.8905510902405, 1146.0], 'JobIds': ['60271015.0'], 'State': 'finished', 'RecordedSite': True}, '0-3': {'Retries': 0, 'Restarts': 0, 'SiteHistory': ['Unknown', 'T2_US_MIT', 'T2_US_MIT'], 'ResidentSetSize': [2047916], 'SubmitTimes': [1705324188.0], 'StartTimes': [1705324277.0], 'EndTimes': [1705325288.0], 'TotalUserCpuTimeHistory': [867], 'TotalSysCpuTimeHistory': [23], 'WallDurations': [8.0, 271.8905510902405, 1011.0], 'JobIds': ['60271016.0'], 'State': 'finished', 'RecordedSite': True}, '0-5': {'Retries': 0, 'Restarts': 0, 'SiteHistory': ['Unknown', 'T2_US_MIT', 'T2_US_MIT'], 'ResidentSetSize': [2055028], 'SubmitTimes': [1705324188.0], 'StartTimes': [1705324277.0], 'EndTimes': [1705325318.0], 'TotalUserCpuTimeHistory': [899], 'TotalSysCpuTimeHistory': [33], 'WallDurations': [8.0, 271.8905510902405, 1041.0], 'JobIds': ['60271017.0'], 'State': 'finished', 'RecordedSite': True}, '1': {'Retries': 0, 'Restarts': 0, 'SiteHistory': ['T2_US_MIT', 'T2_US_MIT'], 'ResidentSetSize': [1925708], 'SubmitTimes': [1705326011.0], 'StartTimes': [1705326029.0], 'EndTimes': [1705341252.0], 'TotalUserCpuTimeHistory': [14386], 'TotalSysCpuTimeHistory': [404], 'WallDurations': [8.0, 15223.0], 'JobIds': ['60271107.0'], 'State': 'finished', 'RecordedSite': True}, '2': {'Retries': 0, 'Restarts': 0, 'SiteHistory': ['T2_US_MIT', 'T2_US_MIT'], 'ResidentSetSize': [1925252], 'SubmitTimes': [1705326011.0], 'StartTimes': [1705326027.0], 'EndTimes': [1705342531.0], 'TotalUserCpuTimeHistory': [15547], 'TotalSysCpuTimeHistory': [412], 'WallDurations': [8.0, 16504.0], 'JobIds': ['60271108.0'], 'State': 'finished', 'RecordedSite': True}, '3': {'Retries': 0, 'Restarts': 0, 'SiteHistory': ['T2_US_MIT', 'T2_US_MIT'], 'ResidentSetSize': [1899172], 'SubmitTimes': [1705326011.0], 'StartTimes': [1705326028.0], 'EndTimes': [1705340264.0], 'TotalUserCpuTimeHistory': [13480], 'TotalSysCpuTimeHistory': [352], 'WallDurations': [8.0, 14236.0], 'JobIds': ['60271109.0'], 'State': 'finished', 'RecordedSite': True}, '4': {'Retries': 0, 'Restarts': 0, 'SiteHistory': ['T2_US_MIT', 'T2_US_MIT'], 'ResidentSetSize': [1921880], 'SubmitTimes': [1705326011.0], 'StartTimes': [1705326028.0], 'EndTimes': [1705340854.0], 'TotalUserCpuTimeHistory': [13927], 'TotalSysCpuTimeHistory': [399], 'WallDurations': [9.0, 14826.0], 'JobIds': ['60271110.0'], 'State': 'finished', 'RecordedSite': True}, '5': {'Retries': 0, 'Restarts': 0, 'SiteHistory': ['T2_US_MIT', 'T2_US_MIT'], 'ResidentSetSize': [1917132], 'SubmitTimes': [1705326011.0], 'StartTimes': [1705326028.0], 'EndTimes': [1705341248.0], 'TotalUserCpuTimeHistory': [14450], 'TotalSysCpuTimeHistory': [360], 'WallDurations': [9.0, 15220.0], 'JobIds': ['60271111.0'], 'State': 'finished', 'RecordedSite': True}, '6': {'Retries': 0, 'Restarts': 0, 'SiteHistory': ['T2_US_MIT', 'T2_US_MIT'], 'ResidentSetSize': [1916812], 'SubmitTimes': [1705326011.0], 'StartTimes': [1705326029.0], 'EndTimes': [1705334961.0], 'TotalUserCpuTimeHistory': [8433], 'TotalSysCpuTimeHistory': [228], 'WallDurations': [8.0, 8932.0], 'JobIds': ['60271112.0'], 'State': 'finished', 'RecordedSite': True}}
INFO 2024-01-16 11:17:00.830 UTC: 	 Status on the scheduler:	COMPLETED
INFO 2024-01-16 11:17:00.830 UTC: 	 
The job splitting of this task is 'Automatic', please refer to this FAQ for a description of the jobs status summary:
https://twiki.cern.ch/twiki/bin/view/CMSPublic/CRAB3FAQ#What_is_the_Automatic_splitting
INFO 2024-01-16 11:17:00.830 UTC: 	 More details of Automatic Splitting process for this task (including possible failures) are in the Dagman Log files in:
https://cmsweb.cern.ch:8443/scheddmon/0199/castells/240115_130911:castells_crab_MNConversion_HAHMHToAA_AToGG_MA_45GeV_TuneCP5_PSweights_13TeV_madgraph_pythia8_2018/AutomaticSplitting/
INFO 2024-01-16 11:17:00.831 UTC: 	 
Probe jobs status:              no output    		100.0% (5/5)
INFO 2024-01-16 11:17:00.831 UTC: 	 
Main jobs status:               finished     		100.0% (6/6)
INFO 2024-01-16 11:17:00.831 UTC: 	 
No publication information (publication has been disabled in the CRAB configuration file)
INFO 2024-01-16 11:17:00.831 UTC: 	 
Extended Job Status Table:

 Job State        Most Recent Site        Runtime   Mem (MB)      CPU %    Retries   Restarts      Waste       Exit Code
 0-1 no output    T2_US_MIT               0:19:06       2015         90          0          0    0:04:40               0
 0-2 no output    T2_US_MIT               0:16:32       2013         86          0          0    0:04:39               0
 0-3 no output    T2_US_MIT               0:16:51       1999         88          0          0    0:04:39               0
 0-4 no output    T2_US_MIT               0:19:56       1991         91          0          0    0:04:42               0
 0-5 no output    T2_US_MIT               0:17:21       2006         90          0          0    0:04:39               0
   1 finished     T2_US_MIT               4:13:43       1880         97          0          0    0:00:08               0
   2 finished     T2_US_MIT               4:35:04       1880         97          0          0    0:00:08               0
   3 finished     T2_US_MIT               3:57:16       1854         97          0          0    0:00:08               0
   4 finished     T2_US_MIT               4:07:06       1876         97          0          0    0:00:09               0
   5 finished     T2_US_MIT               4:13:40       1872         97          0          0    0:00:09               0
   6 finished     T2_US_MIT               2:28:52       1871         97          0          0    0:00:08               0
DEBUG 2024-01-16 11:17:00.831 UTC: 	 
 Job Cluster Id
 0-2 ['60271013.0']
 0-4 ['60271014.0']
 0-1 ['60271015.0']
 0-3 ['60271016.0']
 0-5 ['60271017.0']
   1 ['60271107.0']
   2 ['60271108.0']
   3 ['60271109.0']
   4 ['60271110.0']
   5 ['60271111.0']
   6 ['60271112.0']
INFO 2024-01-16 11:17:00.831 UTC: 	 
Warning: the max jobs runtime is less than 30% of the task requested value (1250 min), please consider to request a lower value for failed jobs (allowed through crab resubmit) and/or improve the jobs splitting (e.g. config.Data.splitting = 'Automatic') in a new task.
INFO 2024-01-16 11:17:00.832 UTC: 	 
Summary of run jobs:
 * Memory: 2006MB min, 1880MB max, 1873MB ave
 * Runtime: 0:16:32 min, 4:35:04 max, 3:55:56 ave
 * CPU eff: 97% min, 97% max, 97% ave
 * Waste: 0:00:50 (0% of total)

INFO 2024-01-16 11:17:00.838 UTC: 	 Log file is /eos/home-c/castells/MNConversion/CMSSW_10_6_26/src/hgg_nanoaod_tools/CRAB/MNConversion_crab/crab_MNConversion_HAHMHToAA_AToGG_MA_45GeV_TuneCP5_PSweights_13TeV_madgraph_pythia8_2018/crab.log
