Updating process to run DeepBoostedJet on datasets before 103X
Updating process to run ParticleNet before it's included in MiniAOD
Updating process to run DeepDoubleX on datasets before 104X
Updating process to run DeepDoubleXv2 on datasets before 11X
Will recalculate the following discriminators on AK8 jets: pfDeepBoostedJetTags:probTbcq, pfDeepBoostedJetTags:probTbqq, pfDeepBoostedJetTags:probTbc, pfDeepBoostedJetTags:probTbq, pfDeepBoostedJetTags:probWcq, pfDeepBoostedJetTags:probWqq, pfDeepBoostedJetTags:probZbb, pfDeepBoostedJetTags:probZcc, pfDeepBoostedJetTags:probZqq, pfDeepBoostedJetTags:probHbb, pfDeepBoostedJetTags:probHcc, pfDeepBoostedJetTags:probHqqqq, pfDeepBoostedJetTags:probQCDbb, pfDeepBoostedJetTags:probQCDcc, pfDeepBoostedJetTags:probQCDb, pfDeepBoostedJetTags:probQCDc, pfDeepBoostedJetTags:probQCDothers, pfDeepBoostedDiscriminatorsJetTags:TvsQCD, pfDeepBoostedDiscriminatorsJetTags:WvsQCD, pfDeepBoostedDiscriminatorsJetTags:ZvsQCD, pfDeepBoostedDiscriminatorsJetTags:ZbbvsQCD, pfDeepBoostedDiscriminatorsJetTags:HbbvsQCD, pfDeepBoostedDiscriminatorsJetTags:H4qvsQCD, pfMassDecorrelatedDeepBoostedJetTags:probTbcq, pfMassDecorrelatedDeepBoostedJetTags:probTbqq, pfMassDecorrelatedDeepBoostedJetTags:probTbc, pfMassDecorrelatedDeepBoostedJetTags:probTbq, pfMassDecorrelatedDeepBoostedJetTags:probWcq, pfMassDecorrelatedDeepBoostedJetTags:probWqq, pfMassDecorrelatedDeepBoostedJetTags:probZbb, pfMassDecorrelatedDeepBoostedJetTags:probZcc, pfMassDecorrelatedDeepBoostedJetTags:probZqq, pfMassDecorrelatedDeepBoostedJetTags:probHbb, pfMassDecorrelatedDeepBoostedJetTags:probHcc, pfMassDecorrelatedDeepBoostedJetTags:probHqqqq, pfMassDecorrelatedDeepBoostedJetTags:probQCDbb, pfMassDecorrelatedDeepBoostedJetTags:probQCDcc, pfMassDecorrelatedDeepBoostedJetTags:probQCDb, pfMassDecorrelatedDeepBoostedJetTags:probQCDc, pfMassDecorrelatedDeepBoostedJetTags:probQCDothers, pfMassDecorrelatedDeepBoostedDiscriminatorsJetTags:TvsQCD, pfMassDecorrelatedDeepBoostedDiscriminatorsJetTags:WvsQCD, pfMassDecorrelatedDeepBoostedDiscriminatorsJetTags:ZvsQCD, pfMassDecorrelatedDeepBoostedDiscriminatorsJetTags:ZHbbvsQCD, pfMassDecorrelatedDeepBoostedDiscriminatorsJetTags:ZbbvsQCD, pfMassDecorrelatedDeepBoostedDiscriminatorsJetTags:HbbvsQCD, pfMassDecorrelatedDeepBoostedDiscriminatorsJetTags:H4qvsQCD, pfMassDecorrelatedDeepBoostedDiscriminatorsJetTags:ZHccvsQCD, pfMassDecorrelatedDeepBoostedDiscriminatorsJetTags:bbvsLight, pfMassDecorrelatedDeepBoostedDiscriminatorsJetTags:ccvsLight, pfParticleNetJetTags:probTbcq, pfParticleNetJetTags:probTbqq, pfParticleNetJetTags:probTbc, pfParticleNetJetTags:probTbq, pfParticleNetJetTags:probTbel, pfParticleNetJetTags:probTbmu, pfParticleNetJetTags:probTbta, pfParticleNetJetTags:probWcq, pfParticleNetJetTags:probWqq, pfParticleNetJetTags:probZbb, pfParticleNetJetTags:probZcc, pfParticleNetJetTags:probZqq, pfParticleNetJetTags:probHbb, pfParticleNetJetTags:probHcc, pfParticleNetJetTags:probHqqqq, pfParticleNetJetTags:probQCDbb, pfParticleNetJetTags:probQCDcc, pfParticleNetJetTags:probQCDb, pfParticleNetJetTags:probQCDc, pfParticleNetJetTags:probQCDothers, pfParticleNetDiscriminatorsJetTags:TvsQCD, pfParticleNetDiscriminatorsJetTags:WvsQCD, pfParticleNetDiscriminatorsJetTags:ZvsQCD, pfParticleNetDiscriminatorsJetTags:ZbbvsQCD, pfParticleNetDiscriminatorsJetTags:HbbvsQCD, pfParticleNetDiscriminatorsJetTags:HccvsQCD, pfParticleNetDiscriminatorsJetTags:H4qvsQCD, pfMassDecorrelatedParticleNetJetTags:probXbb, pfMassDecorrelatedParticleNetJetTags:probXcc, pfMassDecorrelatedParticleNetJetTags:probXqq, pfMassDecorrelatedParticleNetJetTags:probQCDbb, pfMassDecorrelatedParticleNetJetTags:probQCDcc, pfMassDecorrelatedParticleNetJetTags:probQCDb, pfMassDecorrelatedParticleNetJetTags:probQCDc, pfMassDecorrelatedParticleNetJetTags:probQCDothers, pfMassDecorrelatedParticleNetDiscriminatorsJetTags:XbbvsQCD, pfMassDecorrelatedParticleNetDiscriminatorsJetTags:XccvsQCD, pfMassDecorrelatedParticleNetDiscriminatorsJetTags:XqqvsQCD, pfParticleNetMassRegressionJetTags:mass, pfDeepDoubleBvLJetTags:probHbb, pfDeepDoubleCvLJetTags:probHcc, pfDeepDoubleCvBJetTags:probHcc, pfMassIndependentDeepDoubleBvLJetTags:probHbb, pfMassIndependentDeepDoubleCvLJetTags:probHcc, pfMassIndependentDeepDoubleCvBJetTags:probHcc, pfMassIndependentDeepDoubleBvLV2JetTags:probHbb, pfMassIndependentDeepDoubleCvLV2JetTags:probHcc, pfMassIndependentDeepDoubleCvBV2JetTags:probHcc
add DeepMET Producers
DEBUG 2024-01-15 13:07:18.034 UTC: 	 CRAB Client version: v3.231010
DEBUG 2024-01-15 13:07:18.035 UTC: 	 Running on: Linux lxplus717.cern.ch 3.10.0-1160.102.1.el7.x86_64 #1 SMP Tue Oct 17 15:42:21 UTC 2023 x86_64 x86_64 x86_64 GNU/Linux - CentOS Linux 7 (Core)
DEBUG 2024-01-15 13:07:18.035 UTC: 	 Executing command: 'submit'
DEBUG 2024-01-15 13:07:18.035 UTC: 	 Found CRAB cache file /afs/cern.ch/user/c/castells/.crab3
INFO 2024-01-15 13:07:18.036 UTC: 	 Will use CRAB configuration file HAHMHToAA_AToGG_MA_20GeV_TuneCP5_PSweights_13TeV_madgraph_pythia8_2018_submit.py
DEBUG 2024-01-15 13:07:18.036 UTC: 	 Loading CRAB configuration file.
DEBUG 2024-01-15 13:07:18.212 UTC: 	 Will use CRAB Analysis plugin (i.e. will run an analysis job type).
DEBUG 2024-01-15 13:07:18.309 UTC: 	 Checking credentials
DEBUG 2024-01-15 13:07:18.310 UTC: 	 Found proxy file /tmp/x509up_u125472
DEBUG 2024-01-15 13:07:18.310 UTC: 	 Making sure it has proper VOMS extension
DEBUG 2024-01-15 13:07:18.310 UTC: 	 Executing command :
 voms-proxy-info --vo --file /tmp/x509up_u125472
DEBUG 2024-01-15 13:07:18.753 UTC: 	 output : cms

 error: 
 retcode : 0
DEBUG 2024-01-15 13:07:18.753 UTC: 	 Getting proxy life time left
DEBUG 2024-01-15 13:07:18.753 UTC: 	 Executing command :
 voms-proxy-info --actimeleft --timeleft --file /tmp/x509up_u125472
DEBUG 2024-01-15 13:07:19.156 UTC: 	 output : 30160
30160

 error: 
 retcode : 0
DEBUG 2024-01-15 13:07:19.156 UTC: 	 Proxy valid for 08:22:40 hours
DEBUG 2024-01-15 13:07:19.201 UTC: 	 Encoded data for curl request: subresource=delegatedn
DEBUG 2024-01-15 13:07:19.262 UTC: 	 Registering user credentials on myproxy for /DC=ch/DC=cern/OU=computers/CN=crab-(preprod|prod|dev)-tw(01|02|03).cern.ch|/DC=ch/DC=cern/OU=computers/CN=stefanov(m|m2).cern.ch|/DC=ch/DC=cern/OU=computers/CN=dciangot-tw.cern.ch
DEBUG 2024-01-15 13:07:19.262 UTC: 	 Executing command :
 voms-proxy-info --identity --file /tmp/x509up_u125472
DEBUG 2024-01-15 13:07:19.679 UTC: 	 output : /DC=ch/DC=cern/OU=Organic Units/OU=Users/CN=castells/CN=840278/CN=Sergi Castells

 error: 
 retcode : 0
DEBUG 2024-01-15 13:07:19.679 UTC: 	 Getting myproxy life time left for 85fedee37a5a447f0da843835c459265aae0d06e
DEBUG 2024-01-15 13:07:19.679 UTC: 	 Executing command :
 myproxy-info -s myproxy.cern.ch -l 85fedee37a5a447f0da843835c459265aae0d06e
DEBUG 2024-01-15 13:07:19.969 UTC: 	 output : username: 85fedee37a5a447f0da843835c459265aae0d06e
owner: /DC=ch/DC=cern/OU=Organic Units/OU=Users/CN=castells/CN=840278/CN=Sergi Castells
  renewal policy: /DC=ch/DC=cern/OU=computers/CN=crab-(preprod|prod|dev)-tw(01|02|03).cern.ch|/DC=ch/DC=cern/OU=computers/CN=stefanov(m|m2).cern.ch|/DC=ch/DC=cern/OU=computers/CN=dciangot-tw.cern.ch
  trusted retrieval policy: /DC=ch/DC=cern/OU=computers/CN=crab-(preprod|prod|dev)-tw(01|02|03).cern.ch|/DC=ch/DC=cern/OU=computers/CN=stefanov(m|m2).cern.ch|/DC=ch/DC=cern/OU=computers/CN=dciangot-tw.cern.ch
  timeleft: 648:05:45  (27.0 days)

 error: 
 retcode : 0
DEBUG 2024-01-15 13:07:19.969 UTC: 	 Myproxy is valid: 2333100
DEBUG 2024-01-15 13:07:19.969 UTC: 	 Result of myproxy credential check:
  Credential exists on myproxy: username: 85fedee37a5a447f0da843835c459265aae0d06e  - validity: 27 days, 0:05:00
DEBUG 2024-01-15 13:07:19.969 UTC: 	 Command use: submit
DEBUG 2024-01-15 13:07:19.969 UTC: 	 Options use: ['-c', 'HAHMHToAA_AToGG_MA_20GeV_TuneCP5_PSweights_13TeV_madgraph_pythia8_2018_submit.py']
DEBUG 2024-01-15 13:07:19.969 UTC: 	 Encoded data for curl request: subresource=version
DEBUG 2024-01-15 13:07:20.048 UTC: 	 CRABClient version: v3.231010
DEBUG 2024-01-15 13:07:20.048 UTC: 	 Instance is prod
DEBUG 2024-01-15 13:07:20.048 UTC: 	 Server base url is cmsweb.cern.ch
DEBUG 2024-01-15 13:07:20.048 UTC: 	 Command api workflow
DEBUG 2024-01-15 13:07:20.048 UTC: 	 Started submission
DEBUG 2024-01-15 13:07:20.048 UTC: 	 Working on /eos/home-c/castells/MNConversion/CMSSW_10_6_26/src/hgg_nanoaod_tools/CRAB/MNConversion_crab/crab_MNConversion_HAHMHToAA_AToGG_MA_20GeV_TuneCP5_PSweights_13TeV_madgraph_pythia8_2018
DEBUG 2024-01-15 13:07:20.048 UTC: 	 Encoded data for curl request: subresource=backendurls
DEBUG 2024-01-15 13:07:20.258 UTC: 	 Loading required information from the environment
DEBUG 2024-01-15 13:07:20.258 UTC: 	 Found CMSSW_10_6_26 for slc7_amd64_gcc700 with base /eos/home-c/castells/MNConversion/CMSSW_10_6_26
DEBUG 2024-01-15 13:07:20.258 UTC: 	 Loading required information from the environment
DEBUG 2024-01-15 13:07:20.258 UTC: 	 Found CMSSW_10_6_26 for slc7_amd64_gcc700 with base /eos/home-c/castells/MNConversion/CMSSW_10_6_26
DEBUG 2024-01-15 13:07:20.258 UTC: 	 UNIQUE NAME: tarUUID ec0ff24e-a7a6-4f7a-9697-24a57f2cee16 
DEBUG 2024-01-15 13:07:20.258 UTC: 	 self.config: from WMCore.Configuration import Configuration
config = Configuration()
config.section_('General')
config.General.transferLogs = True
config.General.transferOutputs = True
config.General.workArea = 'MNConversion_crab'
config.General.requestName = 'MNConversion_HAHMHToAA_AToGG_MA_20GeV_TuneCP5_PSweights_13TeV_madgraph_pythia8_2018'
config.section_('JobType')
config.JobType.priority = 30
config.JobType.psetName = 'HAHMHToAA_AToGG_MA_20GeV_TuneCP5_PSweights_13TeV_madgraph_pythia8_2018_cfg.py'
config.JobType.pluginName = 'Analysis'
config.JobType.numCores = 1
config.JobType.maxMemoryMB = 2500
config.section_('Data')
config.Data.inputDataset = '/HAHMHToAA_AToGG_MA-20GeV_TuneCP5_PSweights_13TeV-madgraph_pythia8/RunIIAutumn18MiniAOD-102X_upgrade2018_realistic_v15-v2/MINIAODSIM'
config.Data.publication = False
config.Data.splitting = 'Automatic'
config.Data.inputDBS = 'global'
config.Data.lumiMask = ''
config.Data.outLFNDirBase = '/store/user/castells/outputs/Signal_MC_2018'
config.Data.totalUnits = -1
config.section_('Site')
config.Site.storageSite = 'T3_US_NotreDame'

DEBUG 2024-01-15 13:07:20.258 UTC: 	 self.config.JobType.psetName: HAHMHToAA_AToGG_MA_20GeV_TuneCP5_PSweights_13TeV_madgraph_pythia8_2018_cfg.py
INFO 2024-01-15 13:07:20.262 UTC: 	 Importing CMSSW configuration HAHMHToAA_AToGG_MA_20GeV_TuneCP5_PSweights_13TeV_madgraph_pythia8_2018_cfg.py
INFO 2024-01-15 13:07:25.009 UTC: 	 Finished importing CMSSW configuration HAHMHToAA_AToGG_MA_20GeV_TuneCP5_PSweights_13TeV_madgraph_pythia8_2018_cfg.py
DEBUG 2024-01-15 13:07:25.009 UTC: 	 Writing CMSSW configuration to /eos/home-c/castells/MNConversion/CMSSW_10_6_26/src/hgg_nanoaod_tools/CRAB/MNConversion_crab/crab_MNConversion_HAHMHToAA_AToGG_MA_20GeV_TuneCP5_PSweights_13TeV_madgraph_pythia8_2018/inputs/PSet.py
DEBUG 2024-01-15 13:07:26.062 UTC: 	 The following EDM output files will be collected: ['HAHMHToAA_AToGG_MA_20GeV_TuneCP5_PSweights_13TeV_madgraph_pythia8_2018.root']
DEBUG 2024-01-15 13:07:26.062 UTC: 	 The following TFile output files will be collected: []
DEBUG 2024-01-15 13:07:26.062 UTC: 	 The following user output files (not listed as PoolOuputModule or TFileService in the CMSSW PSet) will be collected: 
DEBUG 2024-01-15 13:07:26.062 UTC: 	 Loading required information from the environment
DEBUG 2024-01-15 13:07:26.062 UTC: 	 Found CMSSW_10_6_26 for slc7_amd64_gcc700 with base /eos/home-c/castells/MNConversion/CMSSW_10_6_26
DEBUG 2024-01-15 13:07:26.062 UTC: 	 Making tarball in /eos/home-c/castells/MNConversion/CMSSW_10_6_26/src/hgg_nanoaod_tools/CRAB/MNConversion_crab/crab_MNConversion_HAHMHToAA_AToGG_MA_20GeV_TuneCP5_PSweights_13TeV_madgraph_pythia8_2018/inputs/ec0ff24e-a7a6-4f7a-9697-24a57f2cee16default.tgz
DEBUG 2024-01-15 13:07:26.072 UTC: 	 Checking directory /eos/home-c/castells/MNConversion/CMSSW_10_6_26/bin
DEBUG 2024-01-15 13:07:26.072 UTC: 	 Adding directory /eos/home-c/castells/MNConversion/CMSSW_10_6_26/bin to tarball
DEBUG 2024-01-15 13:07:26.086 UTC: 	 Checking directory /eos/home-c/castells/MNConversion/CMSSW_10_6_26/python
DEBUG 2024-01-15 13:07:26.086 UTC: 	 Adding directory /eos/home-c/castells/MNConversion/CMSSW_10_6_26/python to tarball
DEBUG 2024-01-15 13:07:29.181 UTC: 	 Checking directory /eos/home-c/castells/MNConversion/CMSSW_10_6_26/cfipython
DEBUG 2024-01-15 13:07:29.181 UTC: 	 Adding directory /eos/home-c/castells/MNConversion/CMSSW_10_6_26/cfipython to tarball
DEBUG 2024-01-15 13:07:29.297 UTC: 	 Checking directory /eos/home-c/castells/MNConversion/CMSSW_10_6_26/lib
DEBUG 2024-01-15 13:07:29.297 UTC: 	 Adding directory /eos/home-c/castells/MNConversion/CMSSW_10_6_26/lib to tarball
DEBUG 2024-01-15 13:07:29.945 UTC: 	 Checking directory /eos/home-c/castells/MNConversion/CMSSW_10_6_26/biglib
DEBUG 2024-01-15 13:07:29.945 UTC: 	 Adding directory /eos/home-c/castells/MNConversion/CMSSW_10_6_26/biglib to tarball
DEBUG 2024-01-15 13:07:29.950 UTC: 	 Checking directory /eos/home-c/castells/MNConversion/CMSSW_10_6_26/module
DEBUG 2024-01-15 13:07:29.951 UTC: 	 Checking directory /eos/home-c/castells/MNConversion/CMSSW_10_6_26/config/SCRAM/hooks
DEBUG 2024-01-15 13:07:29.953 UTC: 	 Adding directory /eos/home-c/castells/MNConversion/CMSSW_10_6_26/config/SCRAM/hooks to tarball
DEBUG 2024-01-15 13:07:31.047 UTC: 	 Adding directory /eos/home-c/castells/MNConversion/CMSSW_10_6_26/src/DataFormats/NanoAOD/interface to tarball
DEBUG 2024-01-15 13:07:31.071 UTC: 	 Adding directory /eos/home-c/castells/MNConversion/CMSSW_10_6_26/src/PhysicsTools/NanoAOD/interface to tarball
DEBUG 2024-01-15 13:07:31.095 UTC: 	 Adding directory /eos/home-c/castells/MNConversion/CMSSW_10_6_26/src/PhysicsTools/NanoAOD/python to tarball
DEBUG 2024-01-15 13:07:31.878 UTC: 	 Uploading archive /eos/home-c/castells/MNConversion/CMSSW_10_6_26/src/hgg_nanoaod_tools/CRAB/MNConversion_crab/crab_MNConversion_HAHMHToAA_AToGG_MA_20GeV_TuneCP5_PSweights_13TeV_madgraph_pythia8_2018/inputs/ec0ff24e-a7a6-4f7a-9697-24a57f2cee16default.tgz (1.707031.1 MB) to the CRAB cache. Using URI https://cmsweb.cern.ch/S3/crabcache_prod
DEBUG 2024-01-15 13:07:32.517 UTC: 	 Encoded data for curl request: tarballname=add017a5e30aabaa9e4c45c068dbcb0770e0c63e9f838f276b9a30b082ce44a9.tar.gz&subresource=upload&objecttype=sandbox
DEBUG 2024-01-15 13:07:32.620 UTC: 	 sandbox add017a5e30aabaa9e4c45c068dbcb0770e0c63e9f838f276b9a30b082ce44a9.tar.gz is already in the S3 store, will not upload again
DEBUG 2024-01-15 13:07:32.621 UTC: 	 Loading required information from the environment
DEBUG 2024-01-15 13:07:32.621 UTC: 	 Found CMSSW_10_6_26 for slc7_amd64_gcc700 with base /eos/home-c/castells/MNConversion/CMSSW_10_6_26
DEBUG 2024-01-15 13:07:32.621 UTC: 	 Making tarball in /eos/home-c/castells/MNConversion/CMSSW_10_6_26/src/hgg_nanoaod_tools/CRAB/MNConversion_crab/crab_MNConversion_HAHMHToAA_AToGG_MA_20GeV_TuneCP5_PSweights_13TeV_madgraph_pythia8_2018/inputs/debugFiles.tgz
DEBUG 2024-01-15 13:07:32.632 UTC: 	 Uploading archive /eos/home-c/castells/MNConversion/CMSSW_10_6_26/src/hgg_nanoaod_tools/CRAB/MNConversion_crab/crab_MNConversion_HAHMHToAA_AToGG_MA_20GeV_TuneCP5_PSweights_13TeV_madgraph_pythia8_2018/inputs/debugFiles.tgz (2 KB) to the CRAB cache. Using URI https://cmsweb.cern.ch/S3/crabcache_prod
DEBUG 2024-01-15 13:07:32.640 UTC: 	 Encoded data for curl request: tarballname=1d7391624a7d93fce97ed7cf09a1f4803da8f44ed4364102bacc19b548f95e18.tar.gz&subresource=upload&objecttype=sandbox
DEBUG 2024-01-15 13:07:32.713 UTC: 	 Will execute:
curl -f -v -X POST  -H "User-Agent: CRAB" -F "key=castells/sandboxes/1d7391624a7d93fce97ed7cf09a1f4803da8f44ed4364102bacc19b548f95e18.tar.gz" -F "AWSAccessKeyId=ab00fcc889f248c495d2875f15a3badb" -F "policy=eyJleHBpcmF0aW9uIjogIjIwMjQtMDEtMTVUMTQ6MDc6MzJaIiwgImNvbmRpdGlvbnMiOiBbeyJidWNrZXQiOiAiY3JhYmNhY2hlX3Byb2QifSwgeyJrZXkiOiAiY2FzdGVsbHMvc2FuZGJveGVzLzFkNzM5MTYyNGE3ZDkzZmNlOTdlZDdjZjA5YTFmNDgwM2RhOGY0NGVkNDM2NDEwMmJhY2MxOWI1NDhmOTVlMTgudGFyLmd6In1dfQ==" -F "signature=T0VosRiLwnYm+sjYKebkSd25ox4=" -F "file=@/eos/home-c/castells/MNConversion/CMSSW_10_6_26/src/hgg_nanoaod_tools/CRAB/MNConversion_crab/crab_MNConversion_HAHMHToAA_AToGG_MA_20GeV_TuneCP5_PSweights_13TeV_madgraph_pythia8_2018/inputs/debugFiles.tgz" "https://s3.cern.ch/crabcache_prod"
DEBUG 2024-01-15 13:07:33.778 UTC: 	 exitcode: 0
stdout: 
DEBUG 2024-01-15 13:07:33.778 UTC: 	 sandbox /eos/home-c/castells/MNConversion/CMSSW_10_6_26/src/hgg_nanoaod_tools/CRAB/MNConversion_crab/crab_MNConversion_HAHMHToAA_AToGG_MA_20GeV_TuneCP5_PSweights_13TeV_madgraph_pythia8_2018/inputs/debugFiles.tgz successully uploaded to S3
DEBUG 2024-01-15 13:07:33.778 UTC: 	 Result uploading input files: add017a5e30aabaa9e4c45c068dbcb0770e0c63e9f838f276b9a30b082ce44a9.tar.gz 
INFO 2024-01-15 13:07:33.779 UTC: 	 Sending the request to the server at cmsweb.cern.ch
DEBUG 2024-01-15 13:07:33.779 UTC: 	 Submitting {'maxjobruntime': 1250, 'extrajdl': [], 'lfn': '/store/user/castells/outputs/Signal_MC_2018', 'savelogsflag': 1, 'useparent': 0, 'inputblocks': [], 'asyncdest': 'T3_US_NotreDame', 'algoargs': 480, 'cachefilename': 'add017a5e30aabaa9e4c45c068dbcb0770e0c63e9f838f276b9a30b082ce44a9.tar.gz', 'numcores': 1, 'addoutputfiles': [], 'generator': 'pythia', 'maxmemory': 2500, 'partialdataset': 0, 'publishdbsurl': 'https://cmsweb.cern.ch/dbs/prod/phys03/DBSWriter', 'priority': 30, 'jobsw': 'CMSSW_10_6_26', 'edmoutfiles': ['HAHMHToAA_AToGG_MA_20GeV_TuneCP5_PSweights_13TeV_madgraph_pythia8_2018.root'], 'userfiles': [], 'primarydataset': '', 'inputdata': '/HAHMHToAA_AToGG_MA-20GeV_TuneCP5_PSweights_13TeV-madgraph_pythia8/RunIIAutumn18MiniAOD-102X_upgrade2018_realistic_v15-v2/MINIAODSIM', 'ignorelocality': 0, 'dryrun': 0, 'workflow': 'crab_MNConversion_HAHMHToAA_AToGG_MA_20GeV_TuneCP5_PSweights_13TeV_madgraph_pythia8_2018', 'cacheurl': u'https://cmsweb.cern.ch/S3/crabcache_prod', 'nonprodsw': 0, 'tfileoutfiles': [], 'oneEventMode': 0, 'debugfilename': '1d7391624a7d93fce97ed7cf09a1f4803da8f44ed4364102bacc19b548f95e18.tar.gz', 'saveoutput': 1, 'publication': 0, 'jobarch': 'slc7_amd64_gcc700', 'totalunits': -1, 'splitalgo': 'Automatic', 'ignoreglobalblacklist': 0, 'nonvaliddata': 0, 'dbsurl': 'https://cmsweb.cern.ch/dbs/prod/global/DBSReader', 'jobtype': 'Analysis', 'requireaccelerator': 0, 'publishname2': ''} 
DEBUG 2024-01-15 13:07:33.780 UTC: 	 Encoded data for curl request: maxjobruntime=1250&lfn=%2Fstore%2Fuser%2Fcastells%2Foutputs%2FSignal_MC_2018&savelogsflag=1&useparent=0&asyncdest=T3_US_NotreDame&algoargs=480&cachefilename=add017a5e30aabaa9e4c45c068dbcb0770e0c63e9f838f276b9a30b082ce44a9.tar.gz&numcores=1&generator=pythia&maxmemory=2500&partialdataset=0&publishdbsurl=https%3A%2F%2Fcmsweb.cern.ch%2Fdbs%2Fprod%2Fphys03%2FDBSWriter&priority=30&jobsw=CMSSW_10_6_26&primarydataset=&inputdata=%2FHAHMHToAA_AToGG_MA-20GeV_TuneCP5_PSweights_13TeV-madgraph_pythia8%2FRunIIAutumn18MiniAOD-102X_upgrade2018_realistic_v15-v2%2FMINIAODSIM&ignorelocality=0&dryrun=0&workflow=crab_MNConversion_HAHMHToAA_AToGG_MA_20GeV_TuneCP5_PSweights_13TeV_madgraph_pythia8_2018&cacheurl=https%3A%2F%2Fcmsweb.cern.ch%2FS3%2Fcrabcache_prod&nonprodsw=0&oneEventMode=0&debugfilename=1d7391624a7d93fce97ed7cf09a1f4803da8f44ed4364102bacc19b548f95e18.tar.gz&saveoutput=1&publication=0&jobarch=slc7_amd64_gcc700&totalunits=-1&splitalgo=Automatic&ignoreglobalblacklist=0&nonvaliddata=0&dbsurl=https%3A%2F%2Fcmsweb.cern.ch%2Fdbs%2Fprod%2Fglobal%2FDBSReader&jobtype=Analysis&requireaccelerator=0&publishname2=&edmoutfiles=HAHMHToAA_AToGG_MA_20GeV_TuneCP5_PSweights_13TeV_madgraph_pythia8_2018.root
DEBUG 2024-01-15 13:07:34.425 UTC: 	 Result: {u'result': [{u'RequestName': u'240115_130734:castells_crab_MNConversion_HAHMHToAA_AToGG_MA_20GeV_TuneCP5_PSweights_13TeV_madgraph_pythia8_2018'}]}
INFO 2024-01-15 13:07:34.435 UTC: 	 Success: Your task has been delivered to the prod CRAB3 server.
INFO 2024-01-15 13:07:34.435 UTC: 	 Task name: 240115_130734:castells_crab_MNConversion_HAHMHToAA_AToGG_MA_20GeV_TuneCP5_PSweights_13TeV_madgraph_pythia8_2018
INFO 2024-01-15 13:07:34.435 UTC: 	 Project dir: MNConversion_crab/crab_MNConversion_HAHMHToAA_AToGG_MA_20GeV_TuneCP5_PSweights_13TeV_madgraph_pythia8_2018
INFO 2024-01-15 13:07:34.435 UTC: 	 Please use ' crab status -d MNConversion_crab/crab_MNConversion_HAHMHToAA_AToGG_MA_20GeV_TuneCP5_PSweights_13TeV_madgraph_pythia8_2018 ' to check how the submission process proceeds.
DEBUG 2024-01-15 13:07:34.435 UTC: 	 About to return
INFO 2024-01-15 13:07:34.459 UTC: 	 Log file is /eos/home-c/castells/MNConversion/CMSSW_10_6_26/src/hgg_nanoaod_tools/CRAB/MNConversion_crab/crab_MNConversion_HAHMHToAA_AToGG_MA_20GeV_TuneCP5_PSweights_13TeV_madgraph_pythia8_2018/crab.log
DEBUG 2024-01-16 11:14:38.922 UTC: 	 CRAB Client version: v3.231101
DEBUG 2024-01-16 11:14:38.922 UTC: 	 Running on: Linux lxplus772.cern.ch 3.10.0-1160.102.1.el7.x86_64 #1 SMP Tue Oct 17 15:42:21 UTC 2023 x86_64 x86_64 x86_64 GNU/Linux - CentOS Linux 7 (Core)
DEBUG 2024-01-16 11:14:38.922 UTC: 	 Executing command: 'status'
DEBUG 2024-01-16 11:14:38.922 UTC: 	 Found CRAB cache file /afs/cern.ch/user/c/castells/.crab3
DEBUG 2024-01-16 11:14:38.969 UTC: 	 Checking credentials
DEBUG 2024-01-16 11:14:38.969 UTC: 	 Found proxy file /tmp/x509up_u125472
DEBUG 2024-01-16 11:14:38.969 UTC: 	 Making sure it has proper VOMS extension
DEBUG 2024-01-16 11:14:38.970 UTC: 	 Executing command :
 voms-proxy-info --vo --file /tmp/x509up_u125472
DEBUG 2024-01-16 11:14:39.325 UTC: 	 output : cms

 error: 
 retcode : 0
DEBUG 2024-01-16 11:14:39.326 UTC: 	 Getting proxy life time left
DEBUG 2024-01-16 11:14:39.326 UTC: 	 Executing command :
 voms-proxy-info --actimeleft --timeleft --file /tmp/x509up_u125472
DEBUG 2024-01-16 11:14:39.696 UTC: 	 output : 352770
352770

 error: 
 retcode : 0
DEBUG 2024-01-16 11:14:39.696 UTC: 	 Proxy valid for 97:59:30 hours
DEBUG 2024-01-16 11:14:39.696 UTC: 	 Encoded data for curl request: subresource=delegatedn
DEBUG 2024-01-16 11:14:39.766 UTC: 	 Registering user credentials on myproxy for /DC=ch/DC=cern/OU=computers/CN=crab-(preprod|prod|dev)-tw(01|02|03).cern.ch|/DC=ch/DC=cern/OU=computers/CN=stefanov(m|m2).cern.ch|/DC=ch/DC=cern/OU=computers/CN=dciangot-tw.cern.ch
DEBUG 2024-01-16 11:14:39.766 UTC: 	 Executing command :
 voms-proxy-info --identity --file /tmp/x509up_u125472
DEBUG 2024-01-16 11:14:40.119 UTC: 	 output : /DC=ch/DC=cern/OU=Organic Units/OU=Users/CN=castells/CN=840278/CN=Sergi Castells

 error: 
 retcode : 0
DEBUG 2024-01-16 11:14:40.119 UTC: 	 Getting myproxy life time left for 85fedee37a5a447f0da843835c459265aae0d06e
DEBUG 2024-01-16 11:14:40.119 UTC: 	 Executing command :
 myproxy-info -s myproxy.cern.ch -l 85fedee37a5a447f0da843835c459265aae0d06e
DEBUG 2024-01-16 11:14:40.403 UTC: 	 output : username: 85fedee37a5a447f0da843835c459265aae0d06e
owner: /DC=ch/DC=cern/OU=Organic Units/OU=Users/CN=castells/CN=840278/CN=Sergi Castells
  renewal policy: /DC=ch/DC=cern/OU=computers/CN=crab-(preprod|prod|dev)-tw(01|02|03).cern.ch|/DC=ch/DC=cern/OU=computers/CN=stefanov(m|m2).cern.ch|/DC=ch/DC=cern/OU=computers/CN=dciangot-tw.cern.ch
  trusted retrieval policy: /DC=ch/DC=cern/OU=computers/CN=crab-(preprod|prod|dev)-tw(01|02|03).cern.ch|/DC=ch/DC=cern/OU=computers/CN=stefanov(m|m2).cern.ch|/DC=ch/DC=cern/OU=computers/CN=dciangot-tw.cern.ch
  timeleft: 625:58:24  (26.1 days)

 error: 
 retcode : 0
DEBUG 2024-01-16 11:14:40.403 UTC: 	 Myproxy is valid: 2253480
DEBUG 2024-01-16 11:14:40.403 UTC: 	 Result of myproxy credential check:
  Credential exists on myproxy: username: 85fedee37a5a447f0da843835c459265aae0d06e  - validity: 26 days, 1:58:00
DEBUG 2024-01-16 11:14:40.403 UTC: 	 Retrieving username ...
DEBUG 2024-01-16 11:14:40.403 UTC: 	 Retrieving username from CRIC...
DEBUG 2024-01-16 11:14:41.224 UTC: 	 username is castells
INFO 2024-01-16 11:14:41.573 UTC: 	 Rucio client intialized for account castells
DEBUG 2024-01-16 11:14:41.575 UTC: 	 Command use: status
DEBUG 2024-01-16 11:14:41.575 UTC: 	 Options use: ['--long', '--verboseErrors', 'MNConversion_crab/crab_MNConversion_HAHMHToAA_AToGG_MA_20GeV_TuneCP5_PSweights_13TeV_madgraph_pythia8_2018/']
DEBUG 2024-01-16 11:14:41.575 UTC: 	 Encoded data for curl request: subresource=version
DEBUG 2024-01-16 11:14:41.621 UTC: 	 CRABClient version: v3.231101
DEBUG 2024-01-16 11:14:41.621 UTC: 	 Instance is prod
DEBUG 2024-01-16 11:14:41.621 UTC: 	 Server base url is cmsweb.cern.ch
DEBUG 2024-01-16 11:14:41.621 UTC: 	 Command api workflow
DEBUG 2024-01-16 11:14:41.621 UTC: 	 Encoded data for curl request: subresource=search&workflow=240115_130734%3Acastells_crab_MNConversion_HAHMHToAA_AToGG_MA_20GeV_TuneCP5_PSweights_13TeV_madgraph_pythia8_2018
DEBUG 2024-01-16 11:14:41.671 UTC: 	 Got information from server oracle database: {'desc': {'columns': ['tm_taskname', 'tm_activity', 'panda_jobset_id', 'tm_task_status', 'tm_task_command', 'tm_start_time', 'tm_start_injection', 'tm_end_injection', 'tm_task_failure', 'tm_job_sw', 'tm_job_arch', 'tm_input_dataset', 'tm_nonvalid_input_dataset', 'tm_use_parent', 'tm_site_whitelist', 'tm_site_blacklist', 'tm_split_algo', 'tm_split_args', 'tm_user_sandbox', 'tm_cache_url', 'tm_username', 'tm_user_dn', 'tm_user_vo', 'tm_user_role', 'tm_user_group', 'tm_publish_name', 'tm_publish_groupname', 'tm_asyncdest', 'tm_dbs_url', 'tm_publish_dbs_url', 'tm_publication', 'tm_outfiles', 'tm_tfile_outfiles', 'tm_edm_outfiles', 'tm_job_type', 'tm_generator', 'tm_events_per_lumi', 'tm_arguments', 'panda_resubmitted_jobs', 'tm_save_logs', 'tw_name', 'tm_user_infiles', 'tm_maxjobruntime', 'tm_numcores', 'tm_maxmemory', 'tm_priority', 'tm_output_dataset', 'tm_task_warnings', 'tm_user_webdir', 'tm_scriptexe', 'tm_scriptargs', 'tm_extrajdl', 'tm_asourl', 'tm_collector', 'tm_schedd', 'tm_dry_run', 'tm_user_files', 'tm_transfer_outputs', 'tm_output_lfn', 'tm_ignore_locality', 'tm_fail_limit', 'tm_one_event_mode', 'tm_secondary_input_dataset', 'tm_primary_dataset', 'tm_last_publication', 'tm_debug_files', 'clusterid', 'tm_asodb', 'tm_ignore_global_blacklist', 'tm_submitter_ip_addr', 'tm_totalunits', 'tm_ddm_reqid', 'tm_user_config', 'tm_transfer_container', 'tm_transfer_rule', 'tm_publish_rule', 'tm_multipub_rule']}, 'result': ['240115_130734:castells_crab_MNConversion_HAHMHToAA_AToGG_MA_20GeV_TuneCP5_PSweights_13TeV_madgraph_pythia8_2018', 'None', 'None', 'SUBMITTED', 'SUBMIT', '2024-01-15 13:07:34.419198', 'None', '2024-01-15 13:08:27.924206', 'None', 'CMSSW_10_6_26', 'slc7_amd64_gcc700', '/HAHMHToAA_AToGG_MA-20GeV_TuneCP5_PSweights_13TeV-madgraph_pythia8/RunIIAutumn18MiniAOD-102X_upgrade2018_realistic_v15-v2/MINIAODSIM', 'F', '0', '[]', '[]', 'Automatic', "{'halt_job_on_file_boundaries': False, 'splitOnRun': False, 'minutes_per_job': 480, 'runs': [], 'lumis': []}", 'add017a5e30aabaa9e4c45c068dbcb0770e0c63e9f838f276b9a30b082ce44a9.tar.gz', 'https://cmsweb.cern.ch/S3/crabcache_prod', 'castells', '/DC=ch/DC=cern/OU=Organic Units/OU=Users/CN=castells/CN=840278/CN=Sergi Castells', 'cms', 'None', 'None', 'crab_MNConversion_HAHMHToAA_AToGG_MA_20GeV_TuneCP5_PSweights_13TeV_madgraph_pythia8_2018-00000000000000000000000000000000', 'F', 'T3_US_NotreDame', 'https://cmsweb.cern.ch/dbs/prod/global/DBSReader', 'https://cmsweb.cern.ch/dbs/prod/phys03/DBSWriter', 'F', '[]', '[]', "['HAHMHToAA_AToGG_MA_20GeV_TuneCP5_PSweights_13TeV_madgraph_pythia8_2018.root']", 'Analysis', 'pythia', 'None', '{}', 'None', 'T', 'crab-prod-tw01', '[]', '1250', '1', '2500', '30', "['/FakeDataset/fakefile-FakePublish-5a31fd84e399e31980da0c660f003f87/USER']", '[]', 'http://vocms0199.cern.ch/mon/castells/240115_130734:castells_crab_MNConversion_HAHMHToAA_AToGG_MA_20GeV_TuneCP5_PSweights_13TeV_madgraph_pythia8_2018', 'None', '[]', '[]', 'None', 'cmsgwms-collector-global.cern.ch:9620,cmsgwms-collector-global.fnal.gov:9620', 'crab3@vocms0199.cern.ch', 'F', '[]', 'T', '/store/user/castells/outputs/Signal_MC_2018', 'F', 'None', 'F', 'None', 'HAHMHToAA_AToGG_MA-20GeV_TuneCP5_PSweights_13TeV-madgraph_pythia8', 'None', '1d7391624a7d93fce97ed7cf09a1f4803da8f44ed4364102bacc19b548f95e18.tar.gz', '60271001', 'None', 'F', '137.138.154.184', '-1.0', 'None', '{"partialdataset": false, "requireaccelerator": false, "acceleratorparams": null, "inputblocks": null}', 'None', 'None', 'None', 'None']}
INFO 2024-01-16 11:14:41.671 UTC: 	 CRAB project directory:		/eos/home-c/castells/MNConversion/CMSSW_10_6_26/src/hgg_nanoaod_tools/CRAB/MNConversion_crab/crab_MNConversion_HAHMHToAA_AToGG_MA_20GeV_TuneCP5_PSweights_13TeV_madgraph_pythia8_2018
INFO 2024-01-16 11:14:41.672 UTC: 	 Task name:			240115_130734:castells_crab_MNConversion_HAHMHToAA_AToGG_MA_20GeV_TuneCP5_PSweights_13TeV_madgraph_pythia8_2018
INFO 2024-01-16 11:14:41.672 UTC: 	 Grid scheduler - Task Worker:	crab3@vocms0199.cern.ch - crab-prod-tw01
INFO 2024-01-16 11:14:41.672 UTC: 	 Status on the CRAB server:	SUBMITTED
INFO 2024-01-16 11:14:41.673 UTC: 	 Task URL to use for HELP:	https://cmsweb.cern.ch/crabserver/ui/task/240115_130734%3Acastells_crab_MNConversion_HAHMHToAA_AToGG_MA_20GeV_TuneCP5_PSweights_13TeV_madgraph_pythia8_2018
INFO 2024-01-16 11:14:41.679 UTC: 	 Dashboard monitoring URL:	https://monit-grafana.cern.ch/d/cmsTMDetail/cms-task-monitoring-task-view?orgId=11&var-user=castells&var-task=240115_130734%3Acastells_crab_MNConversion_HAHMHToAA_AToGG_MA_20GeV_TuneCP5_PSweights_13TeV_madgraph_pythia8_2018&from=1705320454000&to=now
DEBUG 2024-01-16 11:14:41.679 UTC: 	 The CRAB server submitted your task to the Grid scheduler (cluster ID: 60271001)
DEBUG 2024-01-16 11:14:41.679 UTC: 	 Webdir is located at http://vocms0199.cern.ch/mon/castells/240115_130734:castells_crab_MNConversion_HAHMHToAA_AToGG_MA_20GeV_TuneCP5_PSweights_13TeV_madgraph_pythia8_2018
DEBUG 2024-01-16 11:14:41.679 UTC: 	 Encoded data for curl request: subresource=webdirprx&workflow=240115_130734%3Acastells_crab_MNConversion_HAHMHToAA_AToGG_MA_20GeV_TuneCP5_PSweights_13TeV_madgraph_pythia8_2018
DEBUG 2024-01-16 11:14:41.747 UTC: 	 Proxied webdir is located at https://cmsweb.cern.ch:8443/scheddmon/0199/castells/240115_130734:castells_crab_MNConversion_HAHMHToAA_AToGG_MA_20GeV_TuneCP5_PSweights_13TeV_madgraph_pythia8_2018
DEBUG 2024-01-16 11:14:41.748 UTC: 	 Retrieving 'status_cache' file from https://cmsweb.cern.ch:8443/scheddmon/0199/castells/240115_130734:castells_crab_MNConversion_HAHMHToAA_AToGG_MA_20GeV_TuneCP5_PSweights_13TeV_madgraph_pythia8_2018/status_cache.pkl
DEBUG 2024-01-16 11:14:41.748 UTC: 	 Will execute:
curl -sS --capath /etc/grid-security/certificates --cert /tmp/x509up_u125472 --key /tmp/x509up_u125472 -o /tmp/crab_status-cache-8vnt_j49.pkl -w %"{http_code}" "https://cmsweb.cern.ch:8443/scheddmon/0199/castells/240115_130734:castells_crab_MNConversion_HAHMHToAA_AToGG_MA_20GeV_TuneCP5_PSweights_13TeV_madgraph_pythia8_2018/status_cache.pkl"
DEBUG 2024-01-16 11:14:41.748 UTC: 	 Executing command :
 curl -sS --capath /etc/grid-security/certificates --cert /tmp/x509up_u125472 --key /tmp/x509up_u125472 -o /tmp/crab_status-cache-8vnt_j49.pkl -w %"{http_code}" "https://cmsweb.cern.ch:8443/scheddmon/0199/castells/240115_130734:castells_crab_MNConversion_HAHMHToAA_AToGG_MA_20GeV_TuneCP5_PSweights_13TeV_madgraph_pythia8_2018/status_cache.pkl"
DEBUG 2024-01-16 11:14:41.804 UTC: 	 output : 200
 error: 
 retcode : 0
DEBUG 2024-01-16 11:14:41.804 UTC: 	 exitcode: 0
stdout: 200
stderr: 
error details: 
DEBUG 2024-01-16 11:14:41.805 UTC: 	 Got information from status cache file: {'0-1': {'Retries': 0, 'Restarts': 0, 'SiteHistory': ['Unknown', 'T2_US_MIT', 'T2_US_MIT'], 'ResidentSetSize': [2057668], 'SubmitTimes': [1705324112.0], 'StartTimes': [1705324275.0], 'EndTimes': [1705325308.0], 'TotalUserCpuTimeHistory': [843], 'TotalSysCpuTimeHistory': [30], 'WallDurations': [9.0, 198.54577374458313, 1033.0], 'JobIds': ['60271003.0'], 'State': 'finished', 'RecordedSite': True}, '0-2': {'Retries': 0, 'Restarts': 0, 'SiteHistory': ['Unknown', 'T2_US_MIT', 'T2_US_MIT'], 'ResidentSetSize': [2040088], 'SubmitTimes': [1705324112.0], 'StartTimes': [1705324277.0], 'EndTimes': [1705325300.0], 'TotalUserCpuTimeHistory': [925], 'TotalSysCpuTimeHistory': [187], 'WallDurations': [8.0, 196.54577374458313, 1023.0], 'JobIds': ['60271004.0'], 'State': 'finished', 'RecordedSite': True}, '0-3': {'Retries': 0, 'Restarts': 0, 'SiteHistory': ['Unknown', 'T2_US_MIT', 'T2_US_MIT'], 'ResidentSetSize': [2046696], 'SubmitTimes': [1705324112.0], 'StartTimes': [1705324276.0], 'EndTimes': [1705325310.0], 'TotalUserCpuTimeHistory': [880], 'TotalSysCpuTimeHistory': [27], 'WallDurations': [8.0, 197.54577374458313, 1034.0], 'JobIds': ['60271005.0'], 'State': 'finished', 'RecordedSite': True}, '0-4': {'Retries': 0, 'Restarts': 0, 'SiteHistory': ['Unknown', 'T2_US_Nebraska', 'T2_US_Nebraska'], 'ResidentSetSize': [2298272], 'SubmitTimes': [1705324112.0], 'StartTimes': [1705324279.0], 'EndTimes': [1705325384.0], 'TotalUserCpuTimeHistory': [1009], 'TotalSysCpuTimeHistory': [20], 'WallDurations': [9.0, 194.54577374458313, 1105.0], 'JobIds': ['60271006.0'], 'State': 'finished', 'RecordedSite': True}, '0-5': {'Retries': 0, 'Restarts': 0, 'SiteHistory': ['Unknown', 'T2_US_Nebraska', 'T2_US_Nebraska'], 'ResidentSetSize': [2223412], 'SubmitTimes': [1705324112.0], 'StartTimes': [1705324279.0], 'EndTimes': [1705325298.0], 'TotalUserCpuTimeHistory': [924], 'TotalSysCpuTimeHistory': [20], 'WallDurations': [9.0, 194.54577374458313, 1019.0], 'JobIds': ['60271007.0'], 'State': 'finished', 'RecordedSite': True}, '1': {'Retries': 0, 'Restarts': 0, 'SiteHistory': ['Unknown', 'T2_US_MIT', 'T2_US_MIT'], 'ResidentSetSize': [2044744], 'SubmitTimes': [1705325943.0], 'StartTimes': [1705326028.0], 'EndTimes': [1705344569.0], 'TotalUserCpuTimeHistory': [19036], 'TotalSysCpuTimeHistory': [6026], 'WallDurations': [8.0, 246.58640670776367, 18541.0], 'JobIds': ['60271100.0'], 'State': 'finished', 'RecordedSite': True}, '2': {'Retries': 0, 'Restarts': 0, 'SiteHistory': ['Unknown', 'T2_US_MIT', 'T2_US_MIT'], 'ResidentSetSize': [1910284], 'SubmitTimes': [1705325943.0], 'StartTimes': [1705326026.0], 'EndTimes': [1705342206.0], 'TotalUserCpuTimeHistory': [18337], 'TotalSysCpuTimeHistory': [4436], 'WallDurations': [9.0, 248.58640670776367, 16180.0], 'JobIds': ['60271101.0'], 'State': 'finished', 'RecordedSite': True}, '3': {'Retries': 0, 'Restarts': 0, 'SiteHistory': ['Unknown', 'T2_US_Nebraska', 'T2_US_Nebraska'], 'ResidentSetSize': [2420244], 'SubmitTimes': [1705325943.0], 'StartTimes': [1705326031.0], 'EndTimes': [1705354947.0], 'TotalUserCpuTimeHistory': [27004], 'TotalSysCpuTimeHistory': [529], 'WallDurations': [9.0, 243.58640670776367, 28916.0], 'JobIds': ['60271102.0'], 'State': 'finished', 'RecordedSite': True}, '4': {'Retries': 0, 'Restarts': 0, 'SiteHistory': ['Unknown', 'T2_US_MIT', 'T2_US_MIT'], 'ResidentSetSize': [1922468], 'SubmitTimes': [1705325943.0], 'StartTimes': [1705326026.0], 'EndTimes': [1705343887.0], 'TotalUserCpuTimeHistory': [19873], 'TotalSysCpuTimeHistory': [5040], 'WallDurations': [9.0, 248.58640670776367, 17861.0], 'JobIds': ['60271103.0'], 'State': 'finished', 'RecordedSite': True}, '5': {'Retries': 0, 'Restarts': 0, 'SiteHistory': ['Unknown', 'T2_US_MIT', 'T2_US_MIT'], 'ResidentSetSize': [2071272], 'SubmitTimes': [1705325948.0], 'StartTimes': [1705326029.0], 'EndTimes': [1705337736.0], 'TotalUserCpuTimeHistory': [11485], 'TotalSysCpuTimeHistory': [2138], 'WallDurations': [8.0, 245.58640670776367, 11707.0], 'JobIds': ['60271104.0'], 'State': 'finished', 'RecordedSite': True}, '1-1': {'Retries': 0, 'Restarts': 0, 'SiteHistory': ['Unknown', 'T2_US_MIT', 'T2_US_MIT'], 'ResidentSetSize': [2077624], 'SubmitTimes': [1705357023.0], 'StartTimes': [1705357287.0], 'EndTimes': [1705359156.0], 'TotalUserCpuTimeHistory': [2043], 'TotalSysCpuTimeHistory': [733], 'WallDurations': [9.0, 264.7821366786957, 1869.0], 'JobIds': ['60284683.0'], 'State': 'finished', 'RecordedSite': True}}
INFO 2024-01-16 11:14:41.805 UTC: 	 Status on the scheduler:	COMPLETED
INFO 2024-01-16 11:14:41.805 UTC: 	 
The job splitting of this task is 'Automatic', please refer to this FAQ for a description of the jobs status summary:
https://twiki.cern.ch/twiki/bin/view/CMSPublic/CRAB3FAQ#What_is_the_Automatic_splitting
INFO 2024-01-16 11:14:41.805 UTC: 	 More details of Automatic Splitting process for this task (including possible failures) are in the Dagman Log files in:
https://cmsweb.cern.ch:8443/scheddmon/0199/castells/240115_130734:castells_crab_MNConversion_HAHMHToAA_AToGG_MA_20GeV_TuneCP5_PSweights_13TeV_madgraph_pythia8_2018/AutomaticSplitting/
INFO 2024-01-16 11:14:41.806 UTC: 	 
Probe jobs status:              no output    		100.0% (5/5)
INFO 2024-01-16 11:14:41.806 UTC: 	 
Main jobs status:               finished     		100.0% (5/5)
INFO 2024-01-16 11:14:41.806 UTC: 	 
Tail jobs status:               finished     		100.0% (1/1)
INFO 2024-01-16 11:14:41.807 UTC: 	 
No publication information (publication has been disabled in the CRAB configuration file)
INFO 2024-01-16 11:14:41.807 UTC: 	 
Extended Job Status Table:

 Job State        Most Recent Site        Runtime   Mem (MB)      CPU %    Retries   Restarts      Waste       Exit Code
 0-1 no output    T2_US_MIT               0:17:13       2009         85          0          0    0:03:27               0
 0-2 no output    T2_US_MIT               0:17:03       1992        109          0          0    0:03:24               0
 0-3 no output    T2_US_MIT               0:17:14       1998         88          0          0    0:03:25               0
 0-4 no output    T2_US_Nebraska          0:18:25       2244         93          0          0    0:03:23               0
 0-5 no output    T2_US_Nebraska          0:16:59       2171         93          0          0    0:03:23               0
   1 finished     T2_US_MIT               5:09:01       1996        135          0          0    0:04:14               0
   2 finished     T2_US_MIT               4:29:40       1865        141          0          0    0:04:17               0
   3 finished     T2_US_Nebraska          8:01:56       2363         95          0          0    0:04:12               0
   4 finished     T2_US_MIT               4:57:41       1877        139          0          0    0:04:17               0
   5 finished     T2_US_MIT               3:15:07       2022        116          0          0    0:04:13               0
 1-1 finished     T2_US_MIT               0:31:09       2028        149          0          0    0:04:33               0
DEBUG 2024-01-16 11:14:41.808 UTC: 	 
 Job Cluster Id
 0-1 ['60271003.0']
 0-2 ['60271004.0']
 0-3 ['60271005.0']
 0-4 ['60271006.0']
 0-5 ['60271007.0']
   1 ['60271100.0']
   2 ['60271101.0']
   3 ['60271102.0']
   4 ['60271103.0']
   5 ['60271104.0']
 1-1 ['60284683.0']
INFO 2024-01-16 11:14:41.808 UTC: 	 
Summary of run jobs:
 * Memory: 2028MB min, 2363MB max, 2026MB ave
 * Runtime: 0:16:59 min, 8:01:56 max, 4:24:05 ave
 * CPU eff: 95% min, 149% max, 123% ave
 * Waste: 0:25:49 (2% of total)

INFO 2024-01-16 11:14:41.818 UTC: 	 Log file is /eos/home-c/castells/MNConversion/CMSSW_10_6_26/src/hgg_nanoaod_tools/CRAB/MNConversion_crab/crab_MNConversion_HAHMHToAA_AToGG_MA_20GeV_TuneCP5_PSweights_13TeV_madgraph_pythia8_2018/crab.log
DEBUG 2024-01-16 11:16:33.866 UTC: 	 CRAB Client version: v3.231101
DEBUG 2024-01-16 11:16:33.866 UTC: 	 Running on: Linux lxplus772.cern.ch 3.10.0-1160.102.1.el7.x86_64 #1 SMP Tue Oct 17 15:42:21 UTC 2023 x86_64 x86_64 x86_64 GNU/Linux - CentOS Linux 7 (Core)
DEBUG 2024-01-16 11:16:33.866 UTC: 	 Executing command: 'status'
DEBUG 2024-01-16 11:16:33.866 UTC: 	 Found CRAB cache file /afs/cern.ch/user/c/castells/.crab3
DEBUG 2024-01-16 11:16:33.874 UTC: 	 Checking credentials
DEBUG 2024-01-16 11:16:33.874 UTC: 	 Found proxy file /tmp/x509up_u125472
DEBUG 2024-01-16 11:16:33.874 UTC: 	 Making sure it has proper VOMS extension
DEBUG 2024-01-16 11:16:33.874 UTC: 	 Executing command :
 voms-proxy-info --vo --file /tmp/x509up_u125472
DEBUG 2024-01-16 11:16:34.226 UTC: 	 output : cms

 error: 
 retcode : 0
DEBUG 2024-01-16 11:16:34.226 UTC: 	 Getting proxy life time left
DEBUG 2024-01-16 11:16:34.226 UTC: 	 Executing command :
 voms-proxy-info --actimeleft --timeleft --file /tmp/x509up_u125472
DEBUG 2024-01-16 11:16:34.586 UTC: 	 output : 352655
352655

 error: 
 retcode : 0
DEBUG 2024-01-16 11:16:34.586 UTC: 	 Proxy valid for 97:57:35 hours
DEBUG 2024-01-16 11:16:34.586 UTC: 	 Encoded data for curl request: subresource=delegatedn
DEBUG 2024-01-16 11:16:34.638 UTC: 	 Registering user credentials on myproxy for /DC=ch/DC=cern/OU=computers/CN=crab-(preprod|prod|dev)-tw(01|02|03).cern.ch|/DC=ch/DC=cern/OU=computers/CN=stefanov(m|m2).cern.ch|/DC=ch/DC=cern/OU=computers/CN=dciangot-tw.cern.ch
DEBUG 2024-01-16 11:16:34.638 UTC: 	 Executing command :
 voms-proxy-info --identity --file /tmp/x509up_u125472
DEBUG 2024-01-16 11:16:35.004 UTC: 	 output : /DC=ch/DC=cern/OU=Organic Units/OU=Users/CN=castells/CN=840278/CN=Sergi Castells

 error: 
 retcode : 0
DEBUG 2024-01-16 11:16:35.004 UTC: 	 Getting myproxy life time left for 85fedee37a5a447f0da843835c459265aae0d06e
DEBUG 2024-01-16 11:16:35.004 UTC: 	 Executing command :
 myproxy-info -s myproxy.cern.ch -l 85fedee37a5a447f0da843835c459265aae0d06e
DEBUG 2024-01-16 11:16:35.296 UTC: 	 output : username: 85fedee37a5a447f0da843835c459265aae0d06e
owner: /DC=ch/DC=cern/OU=Organic Units/OU=Users/CN=castells/CN=840278/CN=Sergi Castells
  renewal policy: /DC=ch/DC=cern/OU=computers/CN=crab-(preprod|prod|dev)-tw(01|02|03).cern.ch|/DC=ch/DC=cern/OU=computers/CN=stefanov(m|m2).cern.ch|/DC=ch/DC=cern/OU=computers/CN=dciangot-tw.cern.ch
  trusted retrieval policy: /DC=ch/DC=cern/OU=computers/CN=crab-(preprod|prod|dev)-tw(01|02|03).cern.ch|/DC=ch/DC=cern/OU=computers/CN=stefanov(m|m2).cern.ch|/DC=ch/DC=cern/OU=computers/CN=dciangot-tw.cern.ch
  timeleft: 625:56:29  (26.1 days)

 error: 
 retcode : 0
DEBUG 2024-01-16 11:16:35.296 UTC: 	 Myproxy is valid: 2253360
DEBUG 2024-01-16 11:16:35.296 UTC: 	 Result of myproxy credential check:
  Credential exists on myproxy: username: 85fedee37a5a447f0da843835c459265aae0d06e  - validity: 26 days, 1:56:00
DEBUG 2024-01-16 11:16:35.296 UTC: 	 Retrieving username ...
DEBUG 2024-01-16 11:16:35.296 UTC: 	 Retrieving username from CRIC...
DEBUG 2024-01-16 11:16:36.106 UTC: 	 username is castells
INFO 2024-01-16 11:16:36.435 UTC: 	 Rucio client intialized for account castells
DEBUG 2024-01-16 11:16:36.438 UTC: 	 Command use: status
DEBUG 2024-01-16 11:16:36.438 UTC: 	 Options use: ['--long', '--verboseErrors', 'MNConversion_crab/crab_MNConversion_HAHMHToAA_AToGG_MA_20GeV_TuneCP5_PSweights_13TeV_madgraph_pythia8_2018/']
DEBUG 2024-01-16 11:16:36.438 UTC: 	 Encoded data for curl request: subresource=version
DEBUG 2024-01-16 11:16:36.487 UTC: 	 CRABClient version: v3.231101
DEBUG 2024-01-16 11:16:36.487 UTC: 	 Instance is prod
DEBUG 2024-01-16 11:16:36.487 UTC: 	 Server base url is cmsweb.cern.ch
DEBUG 2024-01-16 11:16:36.487 UTC: 	 Command api workflow
DEBUG 2024-01-16 11:16:36.487 UTC: 	 Encoded data for curl request: subresource=search&workflow=240115_130734%3Acastells_crab_MNConversion_HAHMHToAA_AToGG_MA_20GeV_TuneCP5_PSweights_13TeV_madgraph_pythia8_2018
DEBUG 2024-01-16 11:16:36.580 UTC: 	 Got information from server oracle database: {'desc': {'columns': ['tm_taskname', 'tm_activity', 'panda_jobset_id', 'tm_task_status', 'tm_task_command', 'tm_start_time', 'tm_start_injection', 'tm_end_injection', 'tm_task_failure', 'tm_job_sw', 'tm_job_arch', 'tm_input_dataset', 'tm_nonvalid_input_dataset', 'tm_use_parent', 'tm_site_whitelist', 'tm_site_blacklist', 'tm_split_algo', 'tm_split_args', 'tm_user_sandbox', 'tm_cache_url', 'tm_username', 'tm_user_dn', 'tm_user_vo', 'tm_user_role', 'tm_user_group', 'tm_publish_name', 'tm_publish_groupname', 'tm_asyncdest', 'tm_dbs_url', 'tm_publish_dbs_url', 'tm_publication', 'tm_outfiles', 'tm_tfile_outfiles', 'tm_edm_outfiles', 'tm_job_type', 'tm_generator', 'tm_events_per_lumi', 'tm_arguments', 'panda_resubmitted_jobs', 'tm_save_logs', 'tw_name', 'tm_user_infiles', 'tm_maxjobruntime', 'tm_numcores', 'tm_maxmemory', 'tm_priority', 'tm_output_dataset', 'tm_task_warnings', 'tm_user_webdir', 'tm_scriptexe', 'tm_scriptargs', 'tm_extrajdl', 'tm_asourl', 'tm_collector', 'tm_schedd', 'tm_dry_run', 'tm_user_files', 'tm_transfer_outputs', 'tm_output_lfn', 'tm_ignore_locality', 'tm_fail_limit', 'tm_one_event_mode', 'tm_secondary_input_dataset', 'tm_primary_dataset', 'tm_last_publication', 'tm_debug_files', 'clusterid', 'tm_asodb', 'tm_ignore_global_blacklist', 'tm_submitter_ip_addr', 'tm_totalunits', 'tm_ddm_reqid', 'tm_user_config', 'tm_transfer_container', 'tm_transfer_rule', 'tm_publish_rule', 'tm_multipub_rule']}, 'result': ['240115_130734:castells_crab_MNConversion_HAHMHToAA_AToGG_MA_20GeV_TuneCP5_PSweights_13TeV_madgraph_pythia8_2018', 'None', 'None', 'SUBMITTED', 'SUBMIT', '2024-01-15 13:07:34.419198', 'None', '2024-01-15 13:08:27.924206', 'None', 'CMSSW_10_6_26', 'slc7_amd64_gcc700', '/HAHMHToAA_AToGG_MA-20GeV_TuneCP5_PSweights_13TeV-madgraph_pythia8/RunIIAutumn18MiniAOD-102X_upgrade2018_realistic_v15-v2/MINIAODSIM', 'F', '0', '[]', '[]', 'Automatic', "{'halt_job_on_file_boundaries': False, 'splitOnRun': False, 'minutes_per_job': 480, 'runs': [], 'lumis': []}", 'add017a5e30aabaa9e4c45c068dbcb0770e0c63e9f838f276b9a30b082ce44a9.tar.gz', 'https://cmsweb.cern.ch/S3/crabcache_prod', 'castells', '/DC=ch/DC=cern/OU=Organic Units/OU=Users/CN=castells/CN=840278/CN=Sergi Castells', 'cms', 'None', 'None', 'crab_MNConversion_HAHMHToAA_AToGG_MA_20GeV_TuneCP5_PSweights_13TeV_madgraph_pythia8_2018-00000000000000000000000000000000', 'F', 'T3_US_NotreDame', 'https://cmsweb.cern.ch/dbs/prod/global/DBSReader', 'https://cmsweb.cern.ch/dbs/prod/phys03/DBSWriter', 'F', '[]', '[]', "['HAHMHToAA_AToGG_MA_20GeV_TuneCP5_PSweights_13TeV_madgraph_pythia8_2018.root']", 'Analysis', 'pythia', 'None', '{}', 'None', 'T', 'crab-prod-tw01', '[]', '1250', '1', '2500', '30', "['/FakeDataset/fakefile-FakePublish-5a31fd84e399e31980da0c660f003f87/USER']", '[]', 'http://vocms0199.cern.ch/mon/castells/240115_130734:castells_crab_MNConversion_HAHMHToAA_AToGG_MA_20GeV_TuneCP5_PSweights_13TeV_madgraph_pythia8_2018', 'None', '[]', '[]', 'None', 'cmsgwms-collector-global.cern.ch:9620,cmsgwms-collector-global.fnal.gov:9620', 'crab3@vocms0199.cern.ch', 'F', '[]', 'T', '/store/user/castells/outputs/Signal_MC_2018', 'F', 'None', 'F', 'None', 'HAHMHToAA_AToGG_MA-20GeV_TuneCP5_PSweights_13TeV-madgraph_pythia8', 'None', '1d7391624a7d93fce97ed7cf09a1f4803da8f44ed4364102bacc19b548f95e18.tar.gz', '60271001', 'None', 'F', '137.138.154.184', '-1.0', 'None', '{"partialdataset": false, "requireaccelerator": false, "acceleratorparams": null, "inputblocks": null}', 'None', 'None', 'None', 'None']}
INFO 2024-01-16 11:16:36.580 UTC: 	 CRAB project directory:		/eos/home-c/castells/MNConversion/CMSSW_10_6_26/src/hgg_nanoaod_tools/CRAB/MNConversion_crab/crab_MNConversion_HAHMHToAA_AToGG_MA_20GeV_TuneCP5_PSweights_13TeV_madgraph_pythia8_2018
INFO 2024-01-16 11:16:36.580 UTC: 	 Task name:			240115_130734:castells_crab_MNConversion_HAHMHToAA_AToGG_MA_20GeV_TuneCP5_PSweights_13TeV_madgraph_pythia8_2018
INFO 2024-01-16 11:16:36.581 UTC: 	 Grid scheduler - Task Worker:	crab3@vocms0199.cern.ch - crab-prod-tw01
INFO 2024-01-16 11:16:36.581 UTC: 	 Status on the CRAB server:	SUBMITTED
INFO 2024-01-16 11:16:36.581 UTC: 	 Task URL to use for HELP:	https://cmsweb.cern.ch/crabserver/ui/task/240115_130734%3Acastells_crab_MNConversion_HAHMHToAA_AToGG_MA_20GeV_TuneCP5_PSweights_13TeV_madgraph_pythia8_2018
INFO 2024-01-16 11:16:36.587 UTC: 	 Dashboard monitoring URL:	https://monit-grafana.cern.ch/d/cmsTMDetail/cms-task-monitoring-task-view?orgId=11&var-user=castells&var-task=240115_130734%3Acastells_crab_MNConversion_HAHMHToAA_AToGG_MA_20GeV_TuneCP5_PSweights_13TeV_madgraph_pythia8_2018&from=1705320454000&to=now
DEBUG 2024-01-16 11:16:36.588 UTC: 	 The CRAB server submitted your task to the Grid scheduler (cluster ID: 60271001)
DEBUG 2024-01-16 11:16:36.588 UTC: 	 Webdir is located at http://vocms0199.cern.ch/mon/castells/240115_130734:castells_crab_MNConversion_HAHMHToAA_AToGG_MA_20GeV_TuneCP5_PSweights_13TeV_madgraph_pythia8_2018
DEBUG 2024-01-16 11:16:36.588 UTC: 	 Encoded data for curl request: subresource=webdirprx&workflow=240115_130734%3Acastells_crab_MNConversion_HAHMHToAA_AToGG_MA_20GeV_TuneCP5_PSweights_13TeV_madgraph_pythia8_2018
DEBUG 2024-01-16 11:16:36.665 UTC: 	 Proxied webdir is located at https://cmsweb.cern.ch:8443/scheddmon/0199/castells/240115_130734:castells_crab_MNConversion_HAHMHToAA_AToGG_MA_20GeV_TuneCP5_PSweights_13TeV_madgraph_pythia8_2018
DEBUG 2024-01-16 11:16:36.666 UTC: 	 Retrieving 'status_cache' file from https://cmsweb.cern.ch:8443/scheddmon/0199/castells/240115_130734:castells_crab_MNConversion_HAHMHToAA_AToGG_MA_20GeV_TuneCP5_PSweights_13TeV_madgraph_pythia8_2018/status_cache.pkl
DEBUG 2024-01-16 11:16:36.666 UTC: 	 Will execute:
curl -sS --capath /etc/grid-security/certificates --cert /tmp/x509up_u125472 --key /tmp/x509up_u125472 -o /tmp/crab_status-cache-6yiajjv9.pkl -w %"{http_code}" "https://cmsweb.cern.ch:8443/scheddmon/0199/castells/240115_130734:castells_crab_MNConversion_HAHMHToAA_AToGG_MA_20GeV_TuneCP5_PSweights_13TeV_madgraph_pythia8_2018/status_cache.pkl"
DEBUG 2024-01-16 11:16:36.666 UTC: 	 Executing command :
 curl -sS --capath /etc/grid-security/certificates --cert /tmp/x509up_u125472 --key /tmp/x509up_u125472 -o /tmp/crab_status-cache-6yiajjv9.pkl -w %"{http_code}" "https://cmsweb.cern.ch:8443/scheddmon/0199/castells/240115_130734:castells_crab_MNConversion_HAHMHToAA_AToGG_MA_20GeV_TuneCP5_PSweights_13TeV_madgraph_pythia8_2018/status_cache.pkl"
DEBUG 2024-01-16 11:16:36.706 UTC: 	 output : 200
 error: 
 retcode : 0
DEBUG 2024-01-16 11:16:36.706 UTC: 	 exitcode: 0
stdout: 200
stderr: 
error details: 
DEBUG 2024-01-16 11:16:36.706 UTC: 	 Got information from status cache file: {'0-1': {'Retries': 0, 'Restarts': 0, 'SiteHistory': ['Unknown', 'T2_US_MIT', 'T2_US_MIT'], 'ResidentSetSize': [2057668], 'SubmitTimes': [1705324112.0], 'StartTimes': [1705324275.0], 'EndTimes': [1705325308.0], 'TotalUserCpuTimeHistory': [843], 'TotalSysCpuTimeHistory': [30], 'WallDurations': [9.0, 198.54577374458313, 1033.0], 'JobIds': ['60271003.0'], 'State': 'finished', 'RecordedSite': True}, '0-2': {'Retries': 0, 'Restarts': 0, 'SiteHistory': ['Unknown', 'T2_US_MIT', 'T2_US_MIT'], 'ResidentSetSize': [2040088], 'SubmitTimes': [1705324112.0], 'StartTimes': [1705324277.0], 'EndTimes': [1705325300.0], 'TotalUserCpuTimeHistory': [925], 'TotalSysCpuTimeHistory': [187], 'WallDurations': [8.0, 196.54577374458313, 1023.0], 'JobIds': ['60271004.0'], 'State': 'finished', 'RecordedSite': True}, '0-3': {'Retries': 0, 'Restarts': 0, 'SiteHistory': ['Unknown', 'T2_US_MIT', 'T2_US_MIT'], 'ResidentSetSize': [2046696], 'SubmitTimes': [1705324112.0], 'StartTimes': [1705324276.0], 'EndTimes': [1705325310.0], 'TotalUserCpuTimeHistory': [880], 'TotalSysCpuTimeHistory': [27], 'WallDurations': [8.0, 197.54577374458313, 1034.0], 'JobIds': ['60271005.0'], 'State': 'finished', 'RecordedSite': True}, '0-4': {'Retries': 0, 'Restarts': 0, 'SiteHistory': ['Unknown', 'T2_US_Nebraska', 'T2_US_Nebraska'], 'ResidentSetSize': [2298272], 'SubmitTimes': [1705324112.0], 'StartTimes': [1705324279.0], 'EndTimes': [1705325384.0], 'TotalUserCpuTimeHistory': [1009], 'TotalSysCpuTimeHistory': [20], 'WallDurations': [9.0, 194.54577374458313, 1105.0], 'JobIds': ['60271006.0'], 'State': 'finished', 'RecordedSite': True}, '0-5': {'Retries': 0, 'Restarts': 0, 'SiteHistory': ['Unknown', 'T2_US_Nebraska', 'T2_US_Nebraska'], 'ResidentSetSize': [2223412], 'SubmitTimes': [1705324112.0], 'StartTimes': [1705324279.0], 'EndTimes': [1705325298.0], 'TotalUserCpuTimeHistory': [924], 'TotalSysCpuTimeHistory': [20], 'WallDurations': [9.0, 194.54577374458313, 1019.0], 'JobIds': ['60271007.0'], 'State': 'finished', 'RecordedSite': True}, '1': {'Retries': 0, 'Restarts': 0, 'SiteHistory': ['Unknown', 'T2_US_MIT', 'T2_US_MIT'], 'ResidentSetSize': [2044744], 'SubmitTimes': [1705325943.0], 'StartTimes': [1705326028.0], 'EndTimes': [1705344569.0], 'TotalUserCpuTimeHistory': [19036], 'TotalSysCpuTimeHistory': [6026], 'WallDurations': [8.0, 246.58640670776367, 18541.0], 'JobIds': ['60271100.0'], 'State': 'finished', 'RecordedSite': True}, '2': {'Retries': 0, 'Restarts': 0, 'SiteHistory': ['Unknown', 'T2_US_MIT', 'T2_US_MIT'], 'ResidentSetSize': [1910284], 'SubmitTimes': [1705325943.0], 'StartTimes': [1705326026.0], 'EndTimes': [1705342206.0], 'TotalUserCpuTimeHistory': [18337], 'TotalSysCpuTimeHistory': [4436], 'WallDurations': [9.0, 248.58640670776367, 16180.0], 'JobIds': ['60271101.0'], 'State': 'finished', 'RecordedSite': True}, '3': {'Retries': 0, 'Restarts': 0, 'SiteHistory': ['Unknown', 'T2_US_Nebraska', 'T2_US_Nebraska'], 'ResidentSetSize': [2420244], 'SubmitTimes': [1705325943.0], 'StartTimes': [1705326031.0], 'EndTimes': [1705354947.0], 'TotalUserCpuTimeHistory': [27004], 'TotalSysCpuTimeHistory': [529], 'WallDurations': [9.0, 243.58640670776367, 28916.0], 'JobIds': ['60271102.0'], 'State': 'finished', 'RecordedSite': True}, '4': {'Retries': 0, 'Restarts': 0, 'SiteHistory': ['Unknown', 'T2_US_MIT', 'T2_US_MIT'], 'ResidentSetSize': [1922468], 'SubmitTimes': [1705325943.0], 'StartTimes': [1705326026.0], 'EndTimes': [1705343887.0], 'TotalUserCpuTimeHistory': [19873], 'TotalSysCpuTimeHistory': [5040], 'WallDurations': [9.0, 248.58640670776367, 17861.0], 'JobIds': ['60271103.0'], 'State': 'finished', 'RecordedSite': True}, '5': {'Retries': 0, 'Restarts': 0, 'SiteHistory': ['Unknown', 'T2_US_MIT', 'T2_US_MIT'], 'ResidentSetSize': [2071272], 'SubmitTimes': [1705325948.0], 'StartTimes': [1705326029.0], 'EndTimes': [1705337736.0], 'TotalUserCpuTimeHistory': [11485], 'TotalSysCpuTimeHistory': [2138], 'WallDurations': [8.0, 245.58640670776367, 11707.0], 'JobIds': ['60271104.0'], 'State': 'finished', 'RecordedSite': True}, '1-1': {'Retries': 0, 'Restarts': 0, 'SiteHistory': ['Unknown', 'T2_US_MIT', 'T2_US_MIT'], 'ResidentSetSize': [2077624], 'SubmitTimes': [1705357023.0], 'StartTimes': [1705357287.0], 'EndTimes': [1705359156.0], 'TotalUserCpuTimeHistory': [2043], 'TotalSysCpuTimeHistory': [733], 'WallDurations': [9.0, 264.7821366786957, 1869.0], 'JobIds': ['60284683.0'], 'State': 'finished', 'RecordedSite': True}}
INFO 2024-01-16 11:16:36.706 UTC: 	 Status on the scheduler:	COMPLETED
INFO 2024-01-16 11:16:36.709 UTC: 	 
The job splitting of this task is 'Automatic', please refer to this FAQ for a description of the jobs status summary:
https://twiki.cern.ch/twiki/bin/view/CMSPublic/CRAB3FAQ#What_is_the_Automatic_splitting
INFO 2024-01-16 11:16:36.709 UTC: 	 More details of Automatic Splitting process for this task (including possible failures) are in the Dagman Log files in:
https://cmsweb.cern.ch:8443/scheddmon/0199/castells/240115_130734:castells_crab_MNConversion_HAHMHToAA_AToGG_MA_20GeV_TuneCP5_PSweights_13TeV_madgraph_pythia8_2018/AutomaticSplitting/
INFO 2024-01-16 11:16:36.709 UTC: 	 
Probe jobs status:              no output    		100.0% (5/5)
INFO 2024-01-16 11:16:36.710 UTC: 	 
Main jobs status:               finished     		100.0% (5/5)
INFO 2024-01-16 11:16:36.710 UTC: 	 
Tail jobs status:               finished     		100.0% (1/1)
INFO 2024-01-16 11:16:36.710 UTC: 	 
No publication information (publication has been disabled in the CRAB configuration file)
INFO 2024-01-16 11:16:36.710 UTC: 	 
Extended Job Status Table:

 Job State        Most Recent Site        Runtime   Mem (MB)      CPU %    Retries   Restarts      Waste       Exit Code
 0-1 no output    T2_US_MIT               0:17:13       2009         85          0          0    0:03:27               0
 0-2 no output    T2_US_MIT               0:17:03       1992        109          0          0    0:03:24               0
 0-3 no output    T2_US_MIT               0:17:14       1998         88          0          0    0:03:25               0
 0-4 no output    T2_US_Nebraska          0:18:25       2244         93          0          0    0:03:23               0
 0-5 no output    T2_US_Nebraska          0:16:59       2171         93          0          0    0:03:23               0
   1 finished     T2_US_MIT               5:09:01       1996        135          0          0    0:04:14               0
   2 finished     T2_US_MIT               4:29:40       1865        141          0          0    0:04:17               0
   3 finished     T2_US_Nebraska          8:01:56       2363         95          0          0    0:04:12               0
   4 finished     T2_US_MIT               4:57:41       1877        139          0          0    0:04:17               0
   5 finished     T2_US_MIT               3:15:07       2022        116          0          0    0:04:13               0
 1-1 finished     T2_US_MIT               0:31:09       2028        149          0          0    0:04:33               0
DEBUG 2024-01-16 11:16:36.711 UTC: 	 
 Job Cluster Id
 0-1 ['60271003.0']
 0-2 ['60271004.0']
 0-3 ['60271005.0']
 0-4 ['60271006.0']
 0-5 ['60271007.0']
   1 ['60271100.0']
   2 ['60271101.0']
   3 ['60271102.0']
   4 ['60271103.0']
   5 ['60271104.0']
 1-1 ['60284683.0']
INFO 2024-01-16 11:16:36.711 UTC: 	 
Summary of run jobs:
 * Memory: 2028MB min, 2363MB max, 2026MB ave
 * Runtime: 0:16:59 min, 8:01:56 max, 4:24:05 ave
 * CPU eff: 95% min, 149% max, 123% ave
 * Waste: 0:25:49 (2% of total)

INFO 2024-01-16 11:16:36.721 UTC: 	 Log file is /eos/home-c/castells/MNConversion/CMSSW_10_6_26/src/hgg_nanoaod_tools/CRAB/MNConversion_crab/crab_MNConversion_HAHMHToAA_AToGG_MA_20GeV_TuneCP5_PSweights_13TeV_madgraph_pythia8_2018/crab.log
