Updating process to run DeepBoostedJet on datasets before 103X
Updating process to run ParticleNet before it's included in MiniAOD
Updating process to run DeepDoubleX on datasets before 104X
Updating process to run DeepDoubleXv2 on datasets before 11X
Will recalculate the following discriminators on AK8 jets: pfDeepBoostedJetTags:probTbcq, pfDeepBoostedJetTags:probTbqq, pfDeepBoostedJetTags:probTbc, pfDeepBoostedJetTags:probTbq, pfDeepBoostedJetTags:probWcq, pfDeepBoostedJetTags:probWqq, pfDeepBoostedJetTags:probZbb, pfDeepBoostedJetTags:probZcc, pfDeepBoostedJetTags:probZqq, pfDeepBoostedJetTags:probHbb, pfDeepBoostedJetTags:probHcc, pfDeepBoostedJetTags:probHqqqq, pfDeepBoostedJetTags:probQCDbb, pfDeepBoostedJetTags:probQCDcc, pfDeepBoostedJetTags:probQCDb, pfDeepBoostedJetTags:probQCDc, pfDeepBoostedJetTags:probQCDothers, pfDeepBoostedDiscriminatorsJetTags:TvsQCD, pfDeepBoostedDiscriminatorsJetTags:WvsQCD, pfDeepBoostedDiscriminatorsJetTags:ZvsQCD, pfDeepBoostedDiscriminatorsJetTags:ZbbvsQCD, pfDeepBoostedDiscriminatorsJetTags:HbbvsQCD, pfDeepBoostedDiscriminatorsJetTags:H4qvsQCD, pfMassDecorrelatedDeepBoostedJetTags:probTbcq, pfMassDecorrelatedDeepBoostedJetTags:probTbqq, pfMassDecorrelatedDeepBoostedJetTags:probTbc, pfMassDecorrelatedDeepBoostedJetTags:probTbq, pfMassDecorrelatedDeepBoostedJetTags:probWcq, pfMassDecorrelatedDeepBoostedJetTags:probWqq, pfMassDecorrelatedDeepBoostedJetTags:probZbb, pfMassDecorrelatedDeepBoostedJetTags:probZcc, pfMassDecorrelatedDeepBoostedJetTags:probZqq, pfMassDecorrelatedDeepBoostedJetTags:probHbb, pfMassDecorrelatedDeepBoostedJetTags:probHcc, pfMassDecorrelatedDeepBoostedJetTags:probHqqqq, pfMassDecorrelatedDeepBoostedJetTags:probQCDbb, pfMassDecorrelatedDeepBoostedJetTags:probQCDcc, pfMassDecorrelatedDeepBoostedJetTags:probQCDb, pfMassDecorrelatedDeepBoostedJetTags:probQCDc, pfMassDecorrelatedDeepBoostedJetTags:probQCDothers, pfMassDecorrelatedDeepBoostedDiscriminatorsJetTags:TvsQCD, pfMassDecorrelatedDeepBoostedDiscriminatorsJetTags:WvsQCD, pfMassDecorrelatedDeepBoostedDiscriminatorsJetTags:ZvsQCD, pfMassDecorrelatedDeepBoostedDiscriminatorsJetTags:ZHbbvsQCD, pfMassDecorrelatedDeepBoostedDiscriminatorsJetTags:ZbbvsQCD, pfMassDecorrelatedDeepBoostedDiscriminatorsJetTags:HbbvsQCD, pfMassDecorrelatedDeepBoostedDiscriminatorsJetTags:H4qvsQCD, pfMassDecorrelatedDeepBoostedDiscriminatorsJetTags:ZHccvsQCD, pfMassDecorrelatedDeepBoostedDiscriminatorsJetTags:bbvsLight, pfMassDecorrelatedDeepBoostedDiscriminatorsJetTags:ccvsLight, pfParticleNetJetTags:probTbcq, pfParticleNetJetTags:probTbqq, pfParticleNetJetTags:probTbc, pfParticleNetJetTags:probTbq, pfParticleNetJetTags:probTbel, pfParticleNetJetTags:probTbmu, pfParticleNetJetTags:probTbta, pfParticleNetJetTags:probWcq, pfParticleNetJetTags:probWqq, pfParticleNetJetTags:probZbb, pfParticleNetJetTags:probZcc, pfParticleNetJetTags:probZqq, pfParticleNetJetTags:probHbb, pfParticleNetJetTags:probHcc, pfParticleNetJetTags:probHqqqq, pfParticleNetJetTags:probQCDbb, pfParticleNetJetTags:probQCDcc, pfParticleNetJetTags:probQCDb, pfParticleNetJetTags:probQCDc, pfParticleNetJetTags:probQCDothers, pfParticleNetDiscriminatorsJetTags:TvsQCD, pfParticleNetDiscriminatorsJetTags:WvsQCD, pfParticleNetDiscriminatorsJetTags:ZvsQCD, pfParticleNetDiscriminatorsJetTags:ZbbvsQCD, pfParticleNetDiscriminatorsJetTags:HbbvsQCD, pfParticleNetDiscriminatorsJetTags:HccvsQCD, pfParticleNetDiscriminatorsJetTags:H4qvsQCD, pfMassDecorrelatedParticleNetJetTags:probXbb, pfMassDecorrelatedParticleNetJetTags:probXcc, pfMassDecorrelatedParticleNetJetTags:probXqq, pfMassDecorrelatedParticleNetJetTags:probQCDbb, pfMassDecorrelatedParticleNetJetTags:probQCDcc, pfMassDecorrelatedParticleNetJetTags:probQCDb, pfMassDecorrelatedParticleNetJetTags:probQCDc, pfMassDecorrelatedParticleNetJetTags:probQCDothers, pfMassDecorrelatedParticleNetDiscriminatorsJetTags:XbbvsQCD, pfMassDecorrelatedParticleNetDiscriminatorsJetTags:XccvsQCD, pfMassDecorrelatedParticleNetDiscriminatorsJetTags:XqqvsQCD, pfParticleNetMassRegressionJetTags:mass, pfDeepDoubleBvLJetTags:probHbb, pfDeepDoubleCvLJetTags:probHcc, pfDeepDoubleCvBJetTags:probHcc, pfMassIndependentDeepDoubleBvLJetTags:probHbb, pfMassIndependentDeepDoubleCvLJetTags:probHcc, pfMassIndependentDeepDoubleCvBJetTags:probHcc, pfMassIndependentDeepDoubleBvLV2JetTags:probHbb, pfMassIndependentDeepDoubleCvLV2JetTags:probHcc, pfMassIndependentDeepDoubleCvBV2JetTags:probHcc
add DeepMET Producers
DEBUG 2024-01-15 13:09:58.150 UTC: 	 CRAB Client version: v3.231010
DEBUG 2024-01-15 13:09:58.151 UTC: 	 Running on: Linux lxplus717.cern.ch 3.10.0-1160.102.1.el7.x86_64 #1 SMP Tue Oct 17 15:42:21 UTC 2023 x86_64 x86_64 x86_64 GNU/Linux - CentOS Linux 7 (Core)
DEBUG 2024-01-15 13:09:58.151 UTC: 	 Executing command: 'submit'
DEBUG 2024-01-15 13:09:58.151 UTC: 	 Found CRAB cache file /afs/cern.ch/user/c/castells/.crab3
INFO 2024-01-15 13:09:58.151 UTC: 	 Will use CRAB configuration file HAHMHToAA_AToGG_MA_60GeV_TuneCP5_PSweights_13TeV_madgraph_pythia8_2018_submit.py
DEBUG 2024-01-15 13:09:58.151 UTC: 	 Loading CRAB configuration file.
DEBUG 2024-01-15 13:09:58.299 UTC: 	 Will use CRAB Analysis plugin (i.e. will run an analysis job type).
DEBUG 2024-01-15 13:09:59.069 UTC: 	 Checking credentials
DEBUG 2024-01-15 13:09:59.069 UTC: 	 Found proxy file /tmp/x509up_u125472
DEBUG 2024-01-15 13:09:59.069 UTC: 	 Making sure it has proper VOMS extension
DEBUG 2024-01-15 13:09:59.069 UTC: 	 Executing command :
 voms-proxy-info --vo --file /tmp/x509up_u125472
DEBUG 2024-01-15 13:09:59.511 UTC: 	 output : cms

 error: 
 retcode : 0
DEBUG 2024-01-15 13:09:59.511 UTC: 	 Getting proxy life time left
DEBUG 2024-01-15 13:09:59.511 UTC: 	 Executing command :
 voms-proxy-info --actimeleft --timeleft --file /tmp/x509up_u125472
DEBUG 2024-01-15 13:09:59.931 UTC: 	 output : 30000
30000

 error: 
 retcode : 0
DEBUG 2024-01-15 13:09:59.931 UTC: 	 Proxy valid for 08:20:00 hours
DEBUG 2024-01-15 13:09:59.941 UTC: 	 Encoded data for curl request: subresource=delegatedn
DEBUG 2024-01-15 13:09:59.991 UTC: 	 Registering user credentials on myproxy for /DC=ch/DC=cern/OU=computers/CN=crab-(preprod|prod|dev)-tw(01|02|03).cern.ch|/DC=ch/DC=cern/OU=computers/CN=stefanov(m|m2).cern.ch|/DC=ch/DC=cern/OU=computers/CN=dciangot-tw.cern.ch
DEBUG 2024-01-15 13:09:59.991 UTC: 	 Executing command :
 voms-proxy-info --identity --file /tmp/x509up_u125472
DEBUG 2024-01-15 13:10:00.418 UTC: 	 output : /DC=ch/DC=cern/OU=Organic Units/OU=Users/CN=castells/CN=840278/CN=Sergi Castells

 error: 
 retcode : 0
DEBUG 2024-01-15 13:10:00.418 UTC: 	 Getting myproxy life time left for 85fedee37a5a447f0da843835c459265aae0d06e
DEBUG 2024-01-15 13:10:00.418 UTC: 	 Executing command :
 myproxy-info -s myproxy.cern.ch -l 85fedee37a5a447f0da843835c459265aae0d06e
DEBUG 2024-01-15 13:10:00.722 UTC: 	 output : username: 85fedee37a5a447f0da843835c459265aae0d06e
owner: /DC=ch/DC=cern/OU=Organic Units/OU=Users/CN=castells/CN=840278/CN=Sergi Castells
  renewal policy: /DC=ch/DC=cern/OU=computers/CN=crab-(preprod|prod|dev)-tw(01|02|03).cern.ch|/DC=ch/DC=cern/OU=computers/CN=stefanov(m|m2).cern.ch|/DC=ch/DC=cern/OU=computers/CN=dciangot-tw.cern.ch
  trusted retrieval policy: /DC=ch/DC=cern/OU=computers/CN=crab-(preprod|prod|dev)-tw(01|02|03).cern.ch|/DC=ch/DC=cern/OU=computers/CN=stefanov(m|m2).cern.ch|/DC=ch/DC=cern/OU=computers/CN=dciangot-tw.cern.ch
  timeleft: 648:03:04  (27.0 days)

 error: 
 retcode : 0
DEBUG 2024-01-15 13:10:00.723 UTC: 	 Myproxy is valid: 2332980
DEBUG 2024-01-15 13:10:00.723 UTC: 	 Result of myproxy credential check:
  Credential exists on myproxy: username: 85fedee37a5a447f0da843835c459265aae0d06e  - validity: 27 days, 0:03:00
DEBUG 2024-01-15 13:10:00.723 UTC: 	 Command use: submit
DEBUG 2024-01-15 13:10:00.723 UTC: 	 Options use: ['-c', 'HAHMHToAA_AToGG_MA_60GeV_TuneCP5_PSweights_13TeV_madgraph_pythia8_2018_submit.py']
DEBUG 2024-01-15 13:10:00.723 UTC: 	 Encoded data for curl request: subresource=version
DEBUG 2024-01-15 13:10:00.809 UTC: 	 CRABClient version: v3.231010
DEBUG 2024-01-15 13:10:00.809 UTC: 	 Instance is prod
DEBUG 2024-01-15 13:10:00.809 UTC: 	 Server base url is cmsweb.cern.ch
DEBUG 2024-01-15 13:10:00.809 UTC: 	 Command api workflow
DEBUG 2024-01-15 13:10:00.809 UTC: 	 Started submission
DEBUG 2024-01-15 13:10:00.809 UTC: 	 Working on /eos/home-c/castells/MNConversion/CMSSW_10_6_26/src/hgg_nanoaod_tools/CRAB/MNConversion_crab/crab_MNConversion_HAHMHToAA_AToGG_MA_60GeV_TuneCP5_PSweights_13TeV_madgraph_pythia8_2018
DEBUG 2024-01-15 13:10:00.810 UTC: 	 Encoded data for curl request: subresource=backendurls
DEBUG 2024-01-15 13:10:00.963 UTC: 	 Loading required information from the environment
DEBUG 2024-01-15 13:10:00.963 UTC: 	 Found CMSSW_10_6_26 for slc7_amd64_gcc700 with base /eos/home-c/castells/MNConversion/CMSSW_10_6_26
DEBUG 2024-01-15 13:10:00.963 UTC: 	 Loading required information from the environment
DEBUG 2024-01-15 13:10:00.963 UTC: 	 Found CMSSW_10_6_26 for slc7_amd64_gcc700 with base /eos/home-c/castells/MNConversion/CMSSW_10_6_26
DEBUG 2024-01-15 13:10:00.963 UTC: 	 UNIQUE NAME: tarUUID b7b7f3e9-e325-4f2a-8ad6-0e85eace9696 
DEBUG 2024-01-15 13:10:00.963 UTC: 	 self.config: from WMCore.Configuration import Configuration
config = Configuration()
config.section_('General')
config.General.transferLogs = True
config.General.transferOutputs = True
config.General.workArea = 'MNConversion_crab'
config.General.requestName = 'MNConversion_HAHMHToAA_AToGG_MA_60GeV_TuneCP5_PSweights_13TeV_madgraph_pythia8_2018'
config.section_('JobType')
config.JobType.priority = 30
config.JobType.psetName = 'HAHMHToAA_AToGG_MA_60GeV_TuneCP5_PSweights_13TeV_madgraph_pythia8_2018_cfg.py'
config.JobType.pluginName = 'Analysis'
config.JobType.numCores = 1
config.JobType.maxMemoryMB = 2500
config.section_('Data')
config.Data.inputDataset = '/HAHMHToAA_AToGG_MA-60GeV_TuneCP5_PSweights_13TeV-madgraph_pythia8/RunIIAutumn18MiniAOD-102X_upgrade2018_realistic_v15-v2/MINIAODSIM'
config.Data.publication = False
config.Data.splitting = 'Automatic'
config.Data.inputDBS = 'global'
config.Data.lumiMask = ''
config.Data.outLFNDirBase = '/store/user/castells/outputs/Signal_MC_2018'
config.Data.totalUnits = -1
config.section_('Site')
config.Site.storageSite = 'T3_US_NotreDame'

DEBUG 2024-01-15 13:10:00.963 UTC: 	 self.config.JobType.psetName: HAHMHToAA_AToGG_MA_60GeV_TuneCP5_PSweights_13TeV_madgraph_pythia8_2018_cfg.py
INFO 2024-01-15 13:10:00.964 UTC: 	 Importing CMSSW configuration HAHMHToAA_AToGG_MA_60GeV_TuneCP5_PSweights_13TeV_madgraph_pythia8_2018_cfg.py
INFO 2024-01-15 13:10:06.723 UTC: 	 Finished importing CMSSW configuration HAHMHToAA_AToGG_MA_60GeV_TuneCP5_PSweights_13TeV_madgraph_pythia8_2018_cfg.py
DEBUG 2024-01-15 13:10:06.723 UTC: 	 Writing CMSSW configuration to /eos/home-c/castells/MNConversion/CMSSW_10_6_26/src/hgg_nanoaod_tools/CRAB/MNConversion_crab/crab_MNConversion_HAHMHToAA_AToGG_MA_60GeV_TuneCP5_PSweights_13TeV_madgraph_pythia8_2018/inputs/PSet.py
DEBUG 2024-01-15 13:10:07.781 UTC: 	 The following EDM output files will be collected: ['HAHMHToAA_AToGG_MA_60GeV_TuneCP5_PSweights_13TeV_madgraph_pythia8_2018.root']
DEBUG 2024-01-15 13:10:07.781 UTC: 	 The following TFile output files will be collected: []
DEBUG 2024-01-15 13:10:07.781 UTC: 	 The following user output files (not listed as PoolOuputModule or TFileService in the CMSSW PSet) will be collected: 
DEBUG 2024-01-15 13:10:07.781 UTC: 	 Loading required information from the environment
DEBUG 2024-01-15 13:10:07.781 UTC: 	 Found CMSSW_10_6_26 for slc7_amd64_gcc700 with base /eos/home-c/castells/MNConversion/CMSSW_10_6_26
DEBUG 2024-01-15 13:10:07.781 UTC: 	 Making tarball in /eos/home-c/castells/MNConversion/CMSSW_10_6_26/src/hgg_nanoaod_tools/CRAB/MNConversion_crab/crab_MNConversion_HAHMHToAA_AToGG_MA_60GeV_TuneCP5_PSweights_13TeV_madgraph_pythia8_2018/inputs/b7b7f3e9-e325-4f2a-8ad6-0e85eace9696default.tgz
DEBUG 2024-01-15 13:10:07.784 UTC: 	 Checking directory /eos/home-c/castells/MNConversion/CMSSW_10_6_26/bin
DEBUG 2024-01-15 13:10:07.785 UTC: 	 Adding directory /eos/home-c/castells/MNConversion/CMSSW_10_6_26/bin to tarball
DEBUG 2024-01-15 13:10:07.792 UTC: 	 Checking directory /eos/home-c/castells/MNConversion/CMSSW_10_6_26/python
DEBUG 2024-01-15 13:10:07.792 UTC: 	 Adding directory /eos/home-c/castells/MNConversion/CMSSW_10_6_26/python to tarball
DEBUG 2024-01-15 13:10:08.115 UTC: 	 Checking directory /eos/home-c/castells/MNConversion/CMSSW_10_6_26/cfipython
DEBUG 2024-01-15 13:10:08.116 UTC: 	 Adding directory /eos/home-c/castells/MNConversion/CMSSW_10_6_26/cfipython to tarball
DEBUG 2024-01-15 13:10:08.187 UTC: 	 Checking directory /eos/home-c/castells/MNConversion/CMSSW_10_6_26/lib
DEBUG 2024-01-15 13:10:08.187 UTC: 	 Adding directory /eos/home-c/castells/MNConversion/CMSSW_10_6_26/lib to tarball
DEBUG 2024-01-15 13:10:08.701 UTC: 	 Checking directory /eos/home-c/castells/MNConversion/CMSSW_10_6_26/biglib
DEBUG 2024-01-15 13:10:08.701 UTC: 	 Adding directory /eos/home-c/castells/MNConversion/CMSSW_10_6_26/biglib to tarball
DEBUG 2024-01-15 13:10:08.703 UTC: 	 Checking directory /eos/home-c/castells/MNConversion/CMSSW_10_6_26/module
DEBUG 2024-01-15 13:10:08.703 UTC: 	 Checking directory /eos/home-c/castells/MNConversion/CMSSW_10_6_26/config/SCRAM/hooks
DEBUG 2024-01-15 13:10:08.705 UTC: 	 Adding directory /eos/home-c/castells/MNConversion/CMSSW_10_6_26/config/SCRAM/hooks to tarball
DEBUG 2024-01-15 13:10:09.042 UTC: 	 Adding directory /eos/home-c/castells/MNConversion/CMSSW_10_6_26/src/DataFormats/NanoAOD/interface to tarball
DEBUG 2024-01-15 13:10:09.050 UTC: 	 Adding directory /eos/home-c/castells/MNConversion/CMSSW_10_6_26/src/PhysicsTools/NanoAOD/interface to tarball
DEBUG 2024-01-15 13:10:09.062 UTC: 	 Adding directory /eos/home-c/castells/MNConversion/CMSSW_10_6_26/src/PhysicsTools/NanoAOD/python to tarball
DEBUG 2024-01-15 13:10:09.875 UTC: 	 Uploading archive /eos/home-c/castells/MNConversion/CMSSW_10_6_26/src/hgg_nanoaod_tools/CRAB/MNConversion_crab/crab_MNConversion_HAHMHToAA_AToGG_MA_60GeV_TuneCP5_PSweights_13TeV_madgraph_pythia8_2018/inputs/b7b7f3e9-e325-4f2a-8ad6-0e85eace9696default.tgz (1.711914.1 MB) to the CRAB cache. Using URI https://cmsweb.cern.ch/S3/crabcache_prod
DEBUG 2024-01-15 13:10:10.488 UTC: 	 Encoded data for curl request: tarballname=965bf632f14808af54fb8ff7f7d843446496500c79209986138b5a9a9001a641.tar.gz&subresource=upload&objecttype=sandbox
DEBUG 2024-01-15 13:10:10.572 UTC: 	 sandbox 965bf632f14808af54fb8ff7f7d843446496500c79209986138b5a9a9001a641.tar.gz is already in the S3 store, will not upload again
DEBUG 2024-01-15 13:10:10.572 UTC: 	 Loading required information from the environment
DEBUG 2024-01-15 13:10:10.573 UTC: 	 Found CMSSW_10_6_26 for slc7_amd64_gcc700 with base /eos/home-c/castells/MNConversion/CMSSW_10_6_26
DEBUG 2024-01-15 13:10:10.573 UTC: 	 Making tarball in /eos/home-c/castells/MNConversion/CMSSW_10_6_26/src/hgg_nanoaod_tools/CRAB/MNConversion_crab/crab_MNConversion_HAHMHToAA_AToGG_MA_60GeV_TuneCP5_PSweights_13TeV_madgraph_pythia8_2018/inputs/debugFiles.tgz
DEBUG 2024-01-15 13:10:10.584 UTC: 	 Uploading archive /eos/home-c/castells/MNConversion/CMSSW_10_6_26/src/hgg_nanoaod_tools/CRAB/MNConversion_crab/crab_MNConversion_HAHMHToAA_AToGG_MA_60GeV_TuneCP5_PSweights_13TeV_madgraph_pythia8_2018/inputs/debugFiles.tgz (2 KB) to the CRAB cache. Using URI https://cmsweb.cern.ch/S3/crabcache_prod
DEBUG 2024-01-15 13:10:10.588 UTC: 	 Encoded data for curl request: tarballname=ccfeabb73cfb3a113eb5795d956973ae4ca1f478c74551fc9fcf01f55dfc4e91.tar.gz&subresource=upload&objecttype=sandbox
DEBUG 2024-01-15 13:10:10.658 UTC: 	 Will execute:
curl -f -v -X POST  -H "User-Agent: CRAB" -F "key=castells/sandboxes/ccfeabb73cfb3a113eb5795d956973ae4ca1f478c74551fc9fcf01f55dfc4e91.tar.gz" -F "AWSAccessKeyId=ab00fcc889f248c495d2875f15a3badb" -F "policy=eyJleHBpcmF0aW9uIjogIjIwMjQtMDEtMTVUMTQ6MTA6MTBaIiwgImNvbmRpdGlvbnMiOiBbeyJidWNrZXQiOiAiY3JhYmNhY2hlX3Byb2QifSwgeyJrZXkiOiAiY2FzdGVsbHMvc2FuZGJveGVzL2NjZmVhYmI3M2NmYjNhMTEzZWI1Nzk1ZDk1Njk3M2FlNGNhMWY0NzhjNzQ1NTFmYzlmY2YwMWY1NWRmYzRlOTEudGFyLmd6In1dfQ==" -F "signature=YuoxaIWiohwZ9odBoK1uKTHmFms=" -F "file=@/eos/home-c/castells/MNConversion/CMSSW_10_6_26/src/hgg_nanoaod_tools/CRAB/MNConversion_crab/crab_MNConversion_HAHMHToAA_AToGG_MA_60GeV_TuneCP5_PSweights_13TeV_madgraph_pythia8_2018/inputs/debugFiles.tgz" "https://s3.cern.ch/crabcache_prod"
DEBUG 2024-01-15 13:10:11.708 UTC: 	 exitcode: 0
stdout: 
DEBUG 2024-01-15 13:10:11.708 UTC: 	 sandbox /eos/home-c/castells/MNConversion/CMSSW_10_6_26/src/hgg_nanoaod_tools/CRAB/MNConversion_crab/crab_MNConversion_HAHMHToAA_AToGG_MA_60GeV_TuneCP5_PSweights_13TeV_madgraph_pythia8_2018/inputs/debugFiles.tgz successully uploaded to S3
DEBUG 2024-01-15 13:10:11.708 UTC: 	 Result uploading input files: 965bf632f14808af54fb8ff7f7d843446496500c79209986138b5a9a9001a641.tar.gz 
INFO 2024-01-15 13:10:11.709 UTC: 	 Sending the request to the server at cmsweb.cern.ch
DEBUG 2024-01-15 13:10:11.709 UTC: 	 Submitting {'maxjobruntime': 1250, 'extrajdl': [], 'lfn': '/store/user/castells/outputs/Signal_MC_2018', 'savelogsflag': 1, 'useparent': 0, 'inputblocks': [], 'asyncdest': 'T3_US_NotreDame', 'algoargs': 480, 'cachefilename': '965bf632f14808af54fb8ff7f7d843446496500c79209986138b5a9a9001a641.tar.gz', 'numcores': 1, 'addoutputfiles': [], 'generator': 'pythia', 'maxmemory': 2500, 'partialdataset': 0, 'publishdbsurl': 'https://cmsweb.cern.ch/dbs/prod/phys03/DBSWriter', 'priority': 30, 'jobsw': 'CMSSW_10_6_26', 'edmoutfiles': ['HAHMHToAA_AToGG_MA_60GeV_TuneCP5_PSweights_13TeV_madgraph_pythia8_2018.root'], 'userfiles': [], 'primarydataset': '', 'inputdata': '/HAHMHToAA_AToGG_MA-60GeV_TuneCP5_PSweights_13TeV-madgraph_pythia8/RunIIAutumn18MiniAOD-102X_upgrade2018_realistic_v15-v2/MINIAODSIM', 'ignorelocality': 0, 'dryrun': 0, 'workflow': 'crab_MNConversion_HAHMHToAA_AToGG_MA_60GeV_TuneCP5_PSweights_13TeV_madgraph_pythia8_2018', 'cacheurl': u'https://cmsweb.cern.ch/S3/crabcache_prod', 'nonprodsw': 0, 'tfileoutfiles': [], 'oneEventMode': 0, 'debugfilename': 'ccfeabb73cfb3a113eb5795d956973ae4ca1f478c74551fc9fcf01f55dfc4e91.tar.gz', 'saveoutput': 1, 'publication': 0, 'jobarch': 'slc7_amd64_gcc700', 'totalunits': -1, 'splitalgo': 'Automatic', 'ignoreglobalblacklist': 0, 'nonvaliddata': 0, 'dbsurl': 'https://cmsweb.cern.ch/dbs/prod/global/DBSReader', 'jobtype': 'Analysis', 'requireaccelerator': 0, 'publishname2': ''} 
DEBUG 2024-01-15 13:10:11.709 UTC: 	 Encoded data for curl request: maxjobruntime=1250&lfn=%2Fstore%2Fuser%2Fcastells%2Foutputs%2FSignal_MC_2018&savelogsflag=1&useparent=0&asyncdest=T3_US_NotreDame&algoargs=480&cachefilename=965bf632f14808af54fb8ff7f7d843446496500c79209986138b5a9a9001a641.tar.gz&numcores=1&generator=pythia&maxmemory=2500&partialdataset=0&publishdbsurl=https%3A%2F%2Fcmsweb.cern.ch%2Fdbs%2Fprod%2Fphys03%2FDBSWriter&priority=30&jobsw=CMSSW_10_6_26&primarydataset=&inputdata=%2FHAHMHToAA_AToGG_MA-60GeV_TuneCP5_PSweights_13TeV-madgraph_pythia8%2FRunIIAutumn18MiniAOD-102X_upgrade2018_realistic_v15-v2%2FMINIAODSIM&ignorelocality=0&dryrun=0&workflow=crab_MNConversion_HAHMHToAA_AToGG_MA_60GeV_TuneCP5_PSweights_13TeV_madgraph_pythia8_2018&cacheurl=https%3A%2F%2Fcmsweb.cern.ch%2FS3%2Fcrabcache_prod&nonprodsw=0&oneEventMode=0&debugfilename=ccfeabb73cfb3a113eb5795d956973ae4ca1f478c74551fc9fcf01f55dfc4e91.tar.gz&saveoutput=1&publication=0&jobarch=slc7_amd64_gcc700&totalunits=-1&splitalgo=Automatic&ignoreglobalblacklist=0&nonvaliddata=0&dbsurl=https%3A%2F%2Fcmsweb.cern.ch%2Fdbs%2Fprod%2Fglobal%2FDBSReader&jobtype=Analysis&requireaccelerator=0&publishname2=&edmoutfiles=HAHMHToAA_AToGG_MA_60GeV_TuneCP5_PSweights_13TeV_madgraph_pythia8_2018.root
DEBUG 2024-01-15 13:10:11.829 UTC: 	 Result: {u'result': [{u'RequestName': u'240115_131011:castells_crab_MNConversion_HAHMHToAA_AToGG_MA_60GeV_TuneCP5_PSweights_13TeV_madgraph_pythia8_2018'}]}
INFO 2024-01-15 13:10:11.856 UTC: 	 Success: Your task has been delivered to the prod CRAB3 server.
INFO 2024-01-15 13:10:11.856 UTC: 	 Task name: 240115_131011:castells_crab_MNConversion_HAHMHToAA_AToGG_MA_60GeV_TuneCP5_PSweights_13TeV_madgraph_pythia8_2018
INFO 2024-01-15 13:10:11.856 UTC: 	 Project dir: MNConversion_crab/crab_MNConversion_HAHMHToAA_AToGG_MA_60GeV_TuneCP5_PSweights_13TeV_madgraph_pythia8_2018
INFO 2024-01-15 13:10:11.856 UTC: 	 Please use ' crab status -d MNConversion_crab/crab_MNConversion_HAHMHToAA_AToGG_MA_60GeV_TuneCP5_PSweights_13TeV_madgraph_pythia8_2018 ' to check how the submission process proceeds.
DEBUG 2024-01-15 13:10:11.856 UTC: 	 About to return
INFO 2024-01-15 13:10:11.872 UTC: 	 Log file is /eos/home-c/castells/MNConversion/CMSSW_10_6_26/src/hgg_nanoaod_tools/CRAB/MNConversion_crab/crab_MNConversion_HAHMHToAA_AToGG_MA_60GeV_TuneCP5_PSweights_13TeV_madgraph_pythia8_2018/crab.log
DEBUG 2024-01-16 10:57:20.014 UTC: 	 CRAB Client version: v3.231101
DEBUG 2024-01-16 10:57:20.015 UTC: 	 Running on: Linux lxplus772.cern.ch 3.10.0-1160.102.1.el7.x86_64 #1 SMP Tue Oct 17 15:42:21 UTC 2023 x86_64 x86_64 x86_64 GNU/Linux - CentOS Linux 7 (Core)
DEBUG 2024-01-16 10:57:20.015 UTC: 	 Executing command: 'status'
DEBUG 2024-01-16 10:57:20.015 UTC: 	 Found CRAB cache file /afs/cern.ch/user/c/castells/.crab3
DEBUG 2024-01-16 10:57:20.159 UTC: 	 Checking credentials
DEBUG 2024-01-16 10:57:20.163 UTC: 	 Found proxy file /tmp/x509up_u125472
DEBUG 2024-01-16 10:57:20.163 UTC: 	 Making sure it has proper VOMS extension
DEBUG 2024-01-16 10:57:20.163 UTC: 	 Executing command :
 voms-proxy-info --vo --file /tmp/x509up_u125472
DEBUG 2024-01-16 10:57:23.023 UTC: 	 output : cms

 error: 
 retcode : 0
DEBUG 2024-01-16 10:57:23.023 UTC: 	 Getting proxy life time left
DEBUG 2024-01-16 10:57:23.023 UTC: 	 Executing command :
 voms-proxy-info --actimeleft --timeleft --file /tmp/x509up_u125472
DEBUG 2024-01-16 10:57:25.194 UTC: 	 output : 353804
353804

 error: 
 retcode : 0
DEBUG 2024-01-16 10:57:25.194 UTC: 	 Proxy valid for 98:16:44 hours
DEBUG 2024-01-16 10:57:25.194 UTC: 	 Encoded data for curl request: subresource=delegatedn
DEBUG 2024-01-16 10:57:25.960 UTC: 	 Registering user credentials on myproxy for /DC=ch/DC=cern/OU=computers/CN=crab-(preprod|prod|dev)-tw(01|02|03).cern.ch|/DC=ch/DC=cern/OU=computers/CN=stefanov(m|m2).cern.ch|/DC=ch/DC=cern/OU=computers/CN=dciangot-tw.cern.ch
DEBUG 2024-01-16 10:57:25.960 UTC: 	 Executing command :
 voms-proxy-info --identity --file /tmp/x509up_u125472
DEBUG 2024-01-16 10:57:27.845 UTC: 	 output : /DC=ch/DC=cern/OU=Organic Units/OU=Users/CN=castells/CN=840278/CN=Sergi Castells

 error: 
 retcode : 0
DEBUG 2024-01-16 10:57:27.845 UTC: 	 Getting myproxy life time left for 85fedee37a5a447f0da843835c459265aae0d06e
DEBUG 2024-01-16 10:57:27.845 UTC: 	 Executing command :
 myproxy-info -s myproxy.cern.ch -l 85fedee37a5a447f0da843835c459265aae0d06e
DEBUG 2024-01-16 10:57:29.408 UTC: 	 output : username: 85fedee37a5a447f0da843835c459265aae0d06e
owner: /DC=ch/DC=cern/OU=Organic Units/OU=Users/CN=castells/CN=840278/CN=Sergi Castells
  renewal policy: /DC=ch/DC=cern/OU=computers/CN=crab-(preprod|prod|dev)-tw(01|02|03).cern.ch|/DC=ch/DC=cern/OU=computers/CN=stefanov(m|m2).cern.ch|/DC=ch/DC=cern/OU=computers/CN=dciangot-tw.cern.ch
  trusted retrieval policy: /DC=ch/DC=cern/OU=computers/CN=crab-(preprod|prod|dev)-tw(01|02|03).cern.ch|/DC=ch/DC=cern/OU=computers/CN=stefanov(m|m2).cern.ch|/DC=ch/DC=cern/OU=computers/CN=dciangot-tw.cern.ch
  timeleft: 626:15:35  (26.1 days)

 error: 
 retcode : 0
DEBUG 2024-01-16 10:57:29.408 UTC: 	 Myproxy is valid: 2254500
DEBUG 2024-01-16 10:57:29.409 UTC: 	 Result of myproxy credential check:
  Credential exists on myproxy: username: 85fedee37a5a447f0da843835c459265aae0d06e  - validity: 26 days, 2:15:00
DEBUG 2024-01-16 10:57:29.409 UTC: 	 Retrieving username ...
DEBUG 2024-01-16 10:57:29.409 UTC: 	 Retrieving username from CRIC...
DEBUG 2024-01-16 10:57:30.792 UTC: 	 username is castells
INFO 2024-01-16 10:57:55.652 UTC: 	 Rucio client intialized for account castells
DEBUG 2024-01-16 10:57:55.750 UTC: 	 Command use: status
DEBUG 2024-01-16 10:57:55.750 UTC: 	 Options use: ['--long', '--verboseErrors', 'MNConversion_crab/crab_MNConversion_HAHMHToAA_AToGG_MA_60GeV_TuneCP5_PSweights_13TeV_madgraph_pythia8_2018/']
DEBUG 2024-01-16 10:57:55.750 UTC: 	 Encoded data for curl request: subresource=version
DEBUG 2024-01-16 10:57:56.713 UTC: 	 CRABClient version: v3.231101
DEBUG 2024-01-16 10:57:56.713 UTC: 	 Instance is prod
DEBUG 2024-01-16 10:57:56.713 UTC: 	 Server base url is cmsweb.cern.ch
DEBUG 2024-01-16 10:57:56.713 UTC: 	 Command api workflow
DEBUG 2024-01-16 10:57:56.713 UTC: 	 Encoded data for curl request: subresource=search&workflow=240115_131011%3Acastells_crab_MNConversion_HAHMHToAA_AToGG_MA_60GeV_TuneCP5_PSweights_13TeV_madgraph_pythia8_2018
DEBUG 2024-01-16 10:57:57.051 UTC: 	 Got information from server oracle database: {'desc': {'columns': ['tm_taskname', 'tm_activity', 'panda_jobset_id', 'tm_task_status', 'tm_task_command', 'tm_start_time', 'tm_start_injection', 'tm_end_injection', 'tm_task_failure', 'tm_job_sw', 'tm_job_arch', 'tm_input_dataset', 'tm_nonvalid_input_dataset', 'tm_use_parent', 'tm_site_whitelist', 'tm_site_blacklist', 'tm_split_algo', 'tm_split_args', 'tm_user_sandbox', 'tm_cache_url', 'tm_username', 'tm_user_dn', 'tm_user_vo', 'tm_user_role', 'tm_user_group', 'tm_publish_name', 'tm_publish_groupname', 'tm_asyncdest', 'tm_dbs_url', 'tm_publish_dbs_url', 'tm_publication', 'tm_outfiles', 'tm_tfile_outfiles', 'tm_edm_outfiles', 'tm_job_type', 'tm_generator', 'tm_events_per_lumi', 'tm_arguments', 'panda_resubmitted_jobs', 'tm_save_logs', 'tw_name', 'tm_user_infiles', 'tm_maxjobruntime', 'tm_numcores', 'tm_maxmemory', 'tm_priority', 'tm_output_dataset', 'tm_task_warnings', 'tm_user_webdir', 'tm_scriptexe', 'tm_scriptargs', 'tm_extrajdl', 'tm_asourl', 'tm_collector', 'tm_schedd', 'tm_dry_run', 'tm_user_files', 'tm_transfer_outputs', 'tm_output_lfn', 'tm_ignore_locality', 'tm_fail_limit', 'tm_one_event_mode', 'tm_secondary_input_dataset', 'tm_primary_dataset', 'tm_last_publication', 'tm_debug_files', 'clusterid', 'tm_asodb', 'tm_ignore_global_blacklist', 'tm_submitter_ip_addr', 'tm_totalunits', 'tm_ddm_reqid', 'tm_user_config', 'tm_transfer_container', 'tm_transfer_rule', 'tm_publish_rule', 'tm_multipub_rule']}, 'result': ['240115_131011:castells_crab_MNConversion_HAHMHToAA_AToGG_MA_60GeV_TuneCP5_PSweights_13TeV_madgraph_pythia8_2018', 'None', 'None', 'SUBMITTED', 'SUBMIT', '2024-01-15 13:10:11.822273', 'None', '2024-01-15 13:11:04.720164', 'None', 'CMSSW_10_6_26', 'slc7_amd64_gcc700', '/HAHMHToAA_AToGG_MA-60GeV_TuneCP5_PSweights_13TeV-madgraph_pythia8/RunIIAutumn18MiniAOD-102X_upgrade2018_realistic_v15-v2/MINIAODSIM', 'F', '0', '[]', '[]', 'Automatic', "{'halt_job_on_file_boundaries': False, 'splitOnRun': False, 'minutes_per_job': 480, 'runs': [], 'lumis': []}", '965bf632f14808af54fb8ff7f7d843446496500c79209986138b5a9a9001a641.tar.gz', 'https://cmsweb.cern.ch/S3/crabcache_prod', 'castells', '/DC=ch/DC=cern/OU=Organic Units/OU=Users/CN=castells/CN=840278/CN=Sergi Castells', 'cms', 'None', 'None', 'crab_MNConversion_HAHMHToAA_AToGG_MA_60GeV_TuneCP5_PSweights_13TeV_madgraph_pythia8_2018-00000000000000000000000000000000', 'F', 'T3_US_NotreDame', 'https://cmsweb.cern.ch/dbs/prod/global/DBSReader', 'https://cmsweb.cern.ch/dbs/prod/phys03/DBSWriter', 'F', '[]', '[]', "['HAHMHToAA_AToGG_MA_60GeV_TuneCP5_PSweights_13TeV_madgraph_pythia8_2018.root']", 'Analysis', 'pythia', 'None', '{}', 'None', 'T', 'crab-prod-tw01', '[]', '1250', '1', '2500', '30', "['/FakeDataset/fakefile-FakePublish-d1a4b651b49a907f10a0275ec5a885b1/USER']", '[]', 'http://vocms0106.cern.ch/mon/castells/240115_131011:castells_crab_MNConversion_HAHMHToAA_AToGG_MA_60GeV_TuneCP5_PSweights_13TeV_madgraph_pythia8_2018', 'None', '[]', '[]', 'None', 'cmsgwms-collector-global.cern.ch:9620,cmsgwms-collector-global.fnal.gov:9620', 'crab3@vocms0106.cern.ch', 'F', '[]', 'T', '/store/user/castells/outputs/Signal_MC_2018', 'F', 'None', 'F', 'None', 'HAHMHToAA_AToGG_MA-60GeV_TuneCP5_PSweights_13TeV-madgraph_pythia8', 'None', 'ccfeabb73cfb3a113eb5795d956973ae4ca1f478c74551fc9fcf01f55dfc4e91.tar.gz', '90365003', 'None', 'F', '137.138.154.184', '-1.0', 'None', '{"partialdataset": false, "requireaccelerator": false, "acceleratorparams": null, "inputblocks": null}', 'None', 'None', 'None', 'None']}
INFO 2024-01-16 10:57:57.051 UTC: 	 CRAB project directory:		/eos/home-c/castells/MNConversion/CMSSW_10_6_26/src/hgg_nanoaod_tools/CRAB/MNConversion_crab/crab_MNConversion_HAHMHToAA_AToGG_MA_60GeV_TuneCP5_PSweights_13TeV_madgraph_pythia8_2018
INFO 2024-01-16 10:57:57.051 UTC: 	 Task name:			240115_131011:castells_crab_MNConversion_HAHMHToAA_AToGG_MA_60GeV_TuneCP5_PSweights_13TeV_madgraph_pythia8_2018
INFO 2024-01-16 10:57:57.051 UTC: 	 Grid scheduler - Task Worker:	crab3@vocms0106.cern.ch - crab-prod-tw01
INFO 2024-01-16 10:57:57.051 UTC: 	 Status on the CRAB server:	SUBMITTED
INFO 2024-01-16 10:57:57.051 UTC: 	 Task URL to use for HELP:	https://cmsweb.cern.ch/crabserver/ui/task/240115_131011%3Acastells_crab_MNConversion_HAHMHToAA_AToGG_MA_60GeV_TuneCP5_PSweights_13TeV_madgraph_pythia8_2018
INFO 2024-01-16 10:57:57.186 UTC: 	 Dashboard monitoring URL:	https://monit-grafana.cern.ch/d/cmsTMDetail/cms-task-monitoring-task-view?orgId=11&var-user=castells&var-task=240115_131011%3Acastells_crab_MNConversion_HAHMHToAA_AToGG_MA_60GeV_TuneCP5_PSweights_13TeV_madgraph_pythia8_2018&from=1705320611000&to=now
DEBUG 2024-01-16 10:57:57.186 UTC: 	 The CRAB server submitted your task to the Grid scheduler (cluster ID: 90365003)
DEBUG 2024-01-16 10:57:57.186 UTC: 	 Webdir is located at http://vocms0106.cern.ch/mon/castells/240115_131011:castells_crab_MNConversion_HAHMHToAA_AToGG_MA_60GeV_TuneCP5_PSweights_13TeV_madgraph_pythia8_2018
DEBUG 2024-01-16 10:57:57.187 UTC: 	 Encoded data for curl request: subresource=webdirprx&workflow=240115_131011%3Acastells_crab_MNConversion_HAHMHToAA_AToGG_MA_60GeV_TuneCP5_PSweights_13TeV_madgraph_pythia8_2018
DEBUG 2024-01-16 10:57:57.461 UTC: 	 Proxied webdir is located at https://cmsweb.cern.ch:8443/scheddmon/0106/castells/240115_131011:castells_crab_MNConversion_HAHMHToAA_AToGG_MA_60GeV_TuneCP5_PSweights_13TeV_madgraph_pythia8_2018
DEBUG 2024-01-16 10:57:57.464 UTC: 	 Retrieving 'status_cache' file from https://cmsweb.cern.ch:8443/scheddmon/0106/castells/240115_131011:castells_crab_MNConversion_HAHMHToAA_AToGG_MA_60GeV_TuneCP5_PSweights_13TeV_madgraph_pythia8_2018/status_cache.pkl
DEBUG 2024-01-16 10:57:57.464 UTC: 	 Will execute:
curl -sS --capath /etc/grid-security/certificates --cert /tmp/x509up_u125472 --key /tmp/x509up_u125472 -o /tmp/crab_status-cache-jjoboq9i.pkl -w %"{http_code}" "https://cmsweb.cern.ch:8443/scheddmon/0106/castells/240115_131011:castells_crab_MNConversion_HAHMHToAA_AToGG_MA_60GeV_TuneCP5_PSweights_13TeV_madgraph_pythia8_2018/status_cache.pkl"
DEBUG 2024-01-16 10:57:57.464 UTC: 	 Executing command :
 curl -sS --capath /etc/grid-security/certificates --cert /tmp/x509up_u125472 --key /tmp/x509up_u125472 -o /tmp/crab_status-cache-jjoboq9i.pkl -w %"{http_code}" "https://cmsweb.cern.ch:8443/scheddmon/0106/castells/240115_131011:castells_crab_MNConversion_HAHMHToAA_AToGG_MA_60GeV_TuneCP5_PSweights_13TeV_madgraph_pythia8_2018/status_cache.pkl"
DEBUG 2024-01-16 10:57:57.914 UTC: 	 output : 200
 error: 
 retcode : 0
DEBUG 2024-01-16 10:57:57.915 UTC: 	 exitcode: 0
stdout: 200
stderr: 
error details: 
DEBUG 2024-01-16 10:57:57.915 UTC: 	 Got information from status cache file: {'0-1': {'Retries': 0, 'Restarts': 0, 'SiteHistory': ['Unknown', 'T2_US_Vanderbilt', 'T2_US_Vanderbilt'], 'ResidentSetSize': [1920352], 'SubmitTimes': [1705324273.0], 'StartTimes': [1705324539.0], 'EndTimes': [1705325530.0], 'TotalUserCpuTimeHistory': [832], 'TotalSysCpuTimeHistory': [29], 'WallDurations': [10.0, 93.15634846687317, 991.0], 'JobIds': ['90365006.0'], 'State': 'finished', 'RecordedSite': True}, '0-2': {'Retries': 0, 'Restarts': 0, 'SiteHistory': ['Unknown', 'T2_US_Vanderbilt', 'T2_US_Vanderbilt'], 'ResidentSetSize': [1926696], 'SubmitTimes': [1705324274.0], 'StartTimes': [1705324534.0], 'EndTimes': [1705325559.0], 'TotalUserCpuTimeHistory': [883], 'TotalSysCpuTimeHistory': [24], 'WallDurations': [9.0, 98.15634846687317, 1025.0], 'JobIds': ['90365007.0'], 'State': 'finished', 'RecordedSite': True}, '0-3': {'Retries': 0, 'Restarts': 0, 'SiteHistory': ['Unknown', 'T2_US_Vanderbilt', 'T2_US_Vanderbilt'], 'ResidentSetSize': [2062256], 'SubmitTimes': [1705324274.0], 'StartTimes': [1705324534.0], 'EndTimes': [1705325787.0], 'TotalUserCpuTimeHistory': [1089], 'TotalSysCpuTimeHistory': [28], 'WallDurations': [9.0, 98.15634846687317, 1253.0], 'JobIds': ['90365008.0'], 'State': 'finished', 'RecordedSite': True}, '0-4': {'Retries': 0, 'Restarts': 0, 'SiteHistory': ['Unknown', 'T2_US_Vanderbilt', 'T2_US_Vanderbilt'], 'ResidentSetSize': [1937356], 'SubmitTimes': [1705324274.0], 'StartTimes': [1705324533.0], 'EndTimes': [1705325680.0], 'TotalUserCpuTimeHistory': [974], 'TotalSysCpuTimeHistory': [32], 'WallDurations': [9.0, 99.15634846687317, 1147.0], 'JobIds': ['90365009.0'], 'State': 'finished', 'RecordedSite': True}, '0-5': {'Retries': 0, 'Restarts': 0, 'SiteHistory': ['Unknown', 'T2_US_Vanderbilt', 'T2_US_Vanderbilt'], 'ResidentSetSize': [2048088], 'SubmitTimes': [1705324274.0], 'StartTimes': [1705324545.0], 'EndTimes': [1705325722.0], 'TotalUserCpuTimeHistory': [1030], 'TotalSysCpuTimeHistory': [28], 'WallDurations': [9.0, 87.15634846687317, 1177.0], 'JobIds': ['90365010.0'], 'State': 'finished', 'RecordedSite': True}, '1': {'Retries': 0, 'Restarts': 0, 'SiteHistory': ['Unknown', 'T2_US_Vanderbilt', 'T2_US_Vanderbilt'], 'ResidentSetSize': [1913012], 'SubmitTimes': [1705326085.0], 'StartTimes': [1705326282.0], 'EndTimes': [1705343492.0], 'TotalUserCpuTimeHistory': [15692], 'TotalSysCpuTimeHistory': [380], 'WallDurations': [10.0, 151.10496258735657, 17210.0], 'JobIds': ['90368274.0'], 'State': 'finished', 'RecordedSite': True}, '2': {'Retries': 0, 'Restarts': 0, 'SiteHistory': ['Unknown', 'T2_US_Vanderbilt', 'T2_US_Vanderbilt'], 'ResidentSetSize': [1917676], 'SubmitTimes': [1705326085.0], 'StartTimes': [1705326282.0], 'EndTimes': [1705343871.0], 'TotalUserCpuTimeHistory': [15407], 'TotalSysCpuTimeHistory': [391], 'WallDurations': [10.0, 151.10496258735657, 17589.0], 'JobIds': ['90368275.0'], 'State': 'finished', 'RecordedSite': True}, '3': {'Retries': 0, 'Restarts': 0, 'SiteHistory': ['Unknown', 'T2_US_Vanderbilt', 'T2_US_Vanderbilt'], 'ResidentSetSize': [1925788], 'SubmitTimes': [1705326086.0], 'StartTimes': [1705326292.0], 'EndTimes': [1705343360.0], 'TotalUserCpuTimeHistory': [15534], 'TotalSysCpuTimeHistory': [380], 'WallDurations': [10.0, 141.10496258735657, 17068.0], 'JobIds': ['90368276.0'], 'State': 'finished', 'RecordedSite': True}, '4': {'Retries': 0, 'Restarts': 0, 'SiteHistory': ['Unknown', 'T2_US_Vanderbilt', 'T2_US_Vanderbilt'], 'ResidentSetSize': [1898268], 'SubmitTimes': [1705326086.0], 'StartTimes': [1705326296.0], 'EndTimes': [1705343770.0], 'TotalUserCpuTimeHistory': [15324], 'TotalSysCpuTimeHistory': [389], 'WallDurations': [9.0, 137.10496258735657, 17474.0], 'JobIds': ['90368277.0'], 'State': 'finished', 'RecordedSite': True}, '5': {'Retries': 0, 'Restarts': 0, 'SiteHistory': ['Unknown', 'T2_US_Vanderbilt', 'T2_US_Vanderbilt'], 'ResidentSetSize': [1912000], 'SubmitTimes': [1705326086.0], 'StartTimes': [1705326302.0], 'EndTimes': [1705333287.0], 'TotalUserCpuTimeHistory': [6270], 'TotalSysCpuTimeHistory': [153], 'WallDurations': [9.0, 131.10496258735657, 6985.0], 'JobIds': ['90368278.0'], 'State': 'failed', 'RecordedSite': True, 'Error': [8021, "Error while running CMSSW:\nFatal Exception\nAn exception of category 'FileReadError' occurred while\n   [0] Rethrowing an exception that happened on a different thread.\n   [1] Reading branch patMETs_slimmedMETs__PAT.\n   Additional Info:\n      [a] Fatal Root Error: @SUB=TBasket::ReadBasketBuffers\nbasket: has fNevBuf=0 but fEntryOffset=0, pos=1485055767, len=5542, fNbytes=0, fObjlen=0, trying to repair\n", {'type': 'Fatal Exception', 'details': "An exception of category 'FileReadError' occurred while\n   [0] Rethrowing an exception that happened on a different thread.\n   [1] Reading branch patMETs_slimmedMETs__PAT.\n   Additional Info:\n      [a] Fatal Root Error: @SUB=TBasket::ReadBasketBuffers\nbasket: has fNevBuf=0 but fEntryOffset=0, pos=1485055767, len=5542, fNbytes=0, fObjlen=0, trying to repair", 'exitCode': 8021}]}, '6': {'Retries': 0, 'Restarts': 0, 'SiteHistory': ['Unknown', 'T2_US_Vanderbilt', 'T2_US_Vanderbilt'], 'ResidentSetSize': [1896524], 'SubmitTimes': [1705326086.0], 'StartTimes': [1705326282.0], 'EndTimes': [1705344244.0], 'TotalUserCpuTimeHistory': [16163], 'TotalSysCpuTimeHistory': [429], 'WallDurations': [9.0, 151.10496258735657, 17962.0], 'JobIds': ['90368279.0'], 'State': 'finished', 'RecordedSite': True}, '7': {'Retries': 0, 'Restarts': 0, 'SiteHistory': ['Unknown', 'T2_US_Vanderbilt', 'T2_US_Vanderbilt'], 'ResidentSetSize': [2064416], 'SubmitTimes': [1705326086.0], 'StartTimes': [1705326281.0], 'EndTimes': [1705337101.0], 'TotalUserCpuTimeHistory': [10106], 'TotalSysCpuTimeHistory': [240], 'WallDurations': [9.0, 152.10496258735657, 10820.0], 'JobIds': ['90368280.0'], 'State': 'finished', 'RecordedSite': True}, '1-1': {'Retries': 0, 'Restarts': 0, 'SiteHistory': ['T2_US_Vanderbilt', 'T2_US_Vanderbilt'], 'ResidentSetSize': [1983440], 'SubmitTimes': [1705346307.0], 'StartTimes': [1705346539.0], 'EndTimes': [1705353793.0], 'TotalUserCpuTimeHistory': [6425], 'TotalSysCpuTimeHistory': [182], 'WallDurations': [10.0, 7254.0], 'JobIds': ['90378640.0'], 'State': 'finished', 'RecordedSite': True}, '1-2': {'Retries': 0, 'Restarts': 0, 'SiteHistory': ['T2_US_Vanderbilt', 'T2_US_Vanderbilt'], 'ResidentSetSize': [2036204], 'SubmitTimes': [1705346307.0], 'StartTimes': [1705346538.0], 'EndTimes': [1705353432.0], 'TotalUserCpuTimeHistory': [6131], 'TotalSysCpuTimeHistory': [160], 'WallDurations': [9.0, 6894.0], 'JobIds': ['90378641.0'], 'State': 'finished', 'RecordedSite': True}, '1-3': {'Retries': 0, 'Restarts': 0, 'SiteHistory': ['T2_US_Vanderbilt', 'T2_US_Vanderbilt'], 'ResidentSetSize': [2025340], 'SubmitTimes': [1705346308.0], 'StartTimes': [1705346542.0], 'EndTimes': [1705353862.0], 'TotalUserCpuTimeHistory': [6388], 'TotalSysCpuTimeHistory': [207], 'WallDurations': [10.0, 7320.0], 'JobIds': ['90378642.0'], 'State': 'finished', 'RecordedSite': True}, '1-4': {'Retries': 0, 'Restarts': 0, 'SiteHistory': ['T2_US_Vanderbilt', 'T2_US_Vanderbilt'], 'ResidentSetSize': [2080836], 'SubmitTimes': [1705346308.0], 'StartTimes': [1705346542.0], 'EndTimes': [1705348388.0], 'TotalUserCpuTimeHistory': [1499], 'TotalSysCpuTimeHistory': [45], 'WallDurations': [10.0, 1846.0], 'JobIds': ['90378643.0'], 'State': 'finished', 'RecordedSite': True}}
INFO 2024-01-16 10:57:57.915 UTC: 	 Status on the scheduler:	COMPLETED
INFO 2024-01-16 10:57:57.915 UTC: 	 
The job splitting of this task is 'Automatic', please refer to this FAQ for a description of the jobs status summary:
https://twiki.cern.ch/twiki/bin/view/CMSPublic/CRAB3FAQ#What_is_the_Automatic_splitting
INFO 2024-01-16 10:57:57.915 UTC: 	 More details of Automatic Splitting process for this task (including possible failures) are in the Dagman Log files in:
https://cmsweb.cern.ch:8443/scheddmon/0106/castells/240115_131011:castells_crab_MNConversion_HAHMHToAA_AToGG_MA_60GeV_TuneCP5_PSweights_13TeV_madgraph_pythia8_2018/AutomaticSplitting/
INFO 2024-01-16 10:57:57.915 UTC: 	 
Probe jobs status:              no output    		100.0% (5/5)
INFO 2024-01-16 10:57:57.915 UTC: 	 
Main jobs status:               finished     		 85.7% (6/7)
INFO 2024-01-16 10:57:57.915 UTC: 	 				rescheduled as tail jobs		 14.3% (1/7)
INFO 2024-01-16 10:57:57.915 UTC: 	 
Tail jobs status:               finished     		100.0% (4/4)
INFO 2024-01-16 10:57:57.915 UTC: 	 
No publication information (publication has been disabled in the CRAB configuration file)
INFO 2024-01-16 10:57:57.915 UTC: 	 
Error Summary:

 1 jobs failed with exit code 8021:

	 1 jobs failed with following error message: (for example, job 5)

		Error while running CMSSW:
		Fatal Exception
		An exception of category 'FileReadError' occurred while
		   [0] Rethrowing an exception that happened on a different thread.
		   [1] Reading branch patMETs_slimmedMETs__PAT.
		   Additional Info:
		      [a] Fatal Root Error: @SUB=TBasket::ReadBasketBuffers
		basket: has fNevBuf=0 but fEntryOffset=0, pos=1485055767, len=5542, fNbytes=0, fObjlen=0, trying to repair

Have a look at https://twiki.cern.ch/twiki/bin/viewauth/CMSPublic/JobExitCodes for a description of the exit codes.
INFO 2024-01-16 10:57:57.916 UTC: 	 
Extended Job Status Table:

 Job State        Most Recent Site        Runtime   Mem (MB)      CPU %    Retries   Restarts      Waste       Exit Code
 0-1 no output    T2_US_Vanderbilt        0:16:31       1875         87          0          0    0:01:43               0
 0-2 no output    T2_US_Vanderbilt        0:17:05       1881         88          0          0    0:01:47               0
 0-3 no output    T2_US_Vanderbilt        0:20:53       2013         89          0          0    0:01:47               0
 0-4 no output    T2_US_Vanderbilt        0:19:07       1891         88          0          0    0:01:48               0
 0-5 no output    T2_US_Vanderbilt        0:19:37       2000         90          0          0    0:01:36               0
   1 finished     T2_US_Vanderbilt        4:46:50       1868         93          0          0    0:02:41               0
   2 finished     T2_US_Vanderbilt        4:53:09       1872         90          0          0    0:02:41               0
   3 finished     T2_US_Vanderbilt        4:44:28       1880         93          0          0    0:02:31               0
   4 finished     T2_US_Vanderbilt        4:51:14       1853         90          0          0    0:02:26               0
   5 rescheduled  T2_US_Vanderbilt        1:56:25       1867         92          0          0    0:02:20            8021
   6 finished     T2_US_Vanderbilt        4:59:22       1852         92          0          0    0:02:40               0
   7 finished     T2_US_Vanderbilt        3:00:20       2016         96          0          0    0:02:41               0
 1-1 finished     T2_US_Vanderbilt        2:00:54       1936         91          0          0    0:00:10               0
 1-2 finished     T2_US_Vanderbilt        1:54:54       1988         91          0          0    0:00:09               0
 1-3 finished     T2_US_Vanderbilt        2:02:00       1977         90          0          0    0:00:10               0
 1-4 finished     T2_US_Vanderbilt        0:30:46       2032         84          0          0    0:00:10               0
DEBUG 2024-01-16 10:57:57.916 UTC: 	 
 Job Cluster Id
 0-1 ['90365006.0']
 0-2 ['90365007.0']
 0-3 ['90365008.0']
 0-4 ['90365009.0']
 0-5 ['90365010.0']
   1 ['90368274.0']
   2 ['90368275.0']
   3 ['90368276.0']
   4 ['90368277.0']
   5 ['90368278.0']
   6 ['90368279.0']
   7 ['90368280.0']
 1-1 ['90378640.0']
 1-2 ['90378641.0']
 1-3 ['90378642.0']
 1-4 ['90378643.0']
INFO 2024-01-16 10:57:57.916 UTC: 	 
Warning: the max jobs runtime is less than 30% of the task requested value (1250 min), please consider to request a lower value for failed jobs (allowed through crab resubmit) and/or improve the jobs splitting (e.g. config.Data.splitting = 'Automatic') in a new task.
INFO 2024-01-16 10:57:57.916 UTC: 	 
Summary of run jobs:
 * Memory: 2032MB min, 2032MB max, 1922MB ave
 * Runtime: 0:16:31 min, 4:59:22 max, 3:14:34 ave
 * CPU eff: 84% min, 96% max, 92% ave
 * Waste: 0:18:39 (1% of total)

INFO 2024-01-16 10:57:58.341 UTC: 	 Log file is /eos/home-c/castells/MNConversion/CMSSW_10_6_26/src/hgg_nanoaod_tools/CRAB/MNConversion_crab/crab_MNConversion_HAHMHToAA_AToGG_MA_60GeV_TuneCP5_PSweights_13TeV_madgraph_pythia8_2018/crab.log
DEBUG 2024-01-16 11:17:12.186 UTC: 	 CRAB Client version: v3.231101
DEBUG 2024-01-16 11:17:12.186 UTC: 	 Running on: Linux lxplus772.cern.ch 3.10.0-1160.102.1.el7.x86_64 #1 SMP Tue Oct 17 15:42:21 UTC 2023 x86_64 x86_64 x86_64 GNU/Linux - CentOS Linux 7 (Core)
DEBUG 2024-01-16 11:17:12.186 UTC: 	 Executing command: 'status'
DEBUG 2024-01-16 11:17:12.186 UTC: 	 Found CRAB cache file /afs/cern.ch/user/c/castells/.crab3
DEBUG 2024-01-16 11:17:12.197 UTC: 	 Checking credentials
DEBUG 2024-01-16 11:17:12.197 UTC: 	 Found proxy file /tmp/x509up_u125472
DEBUG 2024-01-16 11:17:12.197 UTC: 	 Making sure it has proper VOMS extension
DEBUG 2024-01-16 11:17:12.197 UTC: 	 Executing command :
 voms-proxy-info --vo --file /tmp/x509up_u125472
DEBUG 2024-01-16 11:17:12.587 UTC: 	 output : cms

 error: 
 retcode : 0
DEBUG 2024-01-16 11:17:12.588 UTC: 	 Getting proxy life time left
DEBUG 2024-01-16 11:17:12.588 UTC: 	 Executing command :
 voms-proxy-info --actimeleft --timeleft --file /tmp/x509up_u125472
DEBUG 2024-01-16 11:17:12.957 UTC: 	 output : 352617
352617

 error: 
 retcode : 0
DEBUG 2024-01-16 11:17:12.957 UTC: 	 Proxy valid for 97:56:57 hours
DEBUG 2024-01-16 11:17:12.958 UTC: 	 Encoded data for curl request: subresource=delegatedn
DEBUG 2024-01-16 11:17:13.006 UTC: 	 Registering user credentials on myproxy for /DC=ch/DC=cern/OU=computers/CN=crab-(preprod|prod|dev)-tw(01|02|03).cern.ch|/DC=ch/DC=cern/OU=computers/CN=stefanov(m|m2).cern.ch|/DC=ch/DC=cern/OU=computers/CN=dciangot-tw.cern.ch
DEBUG 2024-01-16 11:17:13.006 UTC: 	 Executing command :
 voms-proxy-info --identity --file /tmp/x509up_u125472
DEBUG 2024-01-16 11:17:13.378 UTC: 	 output : /DC=ch/DC=cern/OU=Organic Units/OU=Users/CN=castells/CN=840278/CN=Sergi Castells

 error: 
 retcode : 0
DEBUG 2024-01-16 11:17:13.378 UTC: 	 Getting myproxy life time left for 85fedee37a5a447f0da843835c459265aae0d06e
DEBUG 2024-01-16 11:17:13.378 UTC: 	 Executing command :
 myproxy-info -s myproxy.cern.ch -l 85fedee37a5a447f0da843835c459265aae0d06e
DEBUG 2024-01-16 11:17:13.607 UTC: 	 output : username: 85fedee37a5a447f0da843835c459265aae0d06e
owner: /DC=ch/DC=cern/OU=Organic Units/OU=Users/CN=castells/CN=840278/CN=Sergi Castells
  renewal policy: /DC=ch/DC=cern/OU=computers/CN=crab-(preprod|prod|dev)-tw(01|02|03).cern.ch|/DC=ch/DC=cern/OU=computers/CN=stefanov(m|m2).cern.ch|/DC=ch/DC=cern/OU=computers/CN=dciangot-tw.cern.ch
  trusted retrieval policy: /DC=ch/DC=cern/OU=computers/CN=crab-(preprod|prod|dev)-tw(01|02|03).cern.ch|/DC=ch/DC=cern/OU=computers/CN=stefanov(m|m2).cern.ch|/DC=ch/DC=cern/OU=computers/CN=dciangot-tw.cern.ch
  timeleft: 625:55:51  (26.1 days)

 error: 
 retcode : 0
DEBUG 2024-01-16 11:17:13.608 UTC: 	 Myproxy is valid: 2253300
DEBUG 2024-01-16 11:17:13.608 UTC: 	 Result of myproxy credential check:
  Credential exists on myproxy: username: 85fedee37a5a447f0da843835c459265aae0d06e  - validity: 26 days, 1:55:00
DEBUG 2024-01-16 11:17:13.608 UTC: 	 Retrieving username ...
DEBUG 2024-01-16 11:17:13.608 UTC: 	 Retrieving username from CRIC...
DEBUG 2024-01-16 11:17:14.543 UTC: 	 username is castells
INFO 2024-01-16 11:17:14.874 UTC: 	 Rucio client intialized for account castells
DEBUG 2024-01-16 11:17:14.876 UTC: 	 Command use: status
DEBUG 2024-01-16 11:17:14.876 UTC: 	 Options use: ['--long', '--verboseErrors', 'MNConversion_crab/crab_MNConversion_HAHMHToAA_AToGG_MA_60GeV_TuneCP5_PSweights_13TeV_madgraph_pythia8_2018/']
DEBUG 2024-01-16 11:17:14.877 UTC: 	 Encoded data for curl request: subresource=version
DEBUG 2024-01-16 11:17:14.927 UTC: 	 CRABClient version: v3.231101
DEBUG 2024-01-16 11:17:14.928 UTC: 	 Instance is prod
DEBUG 2024-01-16 11:17:14.928 UTC: 	 Server base url is cmsweb.cern.ch
DEBUG 2024-01-16 11:17:14.928 UTC: 	 Command api workflow
DEBUG 2024-01-16 11:17:14.928 UTC: 	 Encoded data for curl request: subresource=search&workflow=240115_131011%3Acastells_crab_MNConversion_HAHMHToAA_AToGG_MA_60GeV_TuneCP5_PSweights_13TeV_madgraph_pythia8_2018
DEBUG 2024-01-16 11:17:14.978 UTC: 	 Got information from server oracle database: {'desc': {'columns': ['tm_taskname', 'tm_activity', 'panda_jobset_id', 'tm_task_status', 'tm_task_command', 'tm_start_time', 'tm_start_injection', 'tm_end_injection', 'tm_task_failure', 'tm_job_sw', 'tm_job_arch', 'tm_input_dataset', 'tm_nonvalid_input_dataset', 'tm_use_parent', 'tm_site_whitelist', 'tm_site_blacklist', 'tm_split_algo', 'tm_split_args', 'tm_user_sandbox', 'tm_cache_url', 'tm_username', 'tm_user_dn', 'tm_user_vo', 'tm_user_role', 'tm_user_group', 'tm_publish_name', 'tm_publish_groupname', 'tm_asyncdest', 'tm_dbs_url', 'tm_publish_dbs_url', 'tm_publication', 'tm_outfiles', 'tm_tfile_outfiles', 'tm_edm_outfiles', 'tm_job_type', 'tm_generator', 'tm_events_per_lumi', 'tm_arguments', 'panda_resubmitted_jobs', 'tm_save_logs', 'tw_name', 'tm_user_infiles', 'tm_maxjobruntime', 'tm_numcores', 'tm_maxmemory', 'tm_priority', 'tm_output_dataset', 'tm_task_warnings', 'tm_user_webdir', 'tm_scriptexe', 'tm_scriptargs', 'tm_extrajdl', 'tm_asourl', 'tm_collector', 'tm_schedd', 'tm_dry_run', 'tm_user_files', 'tm_transfer_outputs', 'tm_output_lfn', 'tm_ignore_locality', 'tm_fail_limit', 'tm_one_event_mode', 'tm_secondary_input_dataset', 'tm_primary_dataset', 'tm_last_publication', 'tm_debug_files', 'clusterid', 'tm_asodb', 'tm_ignore_global_blacklist', 'tm_submitter_ip_addr', 'tm_totalunits', 'tm_ddm_reqid', 'tm_user_config', 'tm_transfer_container', 'tm_transfer_rule', 'tm_publish_rule', 'tm_multipub_rule']}, 'result': ['240115_131011:castells_crab_MNConversion_HAHMHToAA_AToGG_MA_60GeV_TuneCP5_PSweights_13TeV_madgraph_pythia8_2018', 'None', 'None', 'SUBMITTED', 'SUBMIT', '2024-01-15 13:10:11.822273', 'None', '2024-01-15 13:11:04.720164', 'None', 'CMSSW_10_6_26', 'slc7_amd64_gcc700', '/HAHMHToAA_AToGG_MA-60GeV_TuneCP5_PSweights_13TeV-madgraph_pythia8/RunIIAutumn18MiniAOD-102X_upgrade2018_realistic_v15-v2/MINIAODSIM', 'F', '0', '[]', '[]', 'Automatic', "{'halt_job_on_file_boundaries': False, 'splitOnRun': False, 'minutes_per_job': 480, 'runs': [], 'lumis': []}", '965bf632f14808af54fb8ff7f7d843446496500c79209986138b5a9a9001a641.tar.gz', 'https://cmsweb.cern.ch/S3/crabcache_prod', 'castells', '/DC=ch/DC=cern/OU=Organic Units/OU=Users/CN=castells/CN=840278/CN=Sergi Castells', 'cms', 'None', 'None', 'crab_MNConversion_HAHMHToAA_AToGG_MA_60GeV_TuneCP5_PSweights_13TeV_madgraph_pythia8_2018-00000000000000000000000000000000', 'F', 'T3_US_NotreDame', 'https://cmsweb.cern.ch/dbs/prod/global/DBSReader', 'https://cmsweb.cern.ch/dbs/prod/phys03/DBSWriter', 'F', '[]', '[]', "['HAHMHToAA_AToGG_MA_60GeV_TuneCP5_PSweights_13TeV_madgraph_pythia8_2018.root']", 'Analysis', 'pythia', 'None', '{}', 'None', 'T', 'crab-prod-tw01', '[]', '1250', '1', '2500', '30', "['/FakeDataset/fakefile-FakePublish-d1a4b651b49a907f10a0275ec5a885b1/USER']", '[]', 'http://vocms0106.cern.ch/mon/castells/240115_131011:castells_crab_MNConversion_HAHMHToAA_AToGG_MA_60GeV_TuneCP5_PSweights_13TeV_madgraph_pythia8_2018', 'None', '[]', '[]', 'None', 'cmsgwms-collector-global.cern.ch:9620,cmsgwms-collector-global.fnal.gov:9620', 'crab3@vocms0106.cern.ch', 'F', '[]', 'T', '/store/user/castells/outputs/Signal_MC_2018', 'F', 'None', 'F', 'None', 'HAHMHToAA_AToGG_MA-60GeV_TuneCP5_PSweights_13TeV-madgraph_pythia8', 'None', 'ccfeabb73cfb3a113eb5795d956973ae4ca1f478c74551fc9fcf01f55dfc4e91.tar.gz', '90365003', 'None', 'F', '137.138.154.184', '-1.0', 'None', '{"partialdataset": false, "requireaccelerator": false, "acceleratorparams": null, "inputblocks": null}', 'None', 'None', 'None', 'None']}
INFO 2024-01-16 11:17:14.978 UTC: 	 CRAB project directory:		/eos/home-c/castells/MNConversion/CMSSW_10_6_26/src/hgg_nanoaod_tools/CRAB/MNConversion_crab/crab_MNConversion_HAHMHToAA_AToGG_MA_60GeV_TuneCP5_PSweights_13TeV_madgraph_pythia8_2018
INFO 2024-01-16 11:17:14.978 UTC: 	 Task name:			240115_131011:castells_crab_MNConversion_HAHMHToAA_AToGG_MA_60GeV_TuneCP5_PSweights_13TeV_madgraph_pythia8_2018
INFO 2024-01-16 11:17:14.978 UTC: 	 Grid scheduler - Task Worker:	crab3@vocms0106.cern.ch - crab-prod-tw01
INFO 2024-01-16 11:17:14.979 UTC: 	 Status on the CRAB server:	SUBMITTED
INFO 2024-01-16 11:17:14.979 UTC: 	 Task URL to use for HELP:	https://cmsweb.cern.ch/crabserver/ui/task/240115_131011%3Acastells_crab_MNConversion_HAHMHToAA_AToGG_MA_60GeV_TuneCP5_PSweights_13TeV_madgraph_pythia8_2018
INFO 2024-01-16 11:17:14.985 UTC: 	 Dashboard monitoring URL:	https://monit-grafana.cern.ch/d/cmsTMDetail/cms-task-monitoring-task-view?orgId=11&var-user=castells&var-task=240115_131011%3Acastells_crab_MNConversion_HAHMHToAA_AToGG_MA_60GeV_TuneCP5_PSweights_13TeV_madgraph_pythia8_2018&from=1705320611000&to=now
DEBUG 2024-01-16 11:17:14.985 UTC: 	 The CRAB server submitted your task to the Grid scheduler (cluster ID: 90365003)
DEBUG 2024-01-16 11:17:14.985 UTC: 	 Webdir is located at http://vocms0106.cern.ch/mon/castells/240115_131011:castells_crab_MNConversion_HAHMHToAA_AToGG_MA_60GeV_TuneCP5_PSweights_13TeV_madgraph_pythia8_2018
DEBUG 2024-01-16 11:17:14.985 UTC: 	 Encoded data for curl request: subresource=webdirprx&workflow=240115_131011%3Acastells_crab_MNConversion_HAHMHToAA_AToGG_MA_60GeV_TuneCP5_PSweights_13TeV_madgraph_pythia8_2018
DEBUG 2024-01-16 11:17:15.053 UTC: 	 Proxied webdir is located at https://cmsweb.cern.ch:8443/scheddmon/0106/castells/240115_131011:castells_crab_MNConversion_HAHMHToAA_AToGG_MA_60GeV_TuneCP5_PSweights_13TeV_madgraph_pythia8_2018
DEBUG 2024-01-16 11:17:15.054 UTC: 	 Retrieving 'status_cache' file from https://cmsweb.cern.ch:8443/scheddmon/0106/castells/240115_131011:castells_crab_MNConversion_HAHMHToAA_AToGG_MA_60GeV_TuneCP5_PSweights_13TeV_madgraph_pythia8_2018/status_cache.pkl
DEBUG 2024-01-16 11:17:15.054 UTC: 	 Will execute:
curl -sS --capath /etc/grid-security/certificates --cert /tmp/x509up_u125472 --key /tmp/x509up_u125472 -o /tmp/crab_status-cache-_7q0lgaj.pkl -w %"{http_code}" "https://cmsweb.cern.ch:8443/scheddmon/0106/castells/240115_131011:castells_crab_MNConversion_HAHMHToAA_AToGG_MA_60GeV_TuneCP5_PSweights_13TeV_madgraph_pythia8_2018/status_cache.pkl"
DEBUG 2024-01-16 11:17:15.054 UTC: 	 Executing command :
 curl -sS --capath /etc/grid-security/certificates --cert /tmp/x509up_u125472 --key /tmp/x509up_u125472 -o /tmp/crab_status-cache-_7q0lgaj.pkl -w %"{http_code}" "https://cmsweb.cern.ch:8443/scheddmon/0106/castells/240115_131011:castells_crab_MNConversion_HAHMHToAA_AToGG_MA_60GeV_TuneCP5_PSweights_13TeV_madgraph_pythia8_2018/status_cache.pkl"
DEBUG 2024-01-16 11:17:15.100 UTC: 	 output : 200
 error: 
 retcode : 0
DEBUG 2024-01-16 11:17:15.100 UTC: 	 exitcode: 0
stdout: 200
stderr: 
error details: 
DEBUG 2024-01-16 11:17:15.100 UTC: 	 Got information from status cache file: {'0-1': {'Retries': 0, 'Restarts': 0, 'SiteHistory': ['Unknown', 'T2_US_Vanderbilt', 'T2_US_Vanderbilt'], 'ResidentSetSize': [1920352], 'SubmitTimes': [1705324273.0], 'StartTimes': [1705324539.0], 'EndTimes': [1705325530.0], 'TotalUserCpuTimeHistory': [832], 'TotalSysCpuTimeHistory': [29], 'WallDurations': [10.0, 93.15634846687317, 991.0], 'JobIds': ['90365006.0'], 'State': 'finished', 'RecordedSite': True}, '0-2': {'Retries': 0, 'Restarts': 0, 'SiteHistory': ['Unknown', 'T2_US_Vanderbilt', 'T2_US_Vanderbilt'], 'ResidentSetSize': [1926696], 'SubmitTimes': [1705324274.0], 'StartTimes': [1705324534.0], 'EndTimes': [1705325559.0], 'TotalUserCpuTimeHistory': [883], 'TotalSysCpuTimeHistory': [24], 'WallDurations': [9.0, 98.15634846687317, 1025.0], 'JobIds': ['90365007.0'], 'State': 'finished', 'RecordedSite': True}, '0-3': {'Retries': 0, 'Restarts': 0, 'SiteHistory': ['Unknown', 'T2_US_Vanderbilt', 'T2_US_Vanderbilt'], 'ResidentSetSize': [2062256], 'SubmitTimes': [1705324274.0], 'StartTimes': [1705324534.0], 'EndTimes': [1705325787.0], 'TotalUserCpuTimeHistory': [1089], 'TotalSysCpuTimeHistory': [28], 'WallDurations': [9.0, 98.15634846687317, 1253.0], 'JobIds': ['90365008.0'], 'State': 'finished', 'RecordedSite': True}, '0-4': {'Retries': 0, 'Restarts': 0, 'SiteHistory': ['Unknown', 'T2_US_Vanderbilt', 'T2_US_Vanderbilt'], 'ResidentSetSize': [1937356], 'SubmitTimes': [1705324274.0], 'StartTimes': [1705324533.0], 'EndTimes': [1705325680.0], 'TotalUserCpuTimeHistory': [974], 'TotalSysCpuTimeHistory': [32], 'WallDurations': [9.0, 99.15634846687317, 1147.0], 'JobIds': ['90365009.0'], 'State': 'finished', 'RecordedSite': True}, '0-5': {'Retries': 0, 'Restarts': 0, 'SiteHistory': ['Unknown', 'T2_US_Vanderbilt', 'T2_US_Vanderbilt'], 'ResidentSetSize': [2048088], 'SubmitTimes': [1705324274.0], 'StartTimes': [1705324545.0], 'EndTimes': [1705325722.0], 'TotalUserCpuTimeHistory': [1030], 'TotalSysCpuTimeHistory': [28], 'WallDurations': [9.0, 87.15634846687317, 1177.0], 'JobIds': ['90365010.0'], 'State': 'finished', 'RecordedSite': True}, '1': {'Retries': 0, 'Restarts': 0, 'SiteHistory': ['Unknown', 'T2_US_Vanderbilt', 'T2_US_Vanderbilt'], 'ResidentSetSize': [1913012], 'SubmitTimes': [1705326085.0], 'StartTimes': [1705326282.0], 'EndTimes': [1705343492.0], 'TotalUserCpuTimeHistory': [15692], 'TotalSysCpuTimeHistory': [380], 'WallDurations': [10.0, 151.10496258735657, 17210.0], 'JobIds': ['90368274.0'], 'State': 'finished', 'RecordedSite': True}, '2': {'Retries': 0, 'Restarts': 0, 'SiteHistory': ['Unknown', 'T2_US_Vanderbilt', 'T2_US_Vanderbilt'], 'ResidentSetSize': [1917676], 'SubmitTimes': [1705326085.0], 'StartTimes': [1705326282.0], 'EndTimes': [1705343871.0], 'TotalUserCpuTimeHistory': [15407], 'TotalSysCpuTimeHistory': [391], 'WallDurations': [10.0, 151.10496258735657, 17589.0], 'JobIds': ['90368275.0'], 'State': 'finished', 'RecordedSite': True}, '3': {'Retries': 0, 'Restarts': 0, 'SiteHistory': ['Unknown', 'T2_US_Vanderbilt', 'T2_US_Vanderbilt'], 'ResidentSetSize': [1925788], 'SubmitTimes': [1705326086.0], 'StartTimes': [1705326292.0], 'EndTimes': [1705343360.0], 'TotalUserCpuTimeHistory': [15534], 'TotalSysCpuTimeHistory': [380], 'WallDurations': [10.0, 141.10496258735657, 17068.0], 'JobIds': ['90368276.0'], 'State': 'finished', 'RecordedSite': True}, '4': {'Retries': 0, 'Restarts': 0, 'SiteHistory': ['Unknown', 'T2_US_Vanderbilt', 'T2_US_Vanderbilt'], 'ResidentSetSize': [1898268], 'SubmitTimes': [1705326086.0], 'StartTimes': [1705326296.0], 'EndTimes': [1705343770.0], 'TotalUserCpuTimeHistory': [15324], 'TotalSysCpuTimeHistory': [389], 'WallDurations': [9.0, 137.10496258735657, 17474.0], 'JobIds': ['90368277.0'], 'State': 'finished', 'RecordedSite': True}, '5': {'Retries': 0, 'Restarts': 0, 'SiteHistory': ['Unknown', 'T2_US_Vanderbilt', 'T2_US_Vanderbilt'], 'ResidentSetSize': [1912000], 'SubmitTimes': [1705326086.0], 'StartTimes': [1705326302.0], 'EndTimes': [1705333287.0], 'TotalUserCpuTimeHistory': [6270], 'TotalSysCpuTimeHistory': [153], 'WallDurations': [9.0, 131.10496258735657, 6985.0], 'JobIds': ['90368278.0'], 'State': 'failed', 'RecordedSite': True, 'Error': [8021, "Error while running CMSSW:\nFatal Exception\nAn exception of category 'FileReadError' occurred while\n   [0] Rethrowing an exception that happened on a different thread.\n   [1] Reading branch patMETs_slimmedMETs__PAT.\n   Additional Info:\n      [a] Fatal Root Error: @SUB=TBasket::ReadBasketBuffers\nbasket: has fNevBuf=0 but fEntryOffset=0, pos=1485055767, len=5542, fNbytes=0, fObjlen=0, trying to repair\n", {'type': 'Fatal Exception', 'details': "An exception of category 'FileReadError' occurred while\n   [0] Rethrowing an exception that happened on a different thread.\n   [1] Reading branch patMETs_slimmedMETs__PAT.\n   Additional Info:\n      [a] Fatal Root Error: @SUB=TBasket::ReadBasketBuffers\nbasket: has fNevBuf=0 but fEntryOffset=0, pos=1485055767, len=5542, fNbytes=0, fObjlen=0, trying to repair", 'exitCode': 8021}]}, '6': {'Retries': 0, 'Restarts': 0, 'SiteHistory': ['Unknown', 'T2_US_Vanderbilt', 'T2_US_Vanderbilt'], 'ResidentSetSize': [1896524], 'SubmitTimes': [1705326086.0], 'StartTimes': [1705326282.0], 'EndTimes': [1705344244.0], 'TotalUserCpuTimeHistory': [16163], 'TotalSysCpuTimeHistory': [429], 'WallDurations': [9.0, 151.10496258735657, 17962.0], 'JobIds': ['90368279.0'], 'State': 'finished', 'RecordedSite': True}, '7': {'Retries': 0, 'Restarts': 0, 'SiteHistory': ['Unknown', 'T2_US_Vanderbilt', 'T2_US_Vanderbilt'], 'ResidentSetSize': [2064416], 'SubmitTimes': [1705326086.0], 'StartTimes': [1705326281.0], 'EndTimes': [1705337101.0], 'TotalUserCpuTimeHistory': [10106], 'TotalSysCpuTimeHistory': [240], 'WallDurations': [9.0, 152.10496258735657, 10820.0], 'JobIds': ['90368280.0'], 'State': 'finished', 'RecordedSite': True}, '1-1': {'Retries': 0, 'Restarts': 0, 'SiteHistory': ['T2_US_Vanderbilt', 'T2_US_Vanderbilt'], 'ResidentSetSize': [1983440], 'SubmitTimes': [1705346307.0], 'StartTimes': [1705346539.0], 'EndTimes': [1705353793.0], 'TotalUserCpuTimeHistory': [6425], 'TotalSysCpuTimeHistory': [182], 'WallDurations': [10.0, 7254.0], 'JobIds': ['90378640.0'], 'State': 'finished', 'RecordedSite': True}, '1-2': {'Retries': 0, 'Restarts': 0, 'SiteHistory': ['T2_US_Vanderbilt', 'T2_US_Vanderbilt'], 'ResidentSetSize': [2036204], 'SubmitTimes': [1705346307.0], 'StartTimes': [1705346538.0], 'EndTimes': [1705353432.0], 'TotalUserCpuTimeHistory': [6131], 'TotalSysCpuTimeHistory': [160], 'WallDurations': [9.0, 6894.0], 'JobIds': ['90378641.0'], 'State': 'finished', 'RecordedSite': True}, '1-3': {'Retries': 0, 'Restarts': 0, 'SiteHistory': ['T2_US_Vanderbilt', 'T2_US_Vanderbilt'], 'ResidentSetSize': [2025340], 'SubmitTimes': [1705346308.0], 'StartTimes': [1705346542.0], 'EndTimes': [1705353862.0], 'TotalUserCpuTimeHistory': [6388], 'TotalSysCpuTimeHistory': [207], 'WallDurations': [10.0, 7320.0], 'JobIds': ['90378642.0'], 'State': 'finished', 'RecordedSite': True}, '1-4': {'Retries': 0, 'Restarts': 0, 'SiteHistory': ['T2_US_Vanderbilt', 'T2_US_Vanderbilt'], 'ResidentSetSize': [2080836], 'SubmitTimes': [1705346308.0], 'StartTimes': [1705346542.0], 'EndTimes': [1705348388.0], 'TotalUserCpuTimeHistory': [1499], 'TotalSysCpuTimeHistory': [45], 'WallDurations': [10.0, 1846.0], 'JobIds': ['90378643.0'], 'State': 'finished', 'RecordedSite': True}}
INFO 2024-01-16 11:17:15.100 UTC: 	 Status on the scheduler:	COMPLETED
INFO 2024-01-16 11:17:15.101 UTC: 	 
The job splitting of this task is 'Automatic', please refer to this FAQ for a description of the jobs status summary:
https://twiki.cern.ch/twiki/bin/view/CMSPublic/CRAB3FAQ#What_is_the_Automatic_splitting
INFO 2024-01-16 11:17:15.101 UTC: 	 More details of Automatic Splitting process for this task (including possible failures) are in the Dagman Log files in:
https://cmsweb.cern.ch:8443/scheddmon/0106/castells/240115_131011:castells_crab_MNConversion_HAHMHToAA_AToGG_MA_60GeV_TuneCP5_PSweights_13TeV_madgraph_pythia8_2018/AutomaticSplitting/
INFO 2024-01-16 11:17:15.101 UTC: 	 
Probe jobs status:              no output    		100.0% (5/5)
INFO 2024-01-16 11:17:15.101 UTC: 	 
Main jobs status:               finished     		 85.7% (6/7)
INFO 2024-01-16 11:17:15.102 UTC: 	 				rescheduled as tail jobs		 14.3% (1/7)
INFO 2024-01-16 11:17:15.102 UTC: 	 
Tail jobs status:               finished     		100.0% (4/4)
INFO 2024-01-16 11:17:15.102 UTC: 	 
No publication information (publication has been disabled in the CRAB configuration file)
INFO 2024-01-16 11:17:15.102 UTC: 	 
Error Summary:

 1 jobs failed with exit code 8021:

	 1 jobs failed with following error message: (for example, job 5)

		Error while running CMSSW:
		Fatal Exception
		An exception of category 'FileReadError' occurred while
		   [0] Rethrowing an exception that happened on a different thread.
		   [1] Reading branch patMETs_slimmedMETs__PAT.
		   Additional Info:
		      [a] Fatal Root Error: @SUB=TBasket::ReadBasketBuffers
		basket: has fNevBuf=0 but fEntryOffset=0, pos=1485055767, len=5542, fNbytes=0, fObjlen=0, trying to repair

Have a look at https://twiki.cern.ch/twiki/bin/viewauth/CMSPublic/JobExitCodes for a description of the exit codes.
INFO 2024-01-16 11:17:15.102 UTC: 	 
Extended Job Status Table:

 Job State        Most Recent Site        Runtime   Mem (MB)      CPU %    Retries   Restarts      Waste       Exit Code
 0-1 no output    T2_US_Vanderbilt        0:16:31       1875         87          0          0    0:01:43               0
 0-2 no output    T2_US_Vanderbilt        0:17:05       1881         88          0          0    0:01:47               0
 0-3 no output    T2_US_Vanderbilt        0:20:53       2013         89          0          0    0:01:47               0
 0-4 no output    T2_US_Vanderbilt        0:19:07       1891         88          0          0    0:01:48               0
 0-5 no output    T2_US_Vanderbilt        0:19:37       2000         90          0          0    0:01:36               0
   1 finished     T2_US_Vanderbilt        4:46:50       1868         93          0          0    0:02:41               0
   2 finished     T2_US_Vanderbilt        4:53:09       1872         90          0          0    0:02:41               0
   3 finished     T2_US_Vanderbilt        4:44:28       1880         93          0          0    0:02:31               0
   4 finished     T2_US_Vanderbilt        4:51:14       1853         90          0          0    0:02:26               0
   5 rescheduled  T2_US_Vanderbilt        1:56:25       1867         92          0          0    0:02:20            8021
   6 finished     T2_US_Vanderbilt        4:59:22       1852         92          0          0    0:02:40               0
   7 finished     T2_US_Vanderbilt        3:00:20       2016         96          0          0    0:02:41               0
 1-1 finished     T2_US_Vanderbilt        2:00:54       1936         91          0          0    0:00:10               0
 1-2 finished     T2_US_Vanderbilt        1:54:54       1988         91          0          0    0:00:09               0
 1-3 finished     T2_US_Vanderbilt        2:02:00       1977         90          0          0    0:00:10               0
 1-4 finished     T2_US_Vanderbilt        0:30:46       2032         84          0          0    0:00:10               0
DEBUG 2024-01-16 11:17:15.103 UTC: 	 
 Job Cluster Id
 0-1 ['90365006.0']
 0-2 ['90365007.0']
 0-3 ['90365008.0']
 0-4 ['90365009.0']
 0-5 ['90365010.0']
   1 ['90368274.0']
   2 ['90368275.0']
   3 ['90368276.0']
   4 ['90368277.0']
   5 ['90368278.0']
   6 ['90368279.0']
   7 ['90368280.0']
 1-1 ['90378640.0']
 1-2 ['90378641.0']
 1-3 ['90378642.0']
 1-4 ['90378643.0']
INFO 2024-01-16 11:17:15.103 UTC: 	 
Warning: the max jobs runtime is less than 30% of the task requested value (1250 min), please consider to request a lower value for failed jobs (allowed through crab resubmit) and/or improve the jobs splitting (e.g. config.Data.splitting = 'Automatic') in a new task.
INFO 2024-01-16 11:17:15.103 UTC: 	 
Summary of run jobs:
 * Memory: 2032MB min, 2032MB max, 1922MB ave
 * Runtime: 0:16:31 min, 4:59:22 max, 3:14:34 ave
 * CPU eff: 84% min, 96% max, 92% ave
 * Waste: 0:18:39 (1% of total)

INFO 2024-01-16 11:17:15.113 UTC: 	 Log file is /eos/home-c/castells/MNConversion/CMSSW_10_6_26/src/hgg_nanoaod_tools/CRAB/MNConversion_crab/crab_MNConversion_HAHMHToAA_AToGG_MA_60GeV_TuneCP5_PSweights_13TeV_madgraph_pythia8_2018/crab.log
